0 verbose cli C:\Program Files\nodejs\node.exe C:\Program Files\nodejs\node_modules\npm\bin\npm-cli.js
1 info using npm@11.9.0
2 info using node@v24.14.0
3 silly config load:file:C:\Program Files\nodejs\node_modules\npm\npmrc
4 silly config load:file:C:\Users\badho\Downloads\connect.sohub.com.bd\connect.sohub.com.bd\.npmrc
5 silly config load:file:C:\Users\badho\.npmrc
6 silly config load:file:C:\Users\badho\AppData\Roaming\npm\etc\npmrc
7 verbose title npm install
8 verbose argv "install"
9 verbose logfile logs-max:10 dir:C:\Users\badho\Downloads\connect.sohub.com.bd\connect.sohub.com.bd\.npm-cache\_logs\2026-03-12T06_40_20_698Z-
10 verbose logfile C:\Users\badho\Downloads\connect.sohub.com.bd\connect.sohub.com.bd\.npm-cache\_logs\2026-03-12T06_40_20_698Z-debug-0.log
11 silly logfile done cleaning log files
12 silly packumentCache heap:2348810240 maxSize:587202560 maxEntrySize:293601280
13 http fetch GET https://registry.npmjs.org/npm attempt 1 failed with EACCES
14 verbose shrinkwrap failed to load node_modules/.package-lock.json out of date, updated: node_modules
15 silly idealTree buildDeps
16 silly reify mark retired [
16 silly reify   'C:\\Users\\badho\\Downloads\\connect.sohub.com.bd\\connect.sohub.com.bd\\node_modules\\autoprefixer'
16 silly reify ]
17 silly reify mark retired [
17 silly reify   'C:\\Users\\badho\\Downloads\\connect.sohub.com.bd\\connect.sohub.com.bd\\node_modules\\baseline-browser-mapping'
17 silly reify ]
18 silly reify mark retired [
18 silly reify   'C:\\Users\\badho\\Downloads\\connect.sohub.com.bd\\connect.sohub.com.bd\\node_modules\\browserslist'
18 silly reify ]
19 silly reify mark retired [
19 silly reify   'C:\\Users\\badho\\Downloads\\connect.sohub.com.bd\\connect.sohub.com.bd\\node_modules\\cssesc'
19 silly reify ]
20 silly reify mark retired [
20 silly reify   'C:\\Users\\badho\\Downloads\\connect.sohub.com.bd\\connect.sohub.com.bd\\node_modules\\esbuild'
20 silly reify ]
21 silly reify mark retired [
21 silly reify   'C:\\Users\\badho\\Downloads\\connect.sohub.com.bd\\connect.sohub.com.bd\\node_modules\\jiti'
21 silly reify ]
22 silly reify mark retired [
22 silly reify   'C:\\Users\\badho\\Downloads\\connect.sohub.com.bd\\connect.sohub.com.bd\\node_modules\\jsesc'
22 silly reify ]
23 silly reify mark retired [
23 silly reify   'C:\\Users\\badho\\Downloads\\connect.sohub.com.bd\\connect.sohub.com.bd\\node_modules\\json5'
23 silly reify ]
24 silly reify mark retired [
24 silly reify   'C:\\Users\\badho\\Downloads\\connect.sohub.com.bd\\connect.sohub.com.bd\\node_modules\\lightningcss-win32-x64-msvc'
24 silly reify ]
25 silly reify mark retired [
25 silly reify   'C:\\Users\\badho\\Downloads\\connect.sohub.com.bd\\connect.sohub.com.bd\\node_modules\\loose-envify'
25 silly reify ]
26 silly reify mark retired [
26 silly reify   'C:\\Users\\badho\\Downloads\\connect.sohub.com.bd\\connect.sohub.com.bd\\node_modules\\mime'
26 silly reify ]
27 silly reify mark retired [
27 silly reify   'C:\\Users\\badho\\Downloads\\connect.sohub.com.bd\\connect.sohub.com.bd\\node_modules\\nanoid'
27 silly reify ]
28 silly reify mark retired [
28 silly reify   'C:\\Users\\badho\\Downloads\\connect.sohub.com.bd\\connect.sohub.com.bd\\node_modules\\node-gyp-build'
28 silly reify ]
29 silly reify mark retired [
29 silly reify   'C:\\Users\\badho\\Downloads\\connect.sohub.com.bd\\connect.sohub.com.bd\\node_modules\\prettier'
29 silly reify ]
30 silly reify mark retired [
30 silly reify   'C:\\Users\\badho\\Downloads\\connect.sohub.com.bd\\connect.sohub.com.bd\\node_modules\\react-router-hono-server'
30 silly reify ]
31 silly reify mark retired [
31 silly reify   'C:\\Users\\badho\\Downloads\\connect.sohub.com.bd\\connect.sohub.com.bd\\node_modules\\resolve'
31 silly reify ]
32 silly reify mark retired [
32 silly reify   'C:\\Users\\badho\\Downloads\\connect.sohub.com.bd\\connect.sohub.com.bd\\node_modules\\rollup'
32 silly reify ]
33 silly reify mark retired [
33 silly reify   'C:\\Users\\badho\\Downloads\\connect.sohub.com.bd\\connect.sohub.com.bd\\node_modules\\semver'
33 silly reify ]
34 silly reify mark retired [
34 silly reify   'C:\\Users\\badho\\Downloads\\connect.sohub.com.bd\\connect.sohub.com.bd\\node_modules\\sucrase'
34 silly reify ]
35 silly reify mark retired [
35 silly reify   'C:\\Users\\badho\\Downloads\\connect.sohub.com.bd\\connect.sohub.com.bd\\node_modules\\tailwindcss'
35 silly reify ]
36 silly reify mark retired [
36 silly reify   'C:\\Users\\badho\\Downloads\\connect.sohub.com.bd\\connect.sohub.com.bd\\node_modules\\tldts'
36 silly reify ]
37 silly reify mark retired [
37 silly reify   'C:\\Users\\badho\\Downloads\\connect.sohub.com.bd\\connect.sohub.com.bd\\node_modules\\tsconfck'
37 silly reify ]
38 silly reify mark retired [
38 silly reify   'C:\\Users\\badho\\Downloads\\connect.sohub.com.bd\\connect.sohub.com.bd\\node_modules\\typescript'
38 silly reify ]
39 silly reify mark retired [
39 silly reify   'C:\\Users\\badho\\Downloads\\connect.sohub.com.bd\\connect.sohub.com.bd\\node_modules\\update-browserslist-db'
39 silly reify ]
40 silly reify mark retired [
40 silly reify   'C:\\Users\\badho\\Downloads\\connect.sohub.com.bd\\connect.sohub.com.bd\\node_modules\\vite'
40 silly reify ]
41 silly reify mark retired [
41 silly reify   'C:\\Users\\badho\\Downloads\\connect.sohub.com.bd\\connect.sohub.com.bd\\node_modules\\vite-node'
41 silly reify ]
42 silly reify mark retired [
42 silly reify   'C:\\Users\\badho\\Downloads\\connect.sohub.com.bd\\connect.sohub.com.bd\\node_modules\\vitest'
42 silly reify ]
43 silly reify mark retired [
43 silly reify   'C:\\Users\\badho\\Downloads\\connect.sohub.com.bd\\connect.sohub.com.bd\\node_modules\\why-is-node-running'
43 silly reify ]
44 silly reify mark retired [
44 silly reify   'C:\\Users\\badho\\Downloads\\connect.sohub.com.bd\\connect.sohub.com.bd\\node_modules\\@babel\\parser'
44 silly reify ]
45 silly reify mark retired [
45 silly reify   'C:\\Users\\badho\\Downloads\\connect.sohub.com.bd\\connect.sohub.com.bd\\node_modules\\@esbuild\\win32-x64'
45 silly reify ]
46 silly reify mark retired [
46 silly reify   'C:\\Users\\badho\\Downloads\\connect.sohub.com.bd\\connect.sohub.com.bd\\node_modules\\@napi-rs\\canvas-win32-x64-msvc'
46 silly reify ]
47 silly reify mark retired [
47 silly reify   'C:\\Users\\badho\\Downloads\\connect.sohub.com.bd\\connect.sohub.com.bd\\node_modules\\@react-router\\dev'
47 silly reify ]
48 silly reify mark retired [
48 silly reify   'C:\\Users\\badho\\Downloads\\connect.sohub.com.bd\\connect.sohub.com.bd\\node_modules\\@react-router\\serve'
48 silly reify ]
49 silly reify mark retired [
49 silly reify   'C:\\Users\\badho\\Downloads\\connect.sohub.com.bd\\connect.sohub.com.bd\\node_modules\\@rollup\\rollup-win32-x64-gnu'
49 silly reify ]
50 silly reify mark retired [
50 silly reify   'C:\\Users\\badho\\Downloads\\connect.sohub.com.bd\\connect.sohub.com.bd\\node_modules\\@rollup\\rollup-win32-x64-msvc'
50 silly reify ]
51 silly reify mark retired [
51 silly reify   'C:\\Users\\badho\\Downloads\\connect.sohub.com.bd\\connect.sohub.com.bd\\node_modules\\@tailwindcss\\oxide-win32-x64-msvc'
51 silly reify ]
52 silly reify moves {
52 silly reify   'C:\\Users\\badho\\Downloads\\connect.sohub.com.bd\\connect.sohub.com.bd\\node_modules\\autoprefixer': 'C:\\Users\\badho\\Downloads\\connect.sohub.com.bd\\connect.sohub.com.bd\\node_modules\\.autoprefixer-ut9bO7Hu',
52 silly reify   'C:\\Users\\badho\\Downloads\\connect.sohub.com.bd\\connect.sohub.com.bd\\node_modules\\baseline-browser-mapping': 'C:\\Users\\badho\\Downloads\\connect.sohub.com.bd\\connect.sohub.com.bd\\node_modules\\.baseline-browser-mapping-k1SOcA5K',
52 silly reify   'C:\\Users\\badho\\Downloads\\connect.sohub.com.bd\\connect.sohub.com.bd\\node_modules\\browserslist': 'C:\\Users\\badho\\Downloads\\connect.sohub.com.bd\\connect.sohub.com.bd\\node_modules\\.browserslist-Oe2Sffgk',
52 silly reify   'C:\\Users\\badho\\Downloads\\connect.sohub.com.bd\\connect.sohub.com.bd\\node_modules\\cssesc': 'C:\\Users\\badho\\Downloads\\connect.sohub.com.bd\\connect.sohub.com.bd\\node_modules\\.cssesc-uKrF7rwl',
52 silly reify   'C:\\Users\\badho\\Downloads\\connect.sohub.com.bd\\connect.sohub.com.bd\\node_modules\\esbuild': 'C:\\Users\\badho\\Downloads\\connect.sohub.com.bd\\connect.sohub.com.bd\\node_modules\\.esbuild-25HrSGal',
52 silly reify   'C:\\Users\\badho\\Downloads\\connect.sohub.com.bd\\connect.sohub.com.bd\\node_modules\\jiti': 'C:\\Users\\badho\\Downloads\\connect.sohub.com.bd\\connect.sohub.com.bd\\node_modules\\.jiti-4yMtMYJP',
52 silly reify   'C:\\Users\\badho\\Downloads\\connect.sohub.com.bd\\connect.sohub.com.bd\\node_modules\\jsesc': 'C:\\Users\\badho\\Downloads\\connect.sohub.com.bd\\connect.sohub.com.bd\\node_modules\\.jsesc-E6jTCiTs',
52 silly reify   'C:\\Users\\badho\\Downloads\\connect.sohub.com.bd\\connect.sohub.com.bd\\node_modules\\json5': 'C:\\Users\\badho\\Downloads\\connect.sohub.com.bd\\connect.sohub.com.bd\\node_modules\\.json5-U3mJhtDU',
52 silly reify   'C:\\Users\\badho\\Downloads\\connect.sohub.com.bd\\connect.sohub.com.bd\\node_modules\\lightningcss-win32-x64-msvc': 'C:\\Users\\badho\\Downloads\\connect.sohub.com.bd\\connect.sohub.com.bd\\node_modules\\.lightningcss-win32-x64-msvc-IDwh6EHz',
52 silly reify   'C:\\Users\\badho\\Downloads\\connect.sohub.com.bd\\connect.sohub.com.bd\\node_modules\\loose-envify': 'C:\\Users\\badho\\Downloads\\connect.sohub.com.bd\\connect.sohub.com.bd\\node_modules\\.loose-envify-RcCEoPnB',
52 silly reify   'C:\\Users\\badho\\Downloads\\connect.sohub.com.bd\\connect.sohub.com.bd\\node_modules\\mime': 'C:\\Users\\badho\\Downloads\\connect.sohub.com.bd\\connect.sohub.com.bd\\node_modules\\.mime-TP8bkbSb',
52 silly reify   'C:\\Users\\badho\\Downloads\\connect.sohub.com.bd\\connect.sohub.com.bd\\node_modules\\nanoid': 'C:\\Users\\badho\\Downloads\\connect.sohub.com.bd\\connect.sohub.com.bd\\node_modules\\.nanoid-NyPA4GPz',
52 silly reify   'C:\\Users\\badho\\Downloads\\connect.sohub.com.bd\\connect.sohub.com.bd\\node_modules\\node-gyp-build': 'C:\\Users\\badho\\Downloads\\connect.sohub.com.bd\\connect.sohub.com.bd\\node_modules\\.node-gyp-build-VR1U6HVr',
52 silly reify   'C:\\Users\\badho\\Downloads\\connect.sohub.com.bd\\connect.sohub.com.bd\\node_modules\\prettier': 'C:\\Users\\badho\\Downloads\\connect.sohub.com.bd\\connect.sohub.com.bd\\node_modules\\.prettier-lV2dZj8N',
52 silly reify   'C:\\Users\\badho\\Downloads\\connect.sohub.com.bd\\connect.sohub.com.bd\\node_modules\\react-router-hono-server': 'C:\\Users\\badho\\Downloads\\connect.sohub.com.bd\\connect.sohub.com.bd\\node_modules\\.react-router-hono-server-WvZWnTjy',
52 silly reify   'C:\\Users\\badho\\Downloads\\connect.sohub.com.bd\\connect.sohub.com.bd\\node_modules\\resolve': 'C:\\Users\\badho\\Downloads\\connect.sohub.com.bd\\connect.sohub.com.bd\\node_modules\\.resolve-1SRONoFG',
52 silly reify   'C:\\Users\\badho\\Downloads\\connect.sohub.com.bd\\connect.sohub.com.bd\\node_modules\\rollup': 'C:\\Users\\badho\\Downloads\\connect.sohub.com.bd\\connect.sohub.com.bd\\node_modules\\.rollup-qpFdmJGu',
52 silly reify   'C:\\Users\\badho\\Downloads\\connect.sohub.com.bd\\connect.sohub.com.bd\\node_modules\\semver': 'C:\\Users\\badho\\Downloads\\connect.sohub.com.bd\\connect.sohub.com.bd\\node_modules\\.semver-sqGSJXaF',
52 silly reify   'C:\\Users\\badho\\Downloads\\connect.sohub.com.bd\\connect.sohub.com.bd\\node_modules\\sucrase': 'C:\\Users\\badho\\Downloads\\connect.sohub.com.bd\\connect.sohub.com.bd\\node_modules\\.sucrase-oWyeHwf8',
52 silly reify   'C:\\Users\\badho\\Downloads\\connect.sohub.com.bd\\connect.sohub.com.bd\\node_modules\\tailwindcss': 'C:\\Users\\badho\\Downloads\\connect.sohub.com.bd\\connect.sohub.com.bd\\node_modules\\.tailwindcss-MlCHZ1Zy',
52 silly reify   'C:\\Users\\badho\\Downloads\\connect.sohub.com.bd\\connect.sohub.com.bd\\node_modules\\tldts': 'C:\\Users\\badho\\Downloads\\connect.sohub.com.bd\\connect.sohub.com.bd\\node_modules\\.tldts-lH1mWbJT',
52 silly reify   'C:\\Users\\badho\\Downloads\\connect.sohub.com.bd\\connect.sohub.com.bd\\node_modules\\tsconfck': 'C:\\Users\\badho\\Downloads\\connect.sohub.com.bd\\connect.sohub.com.bd\\node_modules\\.tsconfck-hxJE9dz3',
52 silly reify   'C:\\Users\\badho\\Downloads\\connect.sohub.com.bd\\connect.sohub.com.bd\\node_modules\\typescript': 'C:\\Users\\badho\\Downloads\\connect.sohub.com.bd\\connect.sohub.com.bd\\node_modules\\.typescript-28FBgJXq',
52 silly reify   'C:\\Users\\badho\\Downloads\\connect.sohub.com.bd\\connect.sohub.com.bd\\node_modules\\update-browserslist-db': 'C:\\Users\\badho\\Downloads\\connect.sohub.com.bd\\connect.sohub.com.bd\\node_modules\\.update-browserslist-db-sHcpJvb3',
52 silly reify   'C:\\Users\\badho\\Downloads\\connect.sohub.com.bd\\connect.sohub.com.bd\\node_modules\\vite': 'C:\\Users\\badho\\Downloads\\connect.sohub.com.bd\\connect.sohub.com.bd\\node_modules\\.vite-Mf0N4E9b',
52 silly reify   'C:\\Users\\badho\\Downloads\\connect.sohub.com.bd\\connect.sohub.com.bd\\node_modules\\vite-node': 'C:\\Users\\badho\\Downloads\\connect.sohub.com.bd\\connect.sohub.com.bd\\node_modules\\.vite-node-oVb4L4B1',
52 silly reify   'C:\\Users\\badho\\Downloads\\connect.sohub.com.bd\\connect.sohub.com.bd\\node_modules\\vitest': 'C:\\Users\\badho\\Downloads\\connect.sohub.com.bd\\connect.sohub.com.bd\\node_modules\\.vitest-6ydUaibR',
52 silly reify   'C:\\Users\\badho\\Downloads\\connect.sohub.com.bd\\connect.sohub.com.bd\\node_modules\\why-is-node-running': 'C:\\Users\\badho\\Downloads\\connect.sohub.com.bd\\connect.sohub.com.bd\\node_modules\\.why-is-node-running-xbUnDsKL',
52 silly reify   'C:\\Users\\badho\\Downloads\\connect.sohub.com.bd\\connect.sohub.com.bd\\node_modules\\@babel\\parser': 'C:\\Users\\badho\\Downloads\\connect.sohub.com.bd\\connect.sohub.com.bd\\node_modules\\@babel\\.parser-ni4rTtmS',
52 silly reify   'C:\\Users\\badho\\Downloads\\connect.sohub.com.bd\\connect.sohub.com.bd\\node_modules\\@esbuild\\win32-x64': 'C:\\Users\\badho\\Downloads\\connect.sohub.com.bd\\connect.sohub.com.bd\\node_modules\\@esbuild\\.win32-x64-cVgLInvE',
52 silly reify   'C:\\Users\\badho\\Downloads\\connect.sohub.com.bd\\connect.sohub.com.bd\\node_modules\\@napi-rs\\canvas-win32-x64-msvc': 'C:\\Users\\badho\\Downloads\\connect.sohub.com.bd\\connect.sohub.com.bd\\node_modules\\@napi-rs\\.canvas-win32-x64-msvc-qZTXaC53',
52 silly reify   'C:\\Users\\badho\\Downloads\\connect.sohub.com.bd\\connect.sohub.com.bd\\node_modules\\@react-router\\dev': 'C:\\Users\\badho\\Downloads\\connect.sohub.com.bd\\connect.sohub.com.bd\\node_modules\\@react-router\\.dev-S4Ys1CQ1',
52 silly reify   'C:\\Users\\badho\\Downloads\\connect.sohub.com.bd\\connect.sohub.com.bd\\node_modules\\@react-router\\serve': 'C:\\Users\\badho\\Downloads\\connect.sohub.com.bd\\connect.sohub.com.bd\\node_modules\\@react-router\\.serve-gxRL6mdK',
52 silly reify   'C:\\Users\\badho\\Downloads\\connect.sohub.com.bd\\connect.sohub.com.bd\\node_modules\\@rollup\\rollup-win32-x64-gnu': 'C:\\Users\\badho\\Downloads\\connect.sohub.com.bd\\connect.sohub.com.bd\\node_modules\\@rollup\\.rollup-win32-x64-gnu-b5sKsXK6',
52 silly reify   'C:\\Users\\badho\\Downloads\\connect.sohub.com.bd\\connect.sohub.com.bd\\node_modules\\@rollup\\rollup-win32-x64-msvc': 'C:\\Users\\badho\\Downloads\\connect.sohub.com.bd\\connect.sohub.com.bd\\node_modules\\@rollup\\.rollup-win32-x64-msvc-YeltvjqY',
52 silly reify   'C:\\Users\\badho\\Downloads\\connect.sohub.com.bd\\connect.sohub.com.bd\\node_modules\\@tailwindcss\\oxide-win32-x64-msvc': 'C:\\Users\\badho\\Downloads\\connect.sohub.com.bd\\connect.sohub.com.bd\\node_modules\\@tailwindcss\\.oxide-win32-x64-msvc-2pXrMAkX'
52 silly reify }
53 silly audit bulk request {
53 silly audit   '@adobe/css-tools': [ '4.4.4' ],
53 silly audit   '@alloc/quick-lru': [ '5.2.0' ],
53 silly audit   '@asamuzakjp/css-color': [ '3.2.0' ],
53 silly audit   'lru-cache': [ '10.4.3', '5.1.1' ],
53 silly audit   '@auth/core': [ '0.37.4' ],
53 silly audit   '@babel/code-frame': [ '7.29.0' ],
53 silly audit   '@babel/compat-data': [ '7.29.0' ],
53 silly audit   '@babel/core': [ '7.29.0' ],
53 silly audit   '@babel/generator': [ '7.29.0' ],
53 silly audit   '@babel/helper-annotate-as-pure': [ '7.27.3' ],
53 silly audit   '@babel/helper-compilation-targets': [ '7.28.6' ],
53 silly audit   '@babel/helper-create-class-features-plugin': [ '7.28.6' ],
53 silly audit   '@babel/helper-globals': [ '7.28.0' ],
53 silly audit   '@babel/helper-member-expression-to-functions': [ '7.28.5' ],
53 silly audit   '@babel/helper-module-imports': [ '7.28.6' ],
53 silly audit   '@babel/helper-module-transforms': [ '7.28.6' ],
53 silly audit   '@babel/helper-optimise-call-expression': [ '7.27.1' ],
53 silly audit   '@babel/helper-plugin-utils': [ '7.28.6' ],
53 silly audit   '@babel/helper-replace-supers': [ '7.28.6' ],
53 silly audit   '@babel/helper-skip-transparent-expression-wrappers': [ '7.27.1' ],
53 silly audit   '@babel/helper-string-parser': [ '7.27.1' ],
53 silly audit   '@babel/helper-validator-identifier': [ '7.28.5' ],
53 silly audit   '@babel/helper-validator-option': [ '7.27.1' ],
53 silly audit   '@babel/helpers': [ '7.28.6' ],
53 silly audit   '@babel/parser': [ '7.29.0' ],
53 silly audit   '@babel/plugin-syntax-jsx': [ '7.28.6' ],
53 silly audit   '@babel/plugin-syntax-typescript': [ '7.28.6' ],
53 silly audit   '@babel/plugin-transform-modules-commonjs': [ '7.28.6' ],
53 silly audit   '@babel/plugin-transform-react-display-name': [ '7.28.0' ],
53 silly audit   '@babel/plugin-transform-react-jsx': [ '7.28.6' ],
53 silly audit   '@babel/plugin-transform-react-jsx-development': [ '7.27.1' ],
53 silly audit   '@babel/plugin-transform-react-pure-annotations': [ '7.27.1' ],
53 silly audit   '@babel/plugin-transform-typescript': [ '7.28.6' ],
53 silly audit   '@babel/preset-react': [ '7.28.5' ],
53 silly audit   '@babel/preset-typescript': [ '7.28.5' ],
53 silly audit   '@babel/runtime': [ '7.28.6' ],
53 silly audit   '@babel/template': [ '7.28.6' ],
53 silly audit   '@babel/traverse': [ '7.29.0' ],
53 silly audit   '@babel/types': [ '7.29.0' ],
53 silly audit   '@chakra-ui/accordion': [ '2.3.1' ],
53 silly audit   '@chakra-ui/alert': [ '2.2.2' ],
53 silly audit   '@chakra-ui/anatomy': [ '2.2.2' ],
53 silly audit   '@chakra-ui/avatar': [ '2.3.0' ],
53 silly audit   '@chakra-ui/breadcrumb': [ '2.2.0' ],
53 silly audit   '@chakra-ui/breakpoint-utils': [ '2.0.8' ],
53 silly audit   '@chakra-ui/button': [ '2.1.0' ],
53 silly audit   '@chakra-ui/card': [ '2.2.0' ],
53 silly audit   '@chakra-ui/checkbox': [ '2.3.2' ],
53 silly audit   '@chakra-ui/clickable': [ '2.1.0' ],
53 silly audit   '@chakra-ui/close-button': [ '2.1.1' ],
53 silly audit   '@chakra-ui/color-mode': [ '2.2.0' ],
53 silly audit   '@chakra-ui/control-box': [ '2.1.0' ],
53 silly audit   '@chakra-ui/counter': [ '2.1.0' ],
53 silly audit   '@chakra-ui/css-reset': [ '2.3.0' ],
53 silly audit   '@chakra-ui/descendant': [ '3.1.0' ],
53 silly audit   '@chakra-ui/dom-utils': [ '2.1.0' ],
53 silly audit   '@chakra-ui/editable': [ '3.1.0' ],
53 silly audit   '@chakra-ui/event-utils': [ '2.0.8' ],
53 silly audit   '@chakra-ui/focus-lock': [ '2.1.0' ],
53 silly audit   '@chakra-ui/form-control': [ '2.2.0' ],
53 silly audit   '@chakra-ui/hooks': [ '2.2.1' ],
53 silly audit   '@chakra-ui/icon': [ '3.2.0' ],
53 silly audit   '@chakra-ui/image': [ '2.1.0' ],
53 silly audit   '@chakra-ui/input': [ '2.1.2' ],
53 silly audit   '@chakra-ui/layout': [ '2.3.1' ],
53 silly audit   '@chakra-ui/lazy-utils': [ '2.0.5' ],
53 silly audit   '@chakra-ui/live-region': [ '2.1.0' ],
53 silly audit   '@chakra-ui/media-query': [ '3.3.0' ],
53 silly audit   '@chakra-ui/menu': [ '2.2.1' ],
53 silly audit   '@chakra-ui/modal': [ '2.3.1' ],
53 silly audit   '@chakra-ui/number-input': [ '2.1.2' ],
53 silly audit   '@chakra-ui/number-utils': [ '2.0.7' ],
53 silly audit   '@chakra-ui/object-utils': [ '2.1.0' ],
53 silly audit   '@chakra-ui/pin-input': [ '2.1.0' ],
53 silly audit   '@chakra-ui/popover': [ '2.2.1' ],
53 silly audit   '@chakra-ui/popper': [ '3.1.0' ],
53 silly audit   '@chakra-ui/portal': [ '2.1.0' ],
53 silly audit   '@chakra-ui/progress': [ '2.2.0' ],
53 silly audit   '@chakra-ui/provider': [ '2.4.2' ],
53 silly audit   '@chakra-ui/radio': [ '2.1.2' ],
53 silly audit   '@chakra-ui/react': [ '2.8.2' ],
53 silly audit   '@chakra-ui/react-children-utils': [ '2.0.6' ],
53 silly audit   '@chakra-ui/react-context': [ '2.1.0' ],
53 silly audit   '@chakra-ui/react-env': [ '3.1.0' ],
53 silly audit   '@chakra-ui/react-types': [ '2.0.7' ],
53 silly audit   '@chakra-ui/react-use-animation-state': [ '2.1.0' ],
53 silly audit   '@chakra-ui/react-use-callback-ref': [ '2.1.0' ],
53 silly audit   '@chakra-ui/react-use-controllable-state': [ '2.1.0' ],
53 silly audit   '@chakra-ui/react-use-disclosure': [ '2.1.0' ],
53 silly audit   '@chakra-ui/react-use-event-listener': [ '2.1.0' ],
53 silly audit   '@chakra-ui/react-use-focus-effect': [ '2.1.0' ],
53 silly audit   '@chakra-ui/react-use-focus-on-pointer-down': [ '2.1.0' ],
53 silly audit   '@chakra-ui/react-use-interval': [ '2.1.0' ],
53 silly audit   '@chakra-ui/react-use-latest-ref': [ '2.1.0' ],
53 silly audit   '@chakra-ui/react-use-merge-refs': [ '2.1.0' ],
53 silly audit   '@chakra-ui/react-use-outside-click': [ '2.2.0' ],
53 silly audit   '@chakra-ui/react-use-pan-event': [ '2.1.0' ],
53 silly audit   '@chakra-ui/react-use-previous': [ '2.1.0' ],
53 silly audit   '@chakra-ui/react-use-safe-layout-effect': [ '2.1.0' ],
53 silly audit   '@chakra-ui/react-use-size': [ '2.1.0' ],
53 silly audit   '@chakra-ui/react-use-timeout': [ '2.1.0' ],
53 silly audit   '@chakra-ui/react-use-update-effect': [ '2.1.0' ],
53 silly audit   '@chakra-ui/react-utils': [ '2.0.12' ],
53 silly audit   '@chakra-ui/select': [ '2.1.2' ],
53 silly audit   '@chakra-ui/shared-utils': [ '2.0.5' ],
53 silly audit   '@chakra-ui/skeleton': [ '2.1.0' ],
53 silly audit   '@chakra-ui/skip-nav': [ '2.1.0' ],
53 silly audit   '@chakra-ui/slider': [ '2.1.0' ],
53 silly audit   '@chakra-ui/spinner': [ '2.1.0' ],
53 silly audit   '@chakra-ui/stat': [ '2.1.1' ],
53 silly audit   '@chakra-ui/stepper': [ '2.3.1' ],
53 silly audit   '@chakra-ui/styled-system': [ '2.9.2' ],
53 silly audit   '@chakra-ui/switch': [ '2.1.2' ],
53 silly audit   '@chakra-ui/system': [ '2.6.2' ],
53 silly audit   '@chakra-ui/table': [ '2.1.0' ],
53 silly audit   '@chakra-ui/tabs': [ '3.0.0' ],
53 silly audit   '@chakra-ui/tag': [ '3.1.1' ],
53 silly audit   '@chakra-ui/textarea': [ '2.1.2' ],
53 silly audit   '@chakra-ui/theme': [ '3.3.1' ],
53 silly audit   '@chakra-ui/theme-tools': [ '2.1.2' ],
53 silly audit   '@chakra-ui/theme-utils': [ '2.0.21' ],
53 silly audit   '@chakra-ui/toast': [ '7.0.2' ],
53 silly audit   '@chakra-ui/tooltip': [ '2.3.1' ],
53 silly audit   '@chakra-ui/transition': [ '2.1.0' ],
53 silly audit   '@chakra-ui/utils': [ '2.0.15' ],
53 silly audit   '@chakra-ui/visually-hidden': [ '2.2.0' ],
53 silly audit   '@csstools/color-helpers': [ '5.1.0' ],
53 silly audit   '@csstools/css-calc': [ '2.1.4' ],
53 silly audit   '@csstools/css-color-parser': [ '3.1.0' ],
53 silly audit   '@csstools/css-parser-algorithms': [ '3.0.5' ],
53 silly audit   '@csstools/css-tokenizer': [ '3.0.4' ],
53 silly audit   '@date-fns/tz': [ '1.4.1' ],
53 silly audit   '@dnd-kit/accessibility': [ '3.1.1' ],
53 silly audit   '@dnd-kit/core': [ '6.3.1' ],
53 silly audit   '@dnd-kit/sortable': [ '10.0.0' ],
53 silly audit   '@dnd-kit/utilities': [ '3.2.2' ],
53 silly audit   '@drizzle-team/brocli': [ '0.11.0' ],
53 silly audit   '@emotion/babel-plugin': [ '11.13.5' ],
53 silly audit   'convert-source-map': [ '1.9.0', '2.0.0' ],
53 silly audit   '@emotion/cache': [ '11.14.0' ],
53 silly audit   '@emotion/weak-memoize': [ '0.4.0', '0.3.1' ],
53 silly audit   '@emotion/hash': [ '0.9.2' ],
53 silly audit   '@emotion/is-prop-valid': [ '1.4.0' ],
53 silly audit   '@emotion/memoize': [ '0.9.0' ],
53 silly audit   '@emotion/react': [ '11.11.4' ],
53 silly audit   '@emotion/serialize': [ '1.3.3' ],
53 silly audit   '@emotion/sheet': [ '1.4.0' ],
53 silly audit   '@emotion/styled': [ '11.11.0' ],
53 silly audit   '@emotion/unitless': [ '0.10.0' ],
53 silly audit   '@emotion/use-insertion-effect-with-fallbacks': [ '1.2.0' ],
53 silly audit   '@emotion/utils': [ '1.4.2' ],
53 silly audit   '@esbuild/aix-ppc64': [ '0.25.12' ],
53 silly audit   '@esbuild/android-arm': [ '0.25.12' ],
53 silly audit   '@esbuild/android-arm64': [ '0.25.12' ],
53 silly audit   '@esbuild/android-x64': [ '0.25.12' ],
53 silly audit   '@esbuild/darwin-arm64': [ '0.25.12' ],
53 silly audit   '@esbuild/darwin-x64': [ '0.25.12' ],
53 silly audit   '@esbuild/freebsd-arm64': [ '0.25.12' ],
53 silly audit   '@esbuild/freebsd-x64': [ '0.25.12' ],
53 silly audit   '@esbuild/linux-arm': [ '0.25.12' ],
53 silly audit   '@esbuild/linux-arm64': [ '0.25.12' ],
53 silly audit   '@esbuild/linux-ia32': [ '0.25.12' ],
53 silly audit   '@esbuild/linux-loong64': [ '0.25.12' ],
53 silly audit   '@esbuild/linux-mips64el': [ '0.25.12' ],
53 silly audit   '@esbuild/linux-ppc64': [ '0.25.12' ],
53 silly audit   '@esbuild/linux-riscv64': [ '0.25.12' ],
53 silly audit   '@esbuild/linux-s390x': [ '0.25.12' ],
53 silly audit   '@esbuild/linux-x64': [ '0.25.12' ],
53 silly audit   '@esbuild/netbsd-arm64': [ '0.25.12' ],
53 silly audit   '@esbuild/netbsd-x64': [ '0.25.12' ],
53 silly audit   '@esbuild/openbsd-arm64': [ '0.25.12' ],
53 silly audit   '@esbuild/openbsd-x64': [ '0.25.12' ],
53 silly audit   '@esbuild/openharmony-arm64': [ '0.25.12' ],
53 silly audit   '@esbuild/sunos-x64': [ '0.25.12' ],
53 silly audit   '@esbuild/win32-arm64': [ '0.25.12' ],
53 silly audit   '@esbuild/win32-ia32': [ '0.25.12' ],
53 silly audit   '@esbuild/win32-x64': [ '0.25.12' ],
53 silly audit   '@floating-ui/core': [ '1.7.4' ],
53 silly audit   '@floating-ui/dom': [ '1.7.5' ],
53 silly audit   '@floating-ui/react-dom': [ '2.1.7' ],
53 silly audit   '@floating-ui/utils': [ '0.2.10' ],
53 silly audit   '@formatjs/ecma402-abstract': [ '2.3.6' ],
53 silly audit   '@formatjs/fast-memoize': [ '2.2.7' ],
53 silly audit   '@formatjs/icu-messageformat-parser': [ '2.11.4' ],
53 silly audit   '@formatjs/icu-skeleton-parser': [ '1.8.16' ],
53 silly audit   '@formatjs/intl-localematcher': [ '0.6.2' ],
53 silly audit   '@hono/auth-js': [ '1.1.0' ],
53 silly audit   '@hono/node-server': [ '1.19.9' ],
53 silly audit   '@hono/node-ws': [ '1.3.0' ],
53 silly audit   '@hono/vite-dev-server': [ '0.24.1' ],
53 silly audit   '@hookform/resolvers': [ '3.10.0' ],
53 silly audit   '@internationalized/date': [ '3.10.1' ],
53 silly audit   '@internationalized/message': [ '3.1.8' ],
53 silly audit   '@internationalized/number': [ '3.6.5' ],
53 silly audit   '@internationalized/string': [ '3.2.7' ],
53 silly audit   '@jridgewell/gen-mapping': [ '0.3.13' ],
53 silly audit   '@jridgewell/remapping': [ '2.3.5' ],
53 silly audit   '@jridgewell/resolve-uri': [ '3.1.2' ],
53 silly audit   '@jridgewell/sourcemap-codec': [ '1.5.5' ],
53 silly audit   '@jridgewell/trace-mapping': [ '0.3.31' ],
53 silly audit   '@lshay/ui': [ '0.1.32' ],
53 silly audit   '@radix-ui/primitive': [ '1.0.0', '1.1.3' ],
53 silly audit   '@radix-ui/react-compose-refs': [ '1.0.0', '1.1.2' ],
53 silly audit   '@radix-ui/react-context': [ '1.0.0', '1.1.3', '1.1.2' ],
53 silly audit   '@radix-ui/react-dismissable-layer': [ '1.0.0', '1.1.11' ],
53 silly audit   '@radix-ui/react-focus-guards': [ '1.0.0', '1.1.3' ],
53 silly audit   '@radix-ui/react-focus-scope': [ '1.0.0', '1.1.7' ],
53 silly audit   '@radix-ui/react-id': [ '1.0.0', '1.1.1' ],
53 silly audit   '@radix-ui/react-portal': [ '1.0.0', '1.1.9' ],
53 silly audit   '@radix-ui/react-presence': [ '1.0.0', '1.1.5' ],
53 silly audit   '@radix-ui/react-primitive': [ '1.0.0', '2.1.4', '2.1.3' ],
53 silly audit   '@radix-ui/react-slot': [ '1.0.0', '1.2.3', '1.2.4' ],
53 silly audit   '@radix-ui/react-use-callback-ref': [ '1.0.0', '1.1.1' ],
53 silly audit   '@radix-ui/react-use-controllable-state': [ '1.0.0', '1.2.2' ],
53 silly audit   '@radix-ui/react-use-escape-keydown': [ '1.0.0', '1.1.1' ],
53 silly audit   '@radix-ui/react-use-layout-effect': [ '1.0.0', '1.1.1' ],
53 silly audit   cmdk: [ '0.2.1', '1.1.1' ],
53 silly audit   '@radix-ui/react-dialog': [ '1.0.0', '1.1.15' ],
53 silly audit   'date-fns': [ '2.30.0', '4.1.0' ],
53 silly audit   'react-day-picker': [ '8.10.1', '9.13.0' ],
53 silly audit   'react-remove-scroll': [ '2.5.4', '2.7.2' ],
53 silly audit   'react-resizable-panels': [ '0.0.55', '2.1.9' ],
53 silly audit   sonner: [ '1.7.4', '2.0.7' ],
53 silly audit   'tailwind-merge': [ '2.6.1', '3.4.0' ],
53 silly audit   vaul: [ '0.2.3', '1.1.2' ],
53 silly audit   '@mjackson/node-fetch-server': [ '0.2.0' ],
53 silly audit   '@napi-rs/canvas': [ '0.1.96' ],
53 silly audit   '@napi-rs/canvas-android-arm64': [ '0.1.96' ],
53 silly audit   '@napi-rs/canvas-darwin-arm64': [ '0.1.96' ],
53 silly audit   '@napi-rs/canvas-darwin-x64': [ '0.1.96' ],
53 silly audit   '@napi-rs/canvas-linux-arm-gnueabihf': [ '0.1.96' ],
53 silly audit   '@napi-rs/canvas-linux-arm64-gnu': [ '0.1.96' ],
53 silly audit   '@napi-rs/canvas-linux-arm64-musl': [ '0.1.96' ],
53 silly audit   '@napi-rs/canvas-linux-riscv64-gnu': [ '0.1.96' ],
53 silly audit   '@napi-rs/canvas-linux-x64-gnu': [ '0.1.96' ],
53 silly audit   '@napi-rs/canvas-linux-x64-musl': [ '0.1.96' ],
53 silly audit   '@napi-rs/canvas-win32-arm64-msvc': [ '0.1.96' ],
53 silly audit   '@napi-rs/canvas-win32-x64-msvc': [ '0.1.96' ],
53 silly audit   '@neondatabase/serverless': [ '0.10.4' ],
53 silly audit   '@nodelib/fs.scandir': [ '2.1.5' ],
53 silly audit   '@nodelib/fs.stat': [ '2.0.5' ],
53 silly audit   '@nodelib/fs.walk': [ '1.2.8' ],
53 silly audit   '@panva/hkdf': [ '1.2.1' ],
53 silly audit   '@phc/format': [ '1.0.0' ],
53 silly audit   '@popperjs/core': [ '2.11.8' ],
53 silly audit   '@radix-ui/number': [ '1.1.1' ],
53 silly audit   '@radix-ui/react-accordion': [ '1.2.12' ],
53 silly audit   '@radix-ui/react-alert-dialog': [ '1.1.15' ],
53 silly audit   '@radix-ui/react-arrow': [ '1.1.7' ],
53 silly audit   '@radix-ui/react-aspect-ratio': [ '1.1.8' ],
53 silly audit   '@radix-ui/react-avatar': [ '1.1.11' ],
53 silly audit   '@radix-ui/react-checkbox': [ '1.3.3' ],
53 silly audit   '@radix-ui/react-collapsible': [ '1.1.12' ],
53 silly audit   '@radix-ui/react-collection': [ '1.1.7' ],
53 silly audit   '@radix-ui/react-context-menu': [ '2.2.16' ],
53 silly audit   '@radix-ui/react-direction': [ '1.1.1' ],
53 silly audit   '@radix-ui/react-dropdown-menu': [ '2.1.16' ],
53 silly audit   '@radix-ui/react-hover-card': [ '1.1.15' ],
53 silly audit   '@radix-ui/react-label': [ '2.1.8' ],
53 silly audit   '@radix-ui/react-menu': [ '2.1.16' ],
53 silly audit   '@radix-ui/react-menubar': [ '1.1.16' ],
53 silly audit   '@radix-ui/react-navigation-menu': [ '1.2.14' ],
53 silly audit   '@radix-ui/react-popover': [ '1.1.15' ],
53 silly audit   '@radix-ui/react-popper': [ '1.2.8' ],
53 silly audit   '@radix-ui/react-progress': [ '1.1.8' ],
53 silly audit   '@radix-ui/react-radio-group': [ '1.3.8' ],
53 silly audit   '@radix-ui/react-roving-focus': [ '1.1.11' ],
53 silly audit   '@radix-ui/react-scroll-area': [ '1.2.10' ],
53 silly audit   '@radix-ui/react-select': [ '2.2.6' ],
53 silly audit   '@radix-ui/react-separator': [ '1.1.8' ],
53 silly audit   '@radix-ui/react-slider': [ '1.3.6' ],
53 silly audit   '@radix-ui/react-switch': [ '1.2.6' ],
53 silly audit   '@radix-ui/react-tabs': [ '1.1.13' ],
53 silly audit   '@radix-ui/react-toast': [ '1.2.15' ],
53 silly audit   '@radix-ui/react-toggle': [ '1.1.10' ],
53 silly audit   '@radix-ui/react-toggle-group': [ '1.1.11' ],
53 silly audit   '@radix-ui/react-tooltip': [ '1.2.8' ],
53 silly audit   '@radix-ui/react-use-effect-event': [ '0.0.2' ],
53 silly audit   '@radix-ui/react-use-is-hydrated': [ '0.1.0' ],
53 silly audit   '@radix-ui/react-use-previous': [ '1.1.1' ],
53 silly audit   '@radix-ui/react-use-rect': [ '1.1.1' ],
53 silly audit   '@radix-ui/react-use-size': [ '1.1.1' ],
53 silly audit   '@radix-ui/react-visually-hidden': [ '1.2.3' ],
53 silly audit   '@radix-ui/rect': [ '1.1.1' ],
53 silly audit   '@react-aria/button': [ '3.14.3' ],
53 silly audit   '@react-aria/focus': [ '3.21.3' ],
53 silly audit   '@react-aria/i18n': [ '3.12.14' ],
53 silly audit   '@react-aria/interactions': [ '3.26.0' ],
53 silly audit   '@react-aria/ssr': [ '3.9.10' ],
53 silly audit   '@react-aria/toolbar': [ '3.0.0-beta.22' ],
53 silly audit   '@react-aria/utils': [ '3.32.0' ],
53 silly audit   '@react-router/dev': [ '7.13.0' ],
53 silly audit   jsesc: [ '3.0.2', '3.1.0' ],
53 silly audit   semver: [ '7.7.3', '6.3.1' ],
53 silly audit   '@react-router/express': [ '7.13.0' ],
53 silly audit   '@react-router/fs-routes': [ '7.13.0' ],
53 silly audit   '@react-router/node': [ '7.13.0' ],
53 silly audit   '@react-router/serve': [ '7.13.0' ],
53 silly audit   '@react-stately/flags': [ '3.1.2' ],
53 silly audit   '@react-stately/toggle': [ '3.9.3' ],
53 silly audit   '@react-stately/utils': [ '3.11.0' ],
53 silly audit   '@react-types/button': [ '3.14.1' ],
53 silly audit   '@react-types/checkbox': [ '3.10.2' ],
53 silly audit   '@react-types/shared': [ '3.32.1' ],
53 silly audit   '@remix-run/node-fetch-server': [ '0.13.0' ],
53 silly audit   '@rollup/rollup-android-arm-eabi': [ '4.59.0' ],
53 silly audit   '@rollup/rollup-android-arm64': [ '4.59.0' ],
53 silly audit   '@rollup/rollup-darwin-arm64': [ '4.59.0' ],
53 silly audit   '@rollup/rollup-darwin-x64': [ '4.59.0' ],
53 silly audit   '@rollup/rollup-freebsd-arm64': [ '4.59.0' ],
53 silly audit   '@rollup/rollup-freebsd-x64': [ '4.59.0' ],
53 silly audit   '@rollup/rollup-linux-arm-gnueabihf': [ '4.59.0' ],
53 silly audit   '@rollup/rollup-linux-arm-musleabihf': [ '4.59.0' ],
53 silly audit   '@rollup/rollup-linux-arm64-gnu': [ '4.59.0' ],
53 silly audit   '@rollup/rollup-linux-arm64-musl': [ '4.59.0' ],
53 silly audit   '@rollup/rollup-linux-loong64-gnu': [ '4.59.0' ],
53 silly audit   '@rollup/rollup-linux-loong64-musl': [ '4.59.0' ],
53 silly audit   '@rollup/rollup-linux-ppc64-gnu': [ '4.59.0' ],
53 silly audit   '@rollup/rollup-linux-ppc64-musl': [ '4.59.0' ],
53 silly audit   '@rollup/rollup-linux-riscv64-gnu': [ '4.59.0' ],
53 silly audit   '@rollup/rollup-linux-riscv64-musl': [ '4.59.0' ],
53 silly audit   '@rollup/rollup-linux-s390x-gnu': [ '4.59.0' ],
53 silly audit   '@rollup/rollup-linux-x64-gnu': [ '4.59.0' ],
53 silly audit   '@rollup/rollup-linux-x64-musl': [ '4.59.0' ],
53 silly audit   '@rollup/rollup-openbsd-x64': [ '4.59.0' ],
53 silly audit   '@rollup/rollup-openharmony-arm64': [ '4.59.0' ],
53 silly audit   '@rollup/rollup-win32-arm64-msvc': [ '4.59.0' ],
53 silly audit   '@rollup/rollup-win32-ia32-msvc': [ '4.59.0' ],
53 silly audit   '@rollup/rollup-win32-x64-gnu': [ '4.59.0' ],
53 silly audit   '@rollup/rollup-win32-x64-msvc': [ '4.59.0' ],
53 silly audit   '@swc/helpers': [ '0.5.18' ],
53 silly audit   '@tailwindcss/node': [ '4.1.18' ],
53 silly audit   tailwindcss: [ '4.1.18', '3.4.19' ],
53 silly audit   '@tailwindcss/oxide': [ '4.1.18' ],
53 silly audit   '@tailwindcss/oxide-android-arm64': [ '4.1.18' ],
53 silly audit   '@tailwindcss/oxide-darwin-arm64': [ '4.1.18' ],
53 silly audit   '@tailwindcss/oxide-darwin-x64': [ '4.1.18' ],
53 silly audit   '@tailwindcss/oxide-freebsd-x64': [ '4.1.18' ],
53 silly audit   '@tailwindcss/oxide-linux-arm-gnueabihf': [ '4.1.18' ],
53 silly audit   '@tailwindcss/oxide-linux-arm64-gnu': [ '4.1.18' ],
53 silly audit   '@tailwindcss/oxide-linux-arm64-musl': [ '4.1.18' ],
53 silly audit   '@tailwindcss/oxide-linux-x64-gnu': [ '4.1.18' ],
53 silly audit   '@tailwindcss/oxide-linux-x64-musl': [ '4.1.18' ],
53 silly audit   '@tailwindcss/oxide-wasm32-wasi': [ '4.1.18' ],
53 silly audit   '@tailwindcss/oxide-win32-arm64-msvc': [ '4.1.18' ],
53 silly audit   '@tailwindcss/oxide-win32-x64-msvc': [ '4.1.18' ],
53 silly audit   '@tailwindcss/vite': [ '4.1.18' ],
53 silly audit   '@tanstack/query-core': [ '5.90.20' ],
53 silly audit   '@tanstack/react-query': [ '5.90.20' ],
53 silly audit   '@tanstack/react-table': [ '8.21.3' ],
53 silly audit   '@tanstack/table-core': [ '8.21.3' ],
53 silly audit   '@testing-library/jest-dom': [ '6.9.1' ],
53 silly audit   '@testing-library/react': [ '16.3.2' ],
53 silly audit   '@types/babel__core': [ '7.20.5' ],
53 silly audit   '@types/babel__generator': [ '7.27.0' ],
53 silly audit   '@types/babel__template': [ '7.4.4' ],
53 silly audit   '@types/babel__traverse': [ '7.28.0' ],
53 silly audit   '@types/braces': [ '3.0.5' ],
53 silly audit   '@types/chai': [ '5.2.3' ],
53 silly audit   '@types/d3-array': [ '3.2.2' ],
53 silly audit   '@types/d3-color': [ '3.1.3' ],
53 silly audit   '@types/d3-ease': [ '3.0.2' ],
53 silly audit   '@types/d3-interpolate': [ '3.0.4' ],
53 silly audit   '@types/d3-path': [ '3.1.1' ],
53 silly audit   '@types/d3-scale': [ '4.0.9' ],
53 silly audit   '@types/d3-shape': [ '3.1.8' ],
53 silly audit   '@types/d3-time': [ '3.0.4' ],
53 silly audit   '@types/d3-timer': [ '3.0.2' ],
53 silly audit   '@types/debug': [ '4.1.12' ],
53 silly audit   '@types/deep-eql': [ '4.0.2' ],
53 silly audit   '@types/estree': [ '1.0.8' ],
53 silly audit   '@types/google.maps': [ '3.58.1' ],
53 silly audit   '@types/hast': [ '2.3.10' ],
53 silly audit   '@types/lodash': [ '4.17.23' ],
53 silly audit   '@types/lodash.mergewith': [ '4.6.7' ],
53 silly audit   '@types/mdast': [ '4.0.4', '3.0.15' ],
53 silly audit   '@types/micromatch': [ '4.0.10' ],
53 silly audit   '@types/ms': [ '2.1.0' ],
53 silly audit   '@types/node': [ '20.19.30' ],
53 silly audit   '@types/parse-json': [ '4.0.2' ],
53 silly audit   '@types/pg': [ '8.11.6' ],
53 silly audit   '@types/prop-types': [ '15.7.15' ],
53 silly audit   '@types/react': [ '18.3.27' ],
53 silly audit   '@types/react-dom': [ '18.3.7' ],
53 silly audit   '@types/unist': [ '2.0.11', '3.0.3' ],
53 silly audit   '@types/ws': [ '8.18.1' ],
53 silly audit   '@vis.gl/react-google-maps': [ '0.8.3' ],
53 silly audit   '@vitest/expect': [ '3.2.4' ],
53 silly audit   '@vitest/mocker': [ '3.2.4' ],
53 silly audit   '@vitest/pretty-format': [ '3.2.4' ],
53 silly audit   '@vitest/runner': [ '3.2.4' ],
53 silly audit   pathe: [ '2.0.3', '1.1.2' ],
53 silly audit   '@vitest/snapshot': [ '3.2.4' ],
53 silly audit   '@vitest/spy': [ '3.2.4' ],
53 silly audit   '@vitest/utils': [ '3.2.4' ],
53 silly audit   '@zag-js/dom-query': [ '0.16.0' ],
53 silly audit   '@zag-js/element-size': [ '0.10.5' ],
53 silly audit   '@zag-js/focus-visible': [ '0.16.0' ],
53 silly audit   accepts: [ '1.3.8' ],
53 silly audit   negotiator: [ '0.6.3', '0.6.4' ],
53 silly audit   'agent-base': [ '7.1.4' ],
53 silly audit   'any-promise': [ '1.3.0' ],
53 silly audit   anymatch: [ '3.1.3' ],
53 silly audit   arg: [ '5.0.2' ],
53 silly audit   argon2: [ '0.43.1' ],
53 silly audit   'aria-hidden': [ '1.2.6' ],
53 silly audit   'aria-query': [ '5.3.2' ],
53 silly audit   'array-flatten': [ '1.1.1' ],
53 silly audit   'assertion-error': [ '2.0.1' ],
53 silly audit   autoprefixer: [ '10.4.24' ],
53 silly audit   'babel-dead-code-elimination': [ '1.0.12' ],
53 silly audit   'babel-plugin-macros': [ '3.1.0' ],
53 silly audit   'babel-plugin-react-require': [ '4.0.3' ],
53 silly audit   bail: [ '1.0.5', '2.0.2' ],
53 silly audit   'balanced-match': [ '1.0.2' ],
53 silly audit   'baseline-browser-mapping': [ '2.9.19' ],
53 silly audit   'basic-auth': [ '2.0.1' ],
53 silly audit   'safe-buffer': [ '5.1.2', '5.2.1' ],
53 silly audit   'binary-extensions': [ '2.3.0' ],
53 silly audit   'body-parser': [ '1.20.4' ],
53 silly audit   debug: [ '2.6.9', '4.4.3' ],
53 silly audit   ms: [ '2.0.0', '2.1.3' ],
53 silly audit   'brace-expansion': [ '2.0.2' ],
53 silly audit   braces: [ '3.0.3' ],
53 silly audit   browserslist: [ '4.28.1' ],
53 silly audit   'buffer-from': [ '1.1.2' ],
53 silly audit   bytes: [ '3.1.2' ],
53 silly audit   cac: [ '6.7.14' ],
53 silly audit   'call-bind-apply-helpers': [ '1.0.2' ],
53 silly audit   'call-bound': [ '1.0.4' ],
53 silly audit   callsites: [ '3.1.0' ],
53 silly audit   'camelcase-css': [ '2.0.1' ],
53 silly audit   'caniuse-lite': [ '1.0.30001766' ],
53 silly audit   ccount: [ '2.0.1' ],
53 silly audit   chai: [ '5.3.3' ],
53 silly audit   'character-entities': [ '2.0.2', '1.2.4' ],
53 silly audit   'character-entities-legacy': [ '1.1.4' ],
53 silly audit   'character-reference-invalid': [ '1.1.4' ],
53 silly audit   'check-error': [ '2.1.3' ],
53 silly audit   chokidar: [ '4.0.3', '3.6.0' ],
53 silly audit   'class-variance-authority': [ '0.7.1' ],
53 silly audit   classnames: [ '2.5.1' ],
53 silly audit   'clean-stack': [ '5.3.0' ],
53 silly audit   'escape-string-regexp': [ '5.0.0', '4.0.0' ],
53 silly audit   'client-only': [ '0.0.1' ],
53 silly audit   clsx: [ '2.1.1' ],
53 silly audit   cobe: [ '0.6.5' ],
53 silly audit   color2k: [ '2.0.3' ],
53 silly audit   'comma-separated-tokens': [ '1.0.8' ],
53 silly audit   commander: [ '4.1.1' ],
53 silly audit   compressible: [ '2.0.18' ],
53 silly audit   compression: [ '1.8.1' ],
53 silly audit   'compute-scroll-into-view': [ '3.0.3', '3.1.1' ],
53 silly audit   confbox: [ '0.2.2' ],
53 silly audit   'content-disposition': [ '0.5.4' ],
53 silly audit   'content-type': [ '1.0.5' ],
53 silly audit   cookie: [ '0.7.2', '1.1.1' ],
53 silly audit   'cookie-signature': [ '1.0.7' ],
53 silly audit   'copy-to-clipboard': [ '3.3.3' ],
53 silly audit   cosmiconfig: [ '7.1.0' ],
53 silly audit   'css-box-model': [ '1.2.1' ],
53 silly audit   'css.escape': [ '1.5.1' ],
53 silly audit   cssesc: [ '3.0.0' ],
53 silly audit   cssstyle: [ '4.6.0' ],
53 silly audit   csstype: [ '3.2.3' ],
53 silly audit   'd3-array': [ '3.2.4' ],
53 silly audit   'd3-color': [ '3.1.0' ],
53 silly audit   'd3-ease': [ '3.0.1' ],
53 silly audit   'd3-format': [ '3.1.2' ],
53 silly audit   'd3-interpolate': [ '3.0.1' ],
53 silly audit   'd3-path': [ '3.1.0' ],
53 silly audit   'd3-scale': [ '4.0.2' ],
53 silly audit   'd3-shape': [ '3.2.0' ],
53 silly audit   'd3-time': [ '3.1.0' ],
53 silly audit   'd3-time-format': [ '4.1.0' ],
53 silly audit   'd3-timer': [ '3.0.1' ],
53 silly audit   'data-urls': [ '5.0.0' ],
53 silly audit   'date-fns-jalali': [ '4.1.0-0' ],
53 silly audit   'decimal.js': [ '10.6.0' ],
53 silly audit   'decimal.js-light': [ '2.5.1' ],
53 silly audit   'decode-named-character-reference': [ '1.3.0' ],
53 silly audit   dedent: [ '1.7.1' ],
53 silly audit   'deep-eql': [ '5.0.2' ],
53 silly audit   depd: [ '2.0.0' ],
53 silly audit   dequal: [ '2.0.3' ],
53 silly audit   destroy: [ '1.2.0' ],
53 silly audit   'detect-libc': [ '2.1.2' ],
53 silly audit   'detect-node-es': [ '1.1.0' ],
53 silly audit   devlop: [ '1.1.0' ],
53 silly audit   didyoumean: [ '1.2.2' ],
53 silly audit   dlv: [ '1.1.3' ],
53 silly audit   'dom-accessibility-api': [ '0.6.3' ],
53 silly audit   'dom-helpers': [ '5.2.1' ],
53 silly audit   downshift: [ '9.2.0' ],
53 silly audit   'dunder-proto': [ '1.0.1' ],
53 silly audit   'ee-first': [ '1.1.1' ],
53 silly audit   'electron-to-chromium': [ '1.5.283' ],
53 silly audit   'embla-carousel': [ '8.0.0-rc15' ],
53 silly audit   'embla-carousel-react': [ '8.0.0-rc15' ],
53 silly audit   'embla-carousel-reactive-utils': [ '8.0.0-rc15' ],
53 silly audit   encodeurl: [ '2.0.0' ],
53 silly audit   'enhanced-resolve': [ '5.18.4' ],
53 silly audit   entities: [ '6.0.1' ],
53 silly audit   'error-ex': [ '1.3.4' ],
53 silly audit   'es-define-property': [ '1.0.1' ],
53 silly audit   'es-errors': [ '1.3.0' ],
53 silly audit   'es-module-lexer': [ '1.7.0' ],
53 silly audit   'es-object-atoms': [ '1.1.1' ],
53 silly audit   esbuild: [ '0.25.12' ],
53 silly audit   escalade: [ '3.2.0' ],
53 silly audit   'escape-html': [ '1.0.3' ],
53 silly audit   'estree-walker': [ '3.0.3' ],
53 silly audit   etag: [ '1.8.1' ],
53 silly audit   eventemitter3: [ '4.0.7' ],
53 silly audit   'exit-hook': [ '2.2.1' ],
53 silly audit   'expect-type': [ '1.3.0' ],
53 silly audit   express: [ '4.22.1' ],
53 silly audit   exsolve: [ '1.0.8' ],
53 silly audit   extend: [ '3.0.2' ],
53 silly audit   'fast-deep-equal': [ '3.1.3' ],
53 silly audit   'fast-equals': [ '5.4.0' ],
53 silly audit   'fast-glob': [ '3.3.3' ],
53 silly audit   fastq: [ '1.20.1' ],
53 silly audit   fdir: [ '6.5.0' ],
53 silly audit   'fill-range': [ '7.1.1' ],
53 silly audit   finalhandler: [ '1.3.2' ],
53 silly audit   'find-root': [ '1.1.0' ],
53 silly audit   'focus-lock': [ '1.3.6' ],
53 silly audit   forwarded: [ '0.2.0' ],
53 silly audit   'fraction.js': [ '5.3.4' ],
53 silly audit   'framer-motion': [ '12.29.2' ],
53 silly audit   framesync: [ '6.1.2' ],
53 silly audit   tslib: [ '2.4.0', '2.8.1' ],
53 silly audit   fresh: [ '0.5.2' ],
53 silly audit   fsevents: [ '2.3.3' ],
53 silly audit   'function-bind': [ '1.1.2' ],
53 silly audit   gensync: [ '1.0.0-beta.2' ],
53 silly audit   'get-intrinsic': [ '1.3.0' ],
53 silly audit   'get-nonce': [ '1.0.1' ],
53 silly audit   'get-port': [ '5.1.1' ],
53 silly audit   'get-proto': [ '1.0.1' ],
53 silly audit   'glob-parent': [ '5.1.2', '6.0.2' ],
53 silly audit   globrex: [ '0.1.2' ],
53 silly audit   gopd: [ '1.2.0' ],
53 silly audit   'graceful-fs': [ '4.2.11' ],
53 silly audit   'has-symbols': [ '1.1.0' ],
53 silly audit   hasown: [ '2.0.2' ],
53 silly audit   'hoist-non-react-statics': [ '3.3.2' ],
53 silly audit   'react-is': [ '16.13.1', '18.2.0', '17.0.2', '18.3.1' ],
53 silly audit   hono: [ '4.11.7' ],
53 silly audit   'html-encoding-sniffer': [ '4.0.0' ],
53 silly audit   'html-to-image': [ '1.11.13' ],
53 silly audit   'http-errors': [ '2.0.1' ],
53 silly audit   'http-proxy-agent': [ '7.0.2' ],
53 silly audit   'https-proxy-agent': [ '7.0.6' ],
53 silly audit   'iconv-lite': [ '0.4.24', '0.6.3' ],
53 silly audit   'import-fresh': [ '3.3.1' ],
53 silly audit   'indent-string': [ '4.0.0' ],
53 silly audit   inherits: [ '2.0.4' ],
53 silly audit   'inline-style-parser': [ '0.1.1' ],
53 silly audit   'input-otp': [ '1.4.2' ],
53 silly audit   internmap: [ '2.0.3' ],
53 silly audit   'intl-messageformat': [ '10.7.18' ],
53 silly audit   'ipaddr.js': [ '1.9.1' ],
53 silly audit   'is-alphabetical': [ '1.0.4' ],
53 silly audit   'is-alphanumerical': [ '1.0.4' ],
53 silly audit   'is-arrayish': [ '0.2.1' ],
53 silly audit   'is-binary-path': [ '2.1.0' ],
53 silly audit   'is-buffer': [ '2.0.5' ],
53 silly audit   'is-core-module': [ '2.16.1' ],
53 silly audit   'is-decimal': [ '1.0.4' ],
53 silly audit   'is-extglob': [ '2.1.1' ],
53 silly audit   'is-glob': [ '4.0.3' ],
53 silly audit   'is-hexadecimal': [ '1.0.4' ],
53 silly audit   'is-number': [ '7.0.0' ],
53 silly audit   'is-plain-obj': [ '2.1.0', '4.1.0' ],
53 silly audit   'is-potential-custom-element-name': [ '1.0.1' ],
53 silly audit   isbot: [ '5.1.34' ],
53 silly audit   jiti: [ '2.6.1', '1.21.7' ],
53 silly audit   jose: [ '5.10.0' ],
53 silly audit   'js-tokens': [ '4.0.0', '9.0.1' ],
53 silly audit   jsdom: [ '26.1.0' ],
53 silly audit   'json-parse-even-better-errors': [ '2.3.1' ],
53 silly audit   json5: [ '2.2.3' ],
53 silly audit   lightningcss: [ '1.30.2' ],
53 silly audit   'lightningcss-android-arm64': [ '1.30.2' ],
53 silly audit   'lightningcss-darwin-arm64': [ '1.30.2' ],
53 silly audit   'lightningcss-darwin-x64': [ '1.30.2' ],
53 silly audit   'lightningcss-freebsd-x64': [ '1.30.2' ],
53 silly audit   'lightningcss-linux-arm-gnueabihf': [ '1.30.2' ],
53 silly audit   'lightningcss-linux-arm64-gnu': [ '1.30.2' ],
53 silly audit   'lightningcss-linux-arm64-musl': [ '1.30.2' ],
53 silly audit   'lightningcss-linux-x64-gnu': [ '1.30.2' ],
53 silly audit   'lightningcss-linux-x64-musl': [ '1.30.2' ],
53 silly audit   'lightningcss-win32-arm64-msvc': [ '1.30.2' ],
53 silly audit   'lightningcss-win32-x64-msvc': [ '1.30.2' ],
53 silly audit   lilconfig: [ '3.1.3' ],
53 silly audit   'lines-and-columns': [ '1.2.4' ],
53 silly audit   lodash: [ '4.17.23' ],
53 silly audit   'lodash-es': [ '4.17.23' ],
53 silly audit   'lodash.mergewith': [ '4.6.2' ],
53 silly audit   'longest-streak': [ '3.1.0' ],
53 silly audit   'loose-envify': [ '1.4.0' ],
53 silly audit   loupe: [ '3.2.1' ],
53 silly audit   'lucide-react': [ '0.358.0' ],
53 silly audit   'magic-string': [ '0.30.21' ],
53 silly audit   'markdown-table': [ '3.0.4' ],
53 silly audit   'math-intrinsics': [ '1.1.0' ],
53 silly audit   'mdast-util-definitions': [ '4.0.0' ],
53 silly audit   'mdast-util-find-and-replace': [ '3.0.2' ],
53 silly audit   'mdast-util-from-markdown': [ '2.0.2', '0.8.5' ],
53 silly audit   'mdast-util-gfm': [ '3.1.0' ],
53 silly audit   'mdast-util-gfm-autolink-literal': [ '2.0.1' ],
53 silly audit   'mdast-util-gfm-footnote': [ '2.1.0' ],
53 silly audit   'mdast-util-gfm-strikethrough': [ '2.0.0' ],
53 silly audit   'mdast-util-gfm-table': [ '2.0.0' ],
53 silly audit   'mdast-util-gfm-task-list-item': [ '2.0.0' ],
53 silly audit   'mdast-util-phrasing': [ '4.1.0' ],
53 silly audit   'mdast-util-to-hast': [ '10.2.0' ],
53 silly audit   'mdast-util-to-markdown': [ '2.1.2' ],
53 silly audit   'unist-util-visit': [ '5.1.0', '2.0.3' ],
53 silly audit   'mdast-util-to-string': [ '4.0.0', '2.0.0' ],
53 silly audit   mdurl: [ '1.0.1' ],
53 silly audit   'media-typer': [ '0.3.0' ],
53 silly audit   'merge-descriptors': [ '1.0.3' ],
53 silly audit   merge2: [ '1.4.1' ],
53 silly audit   methods: [ '1.1.2' ],
53 silly audit   micromark: [ '4.0.2', '2.11.4' ],
53 silly audit   'micromark-core-commonmark': [ '2.0.3' ],
53 silly audit   'micromark-extension-gfm': [ '3.0.0' ],
53 silly audit   'micromark-extension-gfm-autolink-literal': [ '2.1.0' ],
53 silly audit   'micromark-extension-gfm-footnote': [ '2.1.0' ],
53 silly audit   'micromark-extension-gfm-strikethrough': [ '2.1.0' ],
53 silly audit   'micromark-extension-gfm-table': [ '2.1.1' ],
53 silly audit   'micromark-extension-gfm-tagfilter': [ '2.0.0' ],
53 silly audit   'micromark-extension-gfm-task-list-item': [ '2.1.0' ],
53 silly audit   'micromark-factory-destination': [ '2.0.1' ],
53 silly audit   'micromark-factory-label': [ '2.0.1' ],
53 silly audit   'micromark-factory-space': [ '2.0.1' ],
53 silly audit   'micromark-factory-title': [ '2.0.1' ],
53 silly audit   'micromark-factory-whitespace': [ '2.0.1' ],
53 silly audit   'micromark-util-character': [ '2.1.1' ],
53 silly audit   'micromark-util-chunked': [ '2.0.1' ],
53 silly audit   'micromark-util-classify-character': [ '2.0.1' ],
53 silly audit   'micromark-util-combine-extensions': [ '2.0.1' ],
53 silly audit   'micromark-util-decode-numeric-character-reference': [ '2.0.2' ],
53 silly audit   'micromark-util-decode-string': [ '2.0.1' ],
53 silly audit   'micromark-util-encode': [ '2.0.1' ],
53 silly audit   'micromark-util-html-tag-name': [ '2.0.1' ],
53 silly audit   'micromark-util-normalize-identifier': [ '2.0.1' ],
53 silly audit   'micromark-util-resolve-all': [ '2.0.1' ],
53 silly audit   'micromark-util-sanitize-uri': [ '2.0.1' ],
53 silly audit   'micromark-util-subtokenize': [ '2.1.0' ],
53 silly audit   'micromark-util-symbol': [ '2.0.1' ],
53 silly audit   'micromark-util-types': [ '2.0.2' ],
53 silly audit   micromatch: [ '4.0.8' ],
53 silly audit   mime: [ '1.6.0' ],
53 silly audit   'mime-db': [ '1.54.0', '1.52.0' ],
53 silly audit   'mime-types': [ '2.1.35' ],
53 silly audit   'min-indent': [ '1.0.1' ],
53 silly audit   minimatch: [ '9.0.9' ],
53 silly audit   morgan: [ '1.10.1' ],
53 silly audit   'on-finished': [ '2.3.0', '2.4.1' ],
53 silly audit   motion: [ '12.29.2' ],
53 silly audit   'motion-dom': [ '12.29.2' ],
53 silly audit   'motion-utils': [ '12.29.2' ],
53 silly audit   mz: [ '2.7.0' ],
53 silly audit   nanoid: [ '3.3.11' ],
53 silly audit   'next-themes': [ '0.3.0' ],
53 silly audit   'node-addon-api': [ '8.5.0' ],
53 silly audit   'node-gyp-build': [ '4.8.4' ],
53 silly audit   'node-readable-to-web-readable-stream': [ '0.4.2' ],
53 silly audit   'node-releases': [ '2.0.27' ],
53 silly audit   nodemailer: [ '8.0.1' ],
53 silly audit   'normalize-path': [ '3.0.0' ],
53 silly audit   nwsapi: [ '2.2.23' ],
53 silly audit   oauth4webapi: [ '3.8.3' ],
53 silly audit   'object-assign': [ '4.1.1' ],
53 silly audit   'object-hash': [ '3.0.0' ],
53 silly audit   'object-inspect': [ '1.13.4' ],
53 silly audit   obuf: [ '1.1.2' ],
53 silly audit   'on-headers': [ '1.1.0' ],
53 silly audit   'p-map': [ '7.0.4' ],
53 silly audit   papaparse: [ '5.5.3' ],
53 silly audit   'parent-module': [ '1.0.1' ],
53 silly audit   'parse-entities': [ '2.0.0' ],
53 silly audit   'parse-json': [ '5.2.0' ],
53 silly audit   parse5: [ '7.3.0' ],
53 silly audit   parseurl: [ '1.3.3' ],
53 silly audit   'path-parse': [ '1.0.7' ],
53 silly audit   'path-to-regexp': [ '0.1.12' ],
53 silly audit   'path-type': [ '4.0.0' ],
53 silly audit   pathval: [ '2.0.1' ],
53 silly audit   'pdfjs-dist': [ '5.5.207' ],
53 silly audit   'pg-int8': [ '1.0.1' ],
53 silly audit   'pg-numeric': [ '1.0.2' ],
53 silly audit   'pg-protocol': [ '1.11.0' ],
53 silly audit   'pg-types': [ '4.1.0' ],
53 silly audit   phenomenon: [ '1.6.0' ],
53 silly audit   picocolors: [ '1.1.1' ],
53 silly audit   picomatch: [ '2.3.1', '4.0.3' ],
53 silly audit   pify: [ '2.3.0' ],
53 silly audit   pirates: [ '4.0.7' ],
53 silly audit   'pkg-types': [ '2.3.0' ],
53 silly audit   postcss: [ '8.5.6' ],
53 silly audit   'postcss-import': [ '15.1.0' ],
53 silly audit   'postcss-js': [ '4.1.0' ],
53 silly audit   'postcss-load-config': [ '6.0.1' ],
53 silly audit   'postcss-nested': [ '6.2.0' ],
53 silly audit   'postcss-selector-parser': [ '6.1.2' ],
53 silly audit   'postcss-value-parser': [ '4.2.0' ],
53 silly audit   'postgres-array': [ '3.0.4' ],
53 silly audit   'postgres-bytea': [ '3.0.0' ],
53 silly audit   'postgres-date': [ '2.1.0' ],
53 silly audit   'postgres-interval': [ '3.0.0' ],
53 silly audit   'postgres-range': [ '1.1.4' ],
53 silly audit   preact: [ '10.24.3' ],
53 silly audit   'preact-render-to-string': [ '6.5.11' ],
53 silly audit   prettier: [ '3.8.1' ],
53 silly audit   'prop-types': [ '15.8.1' ],
53 silly audit   'property-expr': [ '2.0.6' ],
53 silly audit   'property-information': [ '5.6.0' ],
53 silly audit   'proxy-addr': [ '2.0.7' ],
53 silly audit   punycode: [ '2.3.1' ],
53 silly audit   qs: [ '6.14.2' ],
53 silly audit   'queue-microtask': [ '1.2.3' ],
53 silly audit   'range-parser': [ '1.2.1' ],
53 silly audit   'raw-body': [ '2.5.3' ],
53 silly audit   react: [ '18.3.1' ],
53 silly audit   'react-clientside-effect': [ '1.2.8' ],
53 silly audit   'react-colorful': [ '5.6.1' ],
53 silly audit   'react-dom': [ '18.3.1' ],
53 silly audit   'react-fast-compare': [ '3.2.2' ],
53 silly audit   'react-focus-lock': [ '2.13.7' ],
53 silly audit   'react-hook-form': [ '7.71.1' ],
53 silly audit   'react-idle-timer': [ '5.7.2' ],
53 silly audit   'react-markdown': [ '6.0.3' ],
53 silly audit   'react-refresh': [ '0.14.2' ],
53 silly audit   'react-remove-scroll-bar': [ '2.3.8' ],
53 silly audit   'react-router': [ '7.13.0' ],
53 silly audit   'react-router-dom': [ '7.13.0' ],
53 silly audit   'react-router-hono-server': [ '2.24.0' ],
53 silly audit   'react-smooth': [ '4.0.4' ],
53 silly audit   'react-style-singleton': [ '2.2.3' ],
53 silly audit   'react-transition-group': [ '4.4.5' ],
53 silly audit   'read-cache': [ '1.0.0' ],
53 silly audit   readdirp: [ '4.1.2', '3.6.0' ],
53 silly audit   recharts: [ '2.15.4' ],
53 silly audit   'recharts-scale': [ '0.4.5' ],
53 silly audit   redent: [ '3.0.0' ],
53 silly audit   'remark-gfm': [ '4.0.0' ],
53 silly audit   'remark-parse': [ '11.0.0', '9.0.0' ],
53 silly audit   trough: [ '2.2.0', '1.0.5' ],
53 silly audit   unified: [ '11.0.5', '9.2.2' ],
53 silly audit   vfile: [ '6.0.3', '4.2.1' ],
53 silly audit   'vfile-message': [ '4.0.3', '2.0.4' ],
53 silly audit   'unist-util-stringify-position': [ '2.0.3', '4.0.0' ],
53 silly audit   'remark-rehype': [ '8.1.0' ],
53 silly audit   'remark-stringify': [ '11.0.0' ],
53 silly audit   resolve: [ '1.22.11' ],
53 silly audit   'resolve-from': [ '4.0.0' ],
53 silly audit   reusify: [ '1.1.0' ],
53 silly audit   rollup: [ '4.59.0' ],
53 silly audit   'rrweb-cssom': [ '0.8.0' ],
53 silly audit   'run-parallel': [ '1.2.0' ],
53 silly audit   'safer-buffer': [ '2.1.2' ],
53 silly audit   saxes: [ '6.0.0' ],
53 silly audit   scheduler: [ '0.23.2' ],
53 silly audit   send: [ '0.19.2' ],
53 silly audit   'serialize-error': [ '12.0.0' ],
53 silly audit   'serve-static': [ '1.16.3' ],
53 silly audit   'set-cookie-parser': [ '2.7.2' ],
53 silly audit   setprototypeof: [ '1.2.0' ],
53 silly audit   'side-channel': [ '1.1.0' ],
53 silly audit   'side-channel-list': [ '1.0.0' ],
53 silly audit   'side-channel-map': [ '1.0.1' ],
53 silly audit   'side-channel-weakmap': [ '1.0.2' ],
53 silly audit   siginfo: [ '2.0.0' ],
53 silly audit   'source-map': [ '0.5.7', '0.6.1' ],
53 silly audit   'source-map-js': [ '1.2.1' ],
53 silly audit   'source-map-support': [ '0.5.21' ],
53 silly audit   'space-separated-tokens': [ '1.1.5' ],
53 silly audit   stackback: [ '0.0.2' ],
53 silly audit   statuses: [ '2.0.2' ],
53 silly audit   'std-env': [ '3.10.0' ],
53 silly audit   'strip-indent': [ '3.0.0' ],
53 silly audit   'strip-literal': [ '3.1.0' ],
53 silly audit   stripe: [ '18.5.0' ],
53 silly audit   'style-to-object': [ '0.3.0' ],
53 silly audit   'styled-jsx': [ '5.1.7' ],
53 silly audit   stylis: [ '4.2.0' ],
53 silly audit   sucrase: [ '3.35.1' ],
53 silly audit   'supports-preserve-symlinks-flag': [ '1.0.0' ],
53 silly audit   'symbol-tree': [ '3.2.4' ],
53 silly audit   tapable: [ '2.3.0' ],
53 silly audit   thenify: [ '3.3.1' ],
53 silly audit   'thenify-all': [ '1.6.0' ],
53 silly audit   three: [ '0.175.0' ],
53 silly audit   'tiny-case': [ '1.0.3' ],
53 silly audit   'tiny-invariant': [ '1.3.3' ],
53 silly audit   tinybench: [ '2.9.0' ],
53 silly audit   tinyexec: [ '0.3.2' ],
53 silly audit   tinyglobby: [ '0.2.15' ],
53 silly audit   tinypool: [ '1.1.1' ],
53 silly audit   tinyrainbow: [ '2.0.0' ],
53 silly audit   tinyspy: [ '4.0.4' ],
53 silly audit   tldts: [ '6.1.86' ],
53 silly audit   'tldts-core': [ '6.1.86' ],
53 silly audit   'to-regex-range': [ '5.0.1' ],
53 silly audit   'toggle-selection': [ '1.0.6' ],
53 silly audit   toidentifier: [ '1.0.1' ],
53 silly audit   toposort: [ '2.0.2' ],
53 silly audit   'tough-cookie': [ '5.1.2' ],
53 silly audit   tr46: [ '5.1.1' ],
53 silly audit   'ts-interface-checker': [ '0.1.13' ],
53 silly audit   tsconfck: [ '3.1.6' ],
53 silly audit   'type-fest': [ '4.41.0', '2.19.0' ],
53 silly audit   'type-is': [ '1.6.18' ],
53 silly audit   typescript: [ '5.9.3' ],
53 silly audit   undefined: [ '0.1.0' ],
53 silly audit   'undici-types': [ '6.21.0' ],
53 silly audit   'unist-builder': [ '2.0.3' ],
53 silly audit   'unist-util-generated': [ '1.1.6' ],
53 silly audit   'unist-util-is': [ '6.0.1', '4.1.0' ],
53 silly audit   'unist-util-position': [ '3.1.0' ],
53 silly audit   'unist-util-visit-parents': [ '6.0.2', '3.1.1' ],
53 silly audit   unpipe: [ '1.0.0' ],
53 silly audit   'update-browserslist-db': [ '1.2.3' ],
53 silly audit   'use-callback-ref': [ '1.3.3' ],
53 silly audit   'use-sidecar': [ '1.1.3' ],
53 silly audit   'use-sync-external-store': [ '1.6.0' ],
53 silly audit   'util-deprecate': [ '1.0.2' ],
53 silly audit   'utils-merge': [ '1.0.1' ],
53 silly audit   valibot: [ '1.2.0' ],
53 silly audit   vary: [ '1.1.2' ],
53 silly audit   'victory-vendor': [ '36.9.2' ],
53 silly audit   vite: [ '6.4.1' ],
53 silly audit   'vite-node': [ '3.2.4' ],
53 silly audit   'vite-plugin-babel': [ '1.4.1' ],
53 silly audit   'vite-tsconfig-paths': [ '5.1.4' ],
53 silly audit   vitest: [ '3.2.4' ],
53 silly audit   'w3c-xmlserializer': [ '5.0.0' ],
53 silly audit   'webidl-conversions': [ '7.0.0' ],
53 silly audit   'whatwg-encoding': [ '3.1.1' ],
53 silly audit   'whatwg-mimetype': [ '4.0.0' ],
53 silly audit   'whatwg-url': [ '14.2.0' ],
53 silly audit   'why-is-node-running': [ '2.3.0' ],
53 silly audit   ws: [ '8.19.0' ],
53 silly audit   'xml-name-validator': [ '5.0.0' ],
53 silly audit   xmlchars: [ '2.2.0' ],
53 silly audit   xtend: [ '4.0.2' ],
53 silly audit   yallist: [ '3.1.1' ],
53 silly audit   yaml: [ '1.10.2' ],
53 silly audit   yup: [ '1.7.1' ],
53 silly audit   zustand: [ '5.0.11' ],
53 silly audit   zwitch: [ '2.0.4' ]
53 silly audit }
54 http cache @tailwindcss/oxide-win32-x64-msvc@https://registry.npmjs.org/@tailwindcss/oxide-win32-x64-msvc/-/oxide-win32-x64-msvc-4.1.18.tgz 1ms (cache hit)
55 http cache @rollup/rollup-win32-x64-msvc@https://registry.npmjs.org/@rollup/rollup-win32-x64-msvc/-/rollup-win32-x64-msvc-4.59.0.tgz 0ms (cache hit)
56 http cache @rollup/rollup-win32-x64-gnu@https://registry.npmjs.org/@rollup/rollup-win32-x64-gnu/-/rollup-win32-x64-gnu-4.59.0.tgz 0ms (cache hit)
57 http cache @react-router/serve@https://registry.npmjs.org/@react-router/serve/-/serve-7.13.0.tgz 0ms (cache hit)
58 http cache @react-router/dev@https://registry.npmjs.org/@react-router/dev/-/dev-7.13.0.tgz 0ms (cache hit)
59 http cache @napi-rs/canvas-win32-x64-msvc@https://registry.npmjs.org/@napi-rs/canvas-win32-x64-msvc/-/canvas-win32-x64-msvc-0.1.96.tgz 0ms (cache hit)
60 http cache @esbuild/win32-x64@https://registry.npmjs.org/@esbuild/win32-x64/-/win32-x64-0.25.12.tgz 0ms (cache hit)
61 http cache @babel/parser@https://registry.npmjs.org/@babel/parser/-/parser-7.29.0.tgz 0ms (cache hit)
62 http cache why-is-node-running@https://registry.npmjs.org/why-is-node-running/-/why-is-node-running-2.3.0.tgz 0ms (cache hit)
63 http cache vitest@https://registry.npmjs.org/vitest/-/vitest-3.2.4.tgz 0ms (cache hit)
64 http cache vite-node@https://registry.npmjs.org/vite-node/-/vite-node-3.2.4.tgz 0ms (cache hit)
65 http cache vite@https://registry.npmjs.org/vite/-/vite-6.4.1.tgz 0ms (cache hit)
66 http cache update-browserslist-db@https://registry.npmjs.org/update-browserslist-db/-/update-browserslist-db-1.2.3.tgz 1ms (cache hit)
67 http cache typescript@https://registry.npmjs.org/typescript/-/typescript-5.9.3.tgz 0ms (cache hit)
68 http cache tsconfck@https://registry.npmjs.org/tsconfck/-/tsconfck-3.1.6.tgz 0ms (cache hit)
69 http cache tldts@https://registry.npmjs.org/tldts/-/tldts-6.1.86.tgz 0ms (cache hit)
70 http cache semver@https://registry.npmjs.org/semver/-/semver-6.3.1.tgz 0ms (cache hit)
71 http cache sucrase@https://registry.npmjs.org/sucrase/-/sucrase-3.35.1.tgz 0ms (cache hit)
72 http cache tailwindcss@https://registry.npmjs.org/tailwindcss/-/tailwindcss-3.4.19.tgz 0ms (cache hit)
73 http cache rollup@https://registry.npmjs.org/rollup/-/rollup-4.59.0.tgz 0ms (cache hit)
74 http cache resolve@https://registry.npmjs.org/resolve/-/resolve-1.22.11.tgz 0ms (cache hit)
75 http cache react-router-hono-server@https://registry.npmjs.org/react-router-hono-server/-/react-router-hono-server-2.24.0.tgz 0ms (cache hit)
76 http cache prettier@https://registry.npmjs.org/prettier/-/prettier-3.8.1.tgz 0ms (cache hit)
77 http cache node-gyp-build@https://registry.npmjs.org/node-gyp-build/-/node-gyp-build-4.8.4.tgz 0ms (cache hit)
78 http cache nanoid@https://registry.npmjs.org/nanoid/-/nanoid-3.3.11.tgz 0ms (cache hit)
79 http cache mime@https://registry.npmjs.org/mime/-/mime-1.6.0.tgz 0ms (cache hit)
80 http cache loose-envify@https://registry.npmjs.org/loose-envify/-/loose-envify-1.4.0.tgz 0ms (cache hit)
81 http cache lightningcss-win32-x64-msvc@https://registry.npmjs.org/lightningcss-win32-x64-msvc/-/lightningcss-win32-x64-msvc-1.30.2.tgz 0ms (cache hit)
82 http cache json5@https://registry.npmjs.org/json5/-/json5-2.2.3.tgz 0ms (cache hit)
83 http cache jiti@https://registry.npmjs.org/jiti/-/jiti-2.6.1.tgz 0ms (cache hit)
84 http cache jsesc@https://registry.npmjs.org/jsesc/-/jsesc-3.1.0.tgz 0ms (cache hit)
85 http cache esbuild@https://registry.npmjs.org/esbuild/-/esbuild-0.25.12.tgz 0ms (cache hit)
86 http cache browserslist@https://registry.npmjs.org/browserslist/-/browserslist-4.28.1.tgz 0ms (cache hit)
87 http cache cssesc@https://registry.npmjs.org/cssesc/-/cssesc-3.0.0.tgz 0ms (cache hit)
88 http cache baseline-browser-mapping@https://registry.npmjs.org/baseline-browser-mapping/-/baseline-browser-mapping-2.9.19.tgz 0ms (cache hit)
89 http cache autoprefixer@https://registry.npmjs.org/autoprefixer/-/autoprefixer-10.4.24.tgz 0ms (cache hit)
90 http cache semver@https://registry.npmjs.org/semver/-/semver-7.7.3.tgz 0ms (cache hit)
91 http cache jsesc@https://registry.npmjs.org/jsesc/-/jsesc-3.0.2.tgz 0ms (cache hit)
92 http cache picomatch@https://registry.npmjs.org/picomatch/-/picomatch-4.0.3.tgz 0ms (cache hit)
93 http cache pathe@https://registry.npmjs.org/pathe/-/pathe-2.0.3.tgz 0ms (cache hit)
94 http cache pathe@https://registry.npmjs.org/pathe/-/pathe-2.0.3.tgz 0ms (cache hit)
95 http cache picomatch@https://registry.npmjs.org/picomatch/-/picomatch-4.0.3.tgz 0ms (cache hit)
96 http cache readdirp@https://registry.npmjs.org/readdirp/-/readdirp-3.6.0.tgz 0ms (cache hit)
97 http cache chokidar@https://registry.npmjs.org/chokidar/-/chokidar-3.6.0.tgz 0ms (cache hit)
98 http cache glob-parent@https://registry.npmjs.org/glob-parent/-/glob-parent-6.0.2.tgz 0ms (cache hit)
99 http cache jiti@https://registry.npmjs.org/jiti/-/jiti-1.21.7.tgz 0ms (cache hit)
100 silly tarball no local data for @tailwindcss/oxide-win32-x64-msvc@https://registry.npmjs.org/@tailwindcss/oxide-win32-x64-msvc/-/oxide-win32-x64-msvc-4.1.18.tgz. Extracting by manifest.
101 silly tarball no local data for @rollup/rollup-win32-x64-msvc@https://registry.npmjs.org/@rollup/rollup-win32-x64-msvc/-/rollup-win32-x64-msvc-4.59.0.tgz. Extracting by manifest.
102 http cache glob-parent@https://registry.npmjs.org/glob-parent/-/glob-parent-5.1.2.tgz 0ms (cache hit)
103 silly tarball no local data for @rollup/rollup-win32-x64-gnu@https://registry.npmjs.org/@rollup/rollup-win32-x64-gnu/-/rollup-win32-x64-gnu-4.59.0.tgz. Extracting by manifest.
104 silly tarball no local data for @react-router/serve@https://registry.npmjs.org/@react-router/serve/-/serve-7.13.0.tgz. Extracting by manifest.
105 silly tarball no local data for @react-router/dev@https://registry.npmjs.org/@react-router/dev/-/dev-7.13.0.tgz. Extracting by manifest.
106 silly tarball no local data for @napi-rs/canvas-win32-x64-msvc@https://registry.npmjs.org/@napi-rs/canvas-win32-x64-msvc/-/canvas-win32-x64-msvc-0.1.96.tgz. Extracting by manifest.
107 silly tarball no local data for @esbuild/win32-x64@https://registry.npmjs.org/@esbuild/win32-x64/-/win32-x64-0.25.12.tgz. Extracting by manifest.
108 silly tarball no local data for @babel/parser@https://registry.npmjs.org/@babel/parser/-/parser-7.29.0.tgz. Extracting by manifest.
109 silly tarball no local data for why-is-node-running@https://registry.npmjs.org/why-is-node-running/-/why-is-node-running-2.3.0.tgz. Extracting by manifest.
110 silly tarball no local data for vitest@https://registry.npmjs.org/vitest/-/vitest-3.2.4.tgz. Extracting by manifest.
111 silly tarball no local data for vite-node@https://registry.npmjs.org/vite-node/-/vite-node-3.2.4.tgz. Extracting by manifest.
112 silly tarball no local data for vite@https://registry.npmjs.org/vite/-/vite-6.4.1.tgz. Extracting by manifest.
113 silly tarball no local data for update-browserslist-db@https://registry.npmjs.org/update-browserslist-db/-/update-browserslist-db-1.2.3.tgz. Extracting by manifest.
114 silly tarball no local data for typescript@https://registry.npmjs.org/typescript/-/typescript-5.9.3.tgz. Extracting by manifest.
115 silly tarball no local data for tsconfck@https://registry.npmjs.org/tsconfck/-/tsconfck-3.1.6.tgz. Extracting by manifest.
116 silly tarball no local data for tldts@https://registry.npmjs.org/tldts/-/tldts-6.1.86.tgz. Extracting by manifest.
117 silly tarball no local data for semver@https://registry.npmjs.org/semver/-/semver-6.3.1.tgz. Extracting by manifest.
118 silly tarball no local data for sucrase@https://registry.npmjs.org/sucrase/-/sucrase-3.35.1.tgz. Extracting by manifest.
119 silly tarball no local data for tailwindcss@https://registry.npmjs.org/tailwindcss/-/tailwindcss-3.4.19.tgz. Extracting by manifest.
120 silly tarball no local data for rollup@https://registry.npmjs.org/rollup/-/rollup-4.59.0.tgz. Extracting by manifest.
121 silly tarball no local data for resolve@https://registry.npmjs.org/resolve/-/resolve-1.22.11.tgz. Extracting by manifest.
122 silly tarball no local data for react-router-hono-server@https://registry.npmjs.org/react-router-hono-server/-/react-router-hono-server-2.24.0.tgz. Extracting by manifest.
123 silly tarball no local data for prettier@https://registry.npmjs.org/prettier/-/prettier-3.8.1.tgz. Extracting by manifest.
124 silly tarball no local data for node-gyp-build@https://registry.npmjs.org/node-gyp-build/-/node-gyp-build-4.8.4.tgz. Extracting by manifest.
125 silly tarball no local data for nanoid@https://registry.npmjs.org/nanoid/-/nanoid-3.3.11.tgz. Extracting by manifest.
126 silly tarball no local data for mime@https://registry.npmjs.org/mime/-/mime-1.6.0.tgz. Extracting by manifest.
127 silly tarball no local data for loose-envify@https://registry.npmjs.org/loose-envify/-/loose-envify-1.4.0.tgz. Extracting by manifest.
128 silly tarball no local data for lightningcss-win32-x64-msvc@https://registry.npmjs.org/lightningcss-win32-x64-msvc/-/lightningcss-win32-x64-msvc-1.30.2.tgz. Extracting by manifest.
129 silly tarball no local data for json5@https://registry.npmjs.org/json5/-/json5-2.2.3.tgz. Extracting by manifest.
130 silly tarball no local data for jiti@https://registry.npmjs.org/jiti/-/jiti-2.6.1.tgz. Extracting by manifest.
131 silly tarball no local data for jsesc@https://registry.npmjs.org/jsesc/-/jsesc-3.1.0.tgz. Extracting by manifest.
132 silly tarball no local data for esbuild@https://registry.npmjs.org/esbuild/-/esbuild-0.25.12.tgz. Extracting by manifest.
133 silly tarball no local data for browserslist@https://registry.npmjs.org/browserslist/-/browserslist-4.28.1.tgz. Extracting by manifest.
134 silly tarball no local data for cssesc@https://registry.npmjs.org/cssesc/-/cssesc-3.0.0.tgz. Extracting by manifest.
135 silly tarball no local data for baseline-browser-mapping@https://registry.npmjs.org/baseline-browser-mapping/-/baseline-browser-mapping-2.9.19.tgz. Extracting by manifest.
136 silly tarball no local data for autoprefixer@https://registry.npmjs.org/autoprefixer/-/autoprefixer-10.4.24.tgz. Extracting by manifest.
137 silly tarball no local data for semver@https://registry.npmjs.org/semver/-/semver-7.7.3.tgz. Extracting by manifest.
138 silly tarball no local data for jsesc@https://registry.npmjs.org/jsesc/-/jsesc-3.0.2.tgz. Extracting by manifest.
139 silly tarball no local data for picomatch@https://registry.npmjs.org/picomatch/-/picomatch-4.0.3.tgz. Extracting by manifest.
140 silly tarball no local data for pathe@https://registry.npmjs.org/pathe/-/pathe-2.0.3.tgz. Extracting by manifest.
141 silly tarball no local data for pathe@https://registry.npmjs.org/pathe/-/pathe-2.0.3.tgz. Extracting by manifest.
142 silly tarball no local data for picomatch@https://registry.npmjs.org/picomatch/-/picomatch-4.0.3.tgz. Extracting by manifest.
143 silly tarball no local data for readdirp@https://registry.npmjs.org/readdirp/-/readdirp-3.6.0.tgz. Extracting by manifest.
144 silly tarball no local data for chokidar@https://registry.npmjs.org/chokidar/-/chokidar-3.6.0.tgz. Extracting by manifest.
145 silly tarball no local data for glob-parent@https://registry.npmjs.org/glob-parent/-/glob-parent-6.0.2.tgz. Extracting by manifest.
146 silly tarball no local data for jiti@https://registry.npmjs.org/jiti/-/jiti-1.21.7.tgz. Extracting by manifest.
147 silly tarball no local data for glob-parent@https://registry.npmjs.org/glob-parent/-/glob-parent-5.1.2.tgz. Extracting by manifest.
148 verbose audit error FetchError: request to https://registry.npmjs.org/-/npm/v1/security/advisories/bulk failed, reason: 
148 verbose audit error     at ClientRequest.<anonymous> (C:\Program Files\nodejs\node_modules\npm\node_modules\minipass-fetch\lib\index.js:130:14)
148 verbose audit error     at ClientRequest.emit (node:events:508:28)
148 verbose audit error     at emitErrorEvent (node:_http_client:108:11)
148 verbose audit error     at _destroy (node:_http_client:963:9)
148 verbose audit error     at onSocketNT (node:_http_client:983:5)
148 verbose audit error     at process.processTicksAndRejections (node:internal/process/task_queues:91:21) {
148 verbose audit error   code: 'EACCES',
148 verbose audit error   errno: 'EACCES',
148 verbose audit error   type: 'system'
148 verbose audit error }
149 silly audit error undefined
150 silly audit report null
151 http fetch GET https://registry.npmjs.org/@tailwindcss/oxide-win32-x64-msvc/-/oxide-win32-x64-msvc-4.1.18.tgz attempt 1 failed with EACCES
152 http fetch GET https://registry.npmjs.org/@rollup/rollup-win32-x64-msvc/-/rollup-win32-x64-msvc-4.59.0.tgz attempt 1 failed with EACCES
153 http fetch GET https://registry.npmjs.org/@rollup/rollup-win32-x64-gnu/-/rollup-win32-x64-gnu-4.59.0.tgz attempt 1 failed with EACCES
154 http fetch GET https://registry.npmjs.org/@react-router/serve/-/serve-7.13.0.tgz attempt 1 failed with EACCES
155 http fetch GET https://registry.npmjs.org/@react-router/dev/-/dev-7.13.0.tgz attempt 1 failed with EACCES
156 http fetch GET https://registry.npmjs.org/@napi-rs/canvas-win32-x64-msvc/-/canvas-win32-x64-msvc-0.1.96.tgz attempt 1 failed with EACCES
157 http fetch GET https://registry.npmjs.org/@esbuild/win32-x64/-/win32-x64-0.25.12.tgz attempt 1 failed with EACCES
158 http fetch GET https://registry.npmjs.org/@babel/parser/-/parser-7.29.0.tgz attempt 1 failed with EACCES
159 http fetch GET https://registry.npmjs.org/why-is-node-running/-/why-is-node-running-2.3.0.tgz attempt 1 failed with EACCES
160 http fetch GET https://registry.npmjs.org/vitest/-/vitest-3.2.4.tgz attempt 1 failed with EACCES
161 http fetch GET https://registry.npmjs.org/vite-node/-/vite-node-3.2.4.tgz attempt 1 failed with EACCES
162 http fetch GET https://registry.npmjs.org/vite/-/vite-6.4.1.tgz attempt 1 failed with EACCES
163 http fetch GET https://registry.npmjs.org/update-browserslist-db/-/update-browserslist-db-1.2.3.tgz attempt 1 failed with EACCES
164 http fetch GET https://registry.npmjs.org/typescript/-/typescript-5.9.3.tgz attempt 1 failed with EACCES
165 http fetch GET https://registry.npmjs.org/npm attempt 2 failed with EACCES
166 http fetch GET https://registry.npmjs.org/@tailwindcss/oxide-win32-x64-msvc/-/oxide-win32-x64-msvc-4.1.18.tgz attempt 2 failed with EACCES
167 http fetch GET https://registry.npmjs.org/@rollup/rollup-win32-x64-msvc/-/rollup-win32-x64-msvc-4.59.0.tgz attempt 2 failed with EACCES
168 http fetch GET https://registry.npmjs.org/@rollup/rollup-win32-x64-gnu/-/rollup-win32-x64-gnu-4.59.0.tgz attempt 2 failed with EACCES
169 http fetch GET https://registry.npmjs.org/@react-router/serve/-/serve-7.13.0.tgz attempt 2 failed with EACCES
170 http fetch GET https://registry.npmjs.org/@react-router/dev/-/dev-7.13.0.tgz attempt 2 failed with EACCES
171 http fetch GET https://registry.npmjs.org/@napi-rs/canvas-win32-x64-msvc/-/canvas-win32-x64-msvc-0.1.96.tgz attempt 2 failed with EACCES
172 http fetch GET https://registry.npmjs.org/@esbuild/win32-x64/-/win32-x64-0.25.12.tgz attempt 2 failed with EACCES
173 http fetch GET https://registry.npmjs.org/@babel/parser/-/parser-7.29.0.tgz attempt 2 failed with EACCES
174 http fetch GET https://registry.npmjs.org/why-is-node-running/-/why-is-node-running-2.3.0.tgz attempt 2 failed with EACCES
175 http fetch GET https://registry.npmjs.org/vitest/-/vitest-3.2.4.tgz attempt 2 failed with EACCES
176 http fetch GET https://registry.npmjs.org/vite-node/-/vite-node-3.2.4.tgz attempt 2 failed with EACCES
177 http fetch GET https://registry.npmjs.org/vite/-/vite-6.4.1.tgz attempt 2 failed with EACCES
178 http fetch GET https://registry.npmjs.org/update-browserslist-db/-/update-browserslist-db-1.2.3.tgz attempt 2 failed with EACCES
179 http fetch GET https://registry.npmjs.org/typescript/-/typescript-5.9.3.tgz attempt 2 failed with EACCES
180 http fetch GET https://registry.npmjs.org/npm attempt 3 failed with EACCES
181 http fetch GET https://registry.npmjs.org/@tailwindcss/oxide-win32-x64-msvc/-/oxide-win32-x64-msvc-4.1.18.tgz attempt 3 failed with EACCES
182 verbose reify failed optional dependency C:\Users\badho\Downloads\connect.sohub.com.bd\connect.sohub.com.bd\node_modules\@tailwindcss\oxide-win32-x64-msvc
183 silly reify mark deleted [
183 silly reify   'C:\\Users\\badho\\Downloads\\connect.sohub.com.bd\\connect.sohub.com.bd\\node_modules\\@tailwindcss\\oxide-win32-x64-msvc'
183 silly reify ]
184 http fetch GET https://registry.npmjs.org/@rollup/rollup-win32-x64-msvc/-/rollup-win32-x64-msvc-4.59.0.tgz attempt 3 failed with EACCES
185 verbose reify failed optional dependency C:\Users\badho\Downloads\connect.sohub.com.bd\connect.sohub.com.bd\node_modules\@rollup\rollup-win32-x64-msvc
186 silly reify mark deleted [
186 silly reify   'C:\\Users\\badho\\Downloads\\connect.sohub.com.bd\\connect.sohub.com.bd\\node_modules\\@rollup\\rollup-win32-x64-msvc'
186 silly reify ]
187 http fetch GET https://registry.npmjs.org/@rollup/rollup-win32-x64-gnu/-/rollup-win32-x64-gnu-4.59.0.tgz attempt 3 failed with EACCES
188 verbose reify failed optional dependency C:\Users\badho\Downloads\connect.sohub.com.bd\connect.sohub.com.bd\node_modules\@rollup\rollup-win32-x64-gnu
189 silly reify mark deleted [
189 silly reify   'C:\\Users\\badho\\Downloads\\connect.sohub.com.bd\\connect.sohub.com.bd\\node_modules\\@rollup\\rollup-win32-x64-gnu'
189 silly reify ]
190 http fetch GET https://registry.npmjs.org/@react-router/serve/-/serve-7.13.0.tgz attempt 3 failed with EACCES
191 http fetch GET https://registry.npmjs.org/@react-router/dev/-/dev-7.13.0.tgz attempt 3 failed with EACCES
192 http fetch GET https://registry.npmjs.org/@napi-rs/canvas-win32-x64-msvc/-/canvas-win32-x64-msvc-0.1.96.tgz attempt 3 failed with EACCES
193 verbose reify failed optional dependency C:\Users\badho\Downloads\connect.sohub.com.bd\connect.sohub.com.bd\node_modules\@napi-rs\canvas-win32-x64-msvc
194 silly reify mark deleted [
194 silly reify   'C:\\Users\\badho\\Downloads\\connect.sohub.com.bd\\connect.sohub.com.bd\\node_modules\\@napi-rs\\canvas-win32-x64-msvc'
194 silly reify ]
195 http fetch GET https://registry.npmjs.org/@esbuild/win32-x64/-/win32-x64-0.25.12.tgz attempt 3 failed with EACCES
196 verbose reify failed optional dependency C:\Users\badho\Downloads\connect.sohub.com.bd\connect.sohub.com.bd\node_modules\@esbuild\win32-x64
197 silly reify mark deleted [
197 silly reify   'C:\\Users\\badho\\Downloads\\connect.sohub.com.bd\\connect.sohub.com.bd\\node_modules\\@esbuild\\win32-x64'
197 silly reify ]
198 http fetch GET https://registry.npmjs.org/@babel/parser/-/parser-7.29.0.tgz attempt 3 failed with EACCES
199 http fetch GET https://registry.npmjs.org/why-is-node-running/-/why-is-node-running-2.3.0.tgz attempt 3 failed with EACCES
200 http fetch GET https://registry.npmjs.org/vitest/-/vitest-3.2.4.tgz attempt 3 failed with EACCES
201 http fetch GET https://registry.npmjs.org/vite-node/-/vite-node-3.2.4.tgz attempt 3 failed with EACCES
202 http fetch GET https://registry.npmjs.org/vite/-/vite-6.4.1.tgz attempt 3 failed with EACCES
203 http fetch GET https://registry.npmjs.org/update-browserslist-db/-/update-browserslist-db-1.2.3.tgz attempt 3 failed with EACCES
204 http fetch GET https://registry.npmjs.org/typescript/-/typescript-5.9.3.tgz attempt 3 failed with EACCES
205 verbose cwd C:\Users\badho\Downloads\connect.sohub.com.bd\connect.sohub.com.bd
206 verbose os Windows_NT 10.0.26200
207 verbose node v24.14.0
208 verbose npm  v11.9.0
209 error Exit handler never called!
210 error This is an error with npm itself. Please report this error at:
211 error   <https://github.com/npm/cli/issues>
212 verbose exit 1
213 verbose code 1
214 error A complete log of this run can be found in: C:\Users\badho\Downloads\connect.sohub.com.bd\connect.sohub.com.bd\.npm-cache\_logs\2026-03-12T06_40_20_698Z-debug-0.log
