0 verbose cli C:\Program Files\nodejs\node.exe C:\Program Files\nodejs\node_modules\npm\bin\npm-cli.js
1 info using npm@11.9.0
2 info using node@v24.14.0
3 silly config load:file:C:\Program Files\nodejs\node_modules\npm\npmrc
4 silly config load:file:C:\Users\badho\Downloads\connect.sohub.com.bd\connect.sohub.com.bd\.npmrc
5 silly config load:file:C:\Users\badho\.npmrc
6 silly config load:file:C:\Users\badho\AppData\Roaming\npm\etc\npmrc
7 verbose title npm install
8 verbose argv "install"
9 verbose logfile logs-max:10 dir:C:\Users\badho\Downloads\connect.sohub.com.bd\connect.sohub.com.bd\.npm-cache\_logs\2026-03-12T06_43_35_696Z-
10 verbose logfile C:\Users\badho\Downloads\connect.sohub.com.bd\connect.sohub.com.bd\.npm-cache\_logs\2026-03-12T06_43_35_696Z-debug-0.log
11 silly logfile done cleaning log files
12 silly packumentCache heap:2348810240 maxSize:587202560 maxEntrySize:293601280
13 verbose shrinkwrap failed to load node_modules/.package-lock.json out of date, updated: node_modules
14 silly idealTree buildDeps
15 silly reify mark retired [
15 silly reify   'C:\\Users\\badho\\Downloads\\connect.sohub.com.bd\\connect.sohub.com.bd\\node_modules\\autoprefixer'
15 silly reify ]
16 silly reify mark retired [
16 silly reify   'C:\\Users\\badho\\Downloads\\connect.sohub.com.bd\\connect.sohub.com.bd\\node_modules\\baseline-browser-mapping'
16 silly reify ]
17 silly reify mark retired [
17 silly reify   'C:\\Users\\badho\\Downloads\\connect.sohub.com.bd\\connect.sohub.com.bd\\node_modules\\browserslist'
17 silly reify ]
18 silly reify mark retired [
18 silly reify   'C:\\Users\\badho\\Downloads\\connect.sohub.com.bd\\connect.sohub.com.bd\\node_modules\\cssesc'
18 silly reify ]
19 silly reify mark retired [
19 silly reify   'C:\\Users\\badho\\Downloads\\connect.sohub.com.bd\\connect.sohub.com.bd\\node_modules\\esbuild'
19 silly reify ]
20 silly reify mark retired [
20 silly reify   'C:\\Users\\badho\\Downloads\\connect.sohub.com.bd\\connect.sohub.com.bd\\node_modules\\jiti'
20 silly reify ]
21 silly reify mark retired [
21 silly reify   'C:\\Users\\badho\\Downloads\\connect.sohub.com.bd\\connect.sohub.com.bd\\node_modules\\jsesc'
21 silly reify ]
22 silly reify mark retired [
22 silly reify   'C:\\Users\\badho\\Downloads\\connect.sohub.com.bd\\connect.sohub.com.bd\\node_modules\\json5'
22 silly reify ]
23 silly reify mark retired [
23 silly reify   'C:\\Users\\badho\\Downloads\\connect.sohub.com.bd\\connect.sohub.com.bd\\node_modules\\lightningcss-win32-x64-msvc'
23 silly reify ]
24 silly reify mark retired [
24 silly reify   'C:\\Users\\badho\\Downloads\\connect.sohub.com.bd\\connect.sohub.com.bd\\node_modules\\loose-envify'
24 silly reify ]
25 silly reify mark retired [
25 silly reify   'C:\\Users\\badho\\Downloads\\connect.sohub.com.bd\\connect.sohub.com.bd\\node_modules\\mime'
25 silly reify ]
26 silly reify mark retired [
26 silly reify   'C:\\Users\\badho\\Downloads\\connect.sohub.com.bd\\connect.sohub.com.bd\\node_modules\\nanoid'
26 silly reify ]
27 silly reify mark retired [
27 silly reify   'C:\\Users\\badho\\Downloads\\connect.sohub.com.bd\\connect.sohub.com.bd\\node_modules\\node-gyp-build'
27 silly reify ]
28 silly reify mark retired [
28 silly reify   'C:\\Users\\badho\\Downloads\\connect.sohub.com.bd\\connect.sohub.com.bd\\node_modules\\prettier'
28 silly reify ]
29 silly reify mark retired [
29 silly reify   'C:\\Users\\badho\\Downloads\\connect.sohub.com.bd\\connect.sohub.com.bd\\node_modules\\react-router-hono-server'
29 silly reify ]
30 silly reify mark retired [
30 silly reify   'C:\\Users\\badho\\Downloads\\connect.sohub.com.bd\\connect.sohub.com.bd\\node_modules\\resolve'
30 silly reify ]
31 silly reify mark retired [
31 silly reify   'C:\\Users\\badho\\Downloads\\connect.sohub.com.bd\\connect.sohub.com.bd\\node_modules\\rollup'
31 silly reify ]
32 silly reify mark retired [
32 silly reify   'C:\\Users\\badho\\Downloads\\connect.sohub.com.bd\\connect.sohub.com.bd\\node_modules\\semver'
32 silly reify ]
33 silly reify mark retired [
33 silly reify   'C:\\Users\\badho\\Downloads\\connect.sohub.com.bd\\connect.sohub.com.bd\\node_modules\\sucrase'
33 silly reify ]
34 silly reify mark retired [
34 silly reify   'C:\\Users\\badho\\Downloads\\connect.sohub.com.bd\\connect.sohub.com.bd\\node_modules\\tailwindcss'
34 silly reify ]
35 silly reify mark retired [
35 silly reify   'C:\\Users\\badho\\Downloads\\connect.sohub.com.bd\\connect.sohub.com.bd\\node_modules\\tldts'
35 silly reify ]
36 silly reify mark retired [
36 silly reify   'C:\\Users\\badho\\Downloads\\connect.sohub.com.bd\\connect.sohub.com.bd\\node_modules\\tsconfck'
36 silly reify ]
37 silly reify mark retired [
37 silly reify   'C:\\Users\\badho\\Downloads\\connect.sohub.com.bd\\connect.sohub.com.bd\\node_modules\\typescript'
37 silly reify ]
38 silly reify mark retired [
38 silly reify   'C:\\Users\\badho\\Downloads\\connect.sohub.com.bd\\connect.sohub.com.bd\\node_modules\\update-browserslist-db'
38 silly reify ]
39 silly reify mark retired [
39 silly reify   'C:\\Users\\badho\\Downloads\\connect.sohub.com.bd\\connect.sohub.com.bd\\node_modules\\vite'
39 silly reify ]
40 silly reify mark retired [
40 silly reify   'C:\\Users\\badho\\Downloads\\connect.sohub.com.bd\\connect.sohub.com.bd\\node_modules\\vite-node'
40 silly reify ]
41 silly reify mark retired [
41 silly reify   'C:\\Users\\badho\\Downloads\\connect.sohub.com.bd\\connect.sohub.com.bd\\node_modules\\vitest'
41 silly reify ]
42 silly reify mark retired [
42 silly reify   'C:\\Users\\badho\\Downloads\\connect.sohub.com.bd\\connect.sohub.com.bd\\node_modules\\why-is-node-running'
42 silly reify ]
43 silly reify mark retired [
43 silly reify   'C:\\Users\\badho\\Downloads\\connect.sohub.com.bd\\connect.sohub.com.bd\\node_modules\\@babel\\parser'
43 silly reify ]
44 silly reify mark retired [
44 silly reify   'C:\\Users\\badho\\Downloads\\connect.sohub.com.bd\\connect.sohub.com.bd\\node_modules\\@esbuild\\win32-x64'
44 silly reify ]
45 silly reify mark retired [
45 silly reify   'C:\\Users\\badho\\Downloads\\connect.sohub.com.bd\\connect.sohub.com.bd\\node_modules\\@napi-rs\\canvas-win32-x64-msvc'
45 silly reify ]
46 silly reify mark retired [
46 silly reify   'C:\\Users\\badho\\Downloads\\connect.sohub.com.bd\\connect.sohub.com.bd\\node_modules\\@react-router\\dev'
46 silly reify ]
47 silly reify mark retired [
47 silly reify   'C:\\Users\\badho\\Downloads\\connect.sohub.com.bd\\connect.sohub.com.bd\\node_modules\\@react-router\\serve'
47 silly reify ]
48 silly reify mark retired [
48 silly reify   'C:\\Users\\badho\\Downloads\\connect.sohub.com.bd\\connect.sohub.com.bd\\node_modules\\@rollup\\rollup-win32-x64-gnu'
48 silly reify ]
49 silly reify mark retired [
49 silly reify   'C:\\Users\\badho\\Downloads\\connect.sohub.com.bd\\connect.sohub.com.bd\\node_modules\\@rollup\\rollup-win32-x64-msvc'
49 silly reify ]
50 silly reify mark retired [
50 silly reify   'C:\\Users\\badho\\Downloads\\connect.sohub.com.bd\\connect.sohub.com.bd\\node_modules\\@tailwindcss\\oxide-win32-x64-msvc'
50 silly reify ]
51 silly reify moves {
51 silly reify   'C:\\Users\\badho\\Downloads\\connect.sohub.com.bd\\connect.sohub.com.bd\\node_modules\\autoprefixer': 'C:\\Users\\badho\\Downloads\\connect.sohub.com.bd\\connect.sohub.com.bd\\node_modules\\.autoprefixer-ut9bO7Hu',
51 silly reify   'C:\\Users\\badho\\Downloads\\connect.sohub.com.bd\\connect.sohub.com.bd\\node_modules\\baseline-browser-mapping': 'C:\\Users\\badho\\Downloads\\connect.sohub.com.bd\\connect.sohub.com.bd\\node_modules\\.baseline-browser-mapping-k1SOcA5K',
51 silly reify   'C:\\Users\\badho\\Downloads\\connect.sohub.com.bd\\connect.sohub.com.bd\\node_modules\\browserslist': 'C:\\Users\\badho\\Downloads\\connect.sohub.com.bd\\connect.sohub.com.bd\\node_modules\\.browserslist-Oe2Sffgk',
51 silly reify   'C:\\Users\\badho\\Downloads\\connect.sohub.com.bd\\connect.sohub.com.bd\\node_modules\\cssesc': 'C:\\Users\\badho\\Downloads\\connect.sohub.com.bd\\connect.sohub.com.bd\\node_modules\\.cssesc-uKrF7rwl',
51 silly reify   'C:\\Users\\badho\\Downloads\\connect.sohub.com.bd\\connect.sohub.com.bd\\node_modules\\esbuild': 'C:\\Users\\badho\\Downloads\\connect.sohub.com.bd\\connect.sohub.com.bd\\node_modules\\.esbuild-25HrSGal',
51 silly reify   'C:\\Users\\badho\\Downloads\\connect.sohub.com.bd\\connect.sohub.com.bd\\node_modules\\jiti': 'C:\\Users\\badho\\Downloads\\connect.sohub.com.bd\\connect.sohub.com.bd\\node_modules\\.jiti-4yMtMYJP',
51 silly reify   'C:\\Users\\badho\\Downloads\\connect.sohub.com.bd\\connect.sohub.com.bd\\node_modules\\jsesc': 'C:\\Users\\badho\\Downloads\\connect.sohub.com.bd\\connect.sohub.com.bd\\node_modules\\.jsesc-E6jTCiTs',
51 silly reify   'C:\\Users\\badho\\Downloads\\connect.sohub.com.bd\\connect.sohub.com.bd\\node_modules\\json5': 'C:\\Users\\badho\\Downloads\\connect.sohub.com.bd\\connect.sohub.com.bd\\node_modules\\.json5-U3mJhtDU',
51 silly reify   'C:\\Users\\badho\\Downloads\\connect.sohub.com.bd\\connect.sohub.com.bd\\node_modules\\lightningcss-win32-x64-msvc': 'C:\\Users\\badho\\Downloads\\connect.sohub.com.bd\\connect.sohub.com.bd\\node_modules\\.lightningcss-win32-x64-msvc-IDwh6EHz',
51 silly reify   'C:\\Users\\badho\\Downloads\\connect.sohub.com.bd\\connect.sohub.com.bd\\node_modules\\loose-envify': 'C:\\Users\\badho\\Downloads\\connect.sohub.com.bd\\connect.sohub.com.bd\\node_modules\\.loose-envify-RcCEoPnB',
51 silly reify   'C:\\Users\\badho\\Downloads\\connect.sohub.com.bd\\connect.sohub.com.bd\\node_modules\\mime': 'C:\\Users\\badho\\Downloads\\connect.sohub.com.bd\\connect.sohub.com.bd\\node_modules\\.mime-TP8bkbSb',
51 silly reify   'C:\\Users\\badho\\Downloads\\connect.sohub.com.bd\\connect.sohub.com.bd\\node_modules\\nanoid': 'C:\\Users\\badho\\Downloads\\connect.sohub.com.bd\\connect.sohub.com.bd\\node_modules\\.nanoid-NyPA4GPz',
51 silly reify   'C:\\Users\\badho\\Downloads\\connect.sohub.com.bd\\connect.sohub.com.bd\\node_modules\\node-gyp-build': 'C:\\Users\\badho\\Downloads\\connect.sohub.com.bd\\connect.sohub.com.bd\\node_modules\\.node-gyp-build-VR1U6HVr',
51 silly reify   'C:\\Users\\badho\\Downloads\\connect.sohub.com.bd\\connect.sohub.com.bd\\node_modules\\prettier': 'C:\\Users\\badho\\Downloads\\connect.sohub.com.bd\\connect.sohub.com.bd\\node_modules\\.prettier-lV2dZj8N',
51 silly reify   'C:\\Users\\badho\\Downloads\\connect.sohub.com.bd\\connect.sohub.com.bd\\node_modules\\react-router-hono-server': 'C:\\Users\\badho\\Downloads\\connect.sohub.com.bd\\connect.sohub.com.bd\\node_modules\\.react-router-hono-server-WvZWnTjy',
51 silly reify   'C:\\Users\\badho\\Downloads\\connect.sohub.com.bd\\connect.sohub.com.bd\\node_modules\\resolve': 'C:\\Users\\badho\\Downloads\\connect.sohub.com.bd\\connect.sohub.com.bd\\node_modules\\.resolve-1SRONoFG',
51 silly reify   'C:\\Users\\badho\\Downloads\\connect.sohub.com.bd\\connect.sohub.com.bd\\node_modules\\rollup': 'C:\\Users\\badho\\Downloads\\connect.sohub.com.bd\\connect.sohub.com.bd\\node_modules\\.rollup-qpFdmJGu',
51 silly reify   'C:\\Users\\badho\\Downloads\\connect.sohub.com.bd\\connect.sohub.com.bd\\node_modules\\semver': 'C:\\Users\\badho\\Downloads\\connect.sohub.com.bd\\connect.sohub.com.bd\\node_modules\\.semver-sqGSJXaF',
51 silly reify   'C:\\Users\\badho\\Downloads\\connect.sohub.com.bd\\connect.sohub.com.bd\\node_modules\\sucrase': 'C:\\Users\\badho\\Downloads\\connect.sohub.com.bd\\connect.sohub.com.bd\\node_modules\\.sucrase-oWyeHwf8',
51 silly reify   'C:\\Users\\badho\\Downloads\\connect.sohub.com.bd\\connect.sohub.com.bd\\node_modules\\tailwindcss': 'C:\\Users\\badho\\Downloads\\connect.sohub.com.bd\\connect.sohub.com.bd\\node_modules\\.tailwindcss-MlCHZ1Zy',
51 silly reify   'C:\\Users\\badho\\Downloads\\connect.sohub.com.bd\\connect.sohub.com.bd\\node_modules\\tldts': 'C:\\Users\\badho\\Downloads\\connect.sohub.com.bd\\connect.sohub.com.bd\\node_modules\\.tldts-lH1mWbJT',
51 silly reify   'C:\\Users\\badho\\Downloads\\connect.sohub.com.bd\\connect.sohub.com.bd\\node_modules\\tsconfck': 'C:\\Users\\badho\\Downloads\\connect.sohub.com.bd\\connect.sohub.com.bd\\node_modules\\.tsconfck-hxJE9dz3',
51 silly reify   'C:\\Users\\badho\\Downloads\\connect.sohub.com.bd\\connect.sohub.com.bd\\node_modules\\typescript': 'C:\\Users\\badho\\Downloads\\connect.sohub.com.bd\\connect.sohub.com.bd\\node_modules\\.typescript-28FBgJXq',
51 silly reify   'C:\\Users\\badho\\Downloads\\connect.sohub.com.bd\\connect.sohub.com.bd\\node_modules\\update-browserslist-db': 'C:\\Users\\badho\\Downloads\\connect.sohub.com.bd\\connect.sohub.com.bd\\node_modules\\.update-browserslist-db-sHcpJvb3',
51 silly reify   'C:\\Users\\badho\\Downloads\\connect.sohub.com.bd\\connect.sohub.com.bd\\node_modules\\vite': 'C:\\Users\\badho\\Downloads\\connect.sohub.com.bd\\connect.sohub.com.bd\\node_modules\\.vite-Mf0N4E9b',
51 silly reify   'C:\\Users\\badho\\Downloads\\connect.sohub.com.bd\\connect.sohub.com.bd\\node_modules\\vite-node': 'C:\\Users\\badho\\Downloads\\connect.sohub.com.bd\\connect.sohub.com.bd\\node_modules\\.vite-node-oVb4L4B1',
51 silly reify   'C:\\Users\\badho\\Downloads\\connect.sohub.com.bd\\connect.sohub.com.bd\\node_modules\\vitest': 'C:\\Users\\badho\\Downloads\\connect.sohub.com.bd\\connect.sohub.com.bd\\node_modules\\.vitest-6ydUaibR',
51 silly reify   'C:\\Users\\badho\\Downloads\\connect.sohub.com.bd\\connect.sohub.com.bd\\node_modules\\why-is-node-running': 'C:\\Users\\badho\\Downloads\\connect.sohub.com.bd\\connect.sohub.com.bd\\node_modules\\.why-is-node-running-xbUnDsKL',
51 silly reify   'C:\\Users\\badho\\Downloads\\connect.sohub.com.bd\\connect.sohub.com.bd\\node_modules\\@babel\\parser': 'C:\\Users\\badho\\Downloads\\connect.sohub.com.bd\\connect.sohub.com.bd\\node_modules\\@babel\\.parser-ni4rTtmS',
51 silly reify   'C:\\Users\\badho\\Downloads\\connect.sohub.com.bd\\connect.sohub.com.bd\\node_modules\\@esbuild\\win32-x64': 'C:\\Users\\badho\\Downloads\\connect.sohub.com.bd\\connect.sohub.com.bd\\node_modules\\@esbuild\\.win32-x64-cVgLInvE',
51 silly reify   'C:\\Users\\badho\\Downloads\\connect.sohub.com.bd\\connect.sohub.com.bd\\node_modules\\@napi-rs\\canvas-win32-x64-msvc': 'C:\\Users\\badho\\Downloads\\connect.sohub.com.bd\\connect.sohub.com.bd\\node_modules\\@napi-rs\\.canvas-win32-x64-msvc-qZTXaC53',
51 silly reify   'C:\\Users\\badho\\Downloads\\connect.sohub.com.bd\\connect.sohub.com.bd\\node_modules\\@react-router\\dev': 'C:\\Users\\badho\\Downloads\\connect.sohub.com.bd\\connect.sohub.com.bd\\node_modules\\@react-router\\.dev-S4Ys1CQ1',
51 silly reify   'C:\\Users\\badho\\Downloads\\connect.sohub.com.bd\\connect.sohub.com.bd\\node_modules\\@react-router\\serve': 'C:\\Users\\badho\\Downloads\\connect.sohub.com.bd\\connect.sohub.com.bd\\node_modules\\@react-router\\.serve-gxRL6mdK',
51 silly reify   'C:\\Users\\badho\\Downloads\\connect.sohub.com.bd\\connect.sohub.com.bd\\node_modules\\@rollup\\rollup-win32-x64-gnu': 'C:\\Users\\badho\\Downloads\\connect.sohub.com.bd\\connect.sohub.com.bd\\node_modules\\@rollup\\.rollup-win32-x64-gnu-b5sKsXK6',
51 silly reify   'C:\\Users\\badho\\Downloads\\connect.sohub.com.bd\\connect.sohub.com.bd\\node_modules\\@rollup\\rollup-win32-x64-msvc': 'C:\\Users\\badho\\Downloads\\connect.sohub.com.bd\\connect.sohub.com.bd\\node_modules\\@rollup\\.rollup-win32-x64-msvc-YeltvjqY',
51 silly reify   'C:\\Users\\badho\\Downloads\\connect.sohub.com.bd\\connect.sohub.com.bd\\node_modules\\@tailwindcss\\oxide-win32-x64-msvc': 'C:\\Users\\badho\\Downloads\\connect.sohub.com.bd\\connect.sohub.com.bd\\node_modules\\@tailwindcss\\.oxide-win32-x64-msvc-2pXrMAkX'
51 silly reify }
52 silly audit bulk request {
52 silly audit   '@adobe/css-tools': [ '4.4.4' ],
52 silly audit   '@alloc/quick-lru': [ '5.2.0' ],
52 silly audit   '@asamuzakjp/css-color': [ '3.2.0' ],
52 silly audit   'lru-cache': [ '10.4.3', '5.1.1' ],
52 silly audit   '@auth/core': [ '0.37.4' ],
52 silly audit   '@babel/code-frame': [ '7.29.0' ],
52 silly audit   '@babel/compat-data': [ '7.29.0' ],
52 silly audit   '@babel/core': [ '7.29.0' ],
52 silly audit   '@babel/generator': [ '7.29.0' ],
52 silly audit   '@babel/helper-annotate-as-pure': [ '7.27.3' ],
52 silly audit   '@babel/helper-compilation-targets': [ '7.28.6' ],
52 silly audit   '@babel/helper-create-class-features-plugin': [ '7.28.6' ],
52 silly audit   '@babel/helper-globals': [ '7.28.0' ],
52 silly audit   '@babel/helper-member-expression-to-functions': [ '7.28.5' ],
52 silly audit   '@babel/helper-module-imports': [ '7.28.6' ],
52 silly audit   '@babel/helper-module-transforms': [ '7.28.6' ],
52 silly audit   '@babel/helper-optimise-call-expression': [ '7.27.1' ],
52 silly audit   '@babel/helper-plugin-utils': [ '7.28.6' ],
52 silly audit   '@babel/helper-replace-supers': [ '7.28.6' ],
52 silly audit   '@babel/helper-skip-transparent-expression-wrappers': [ '7.27.1' ],
52 silly audit   '@babel/helper-string-parser': [ '7.27.1' ],
52 silly audit   '@babel/helper-validator-identifier': [ '7.28.5' ],
52 silly audit   '@babel/helper-validator-option': [ '7.27.1' ],
52 silly audit   '@babel/helpers': [ '7.28.6' ],
52 silly audit   '@babel/parser': [ '7.29.0' ],
52 silly audit   '@babel/plugin-syntax-jsx': [ '7.28.6' ],
52 silly audit   '@babel/plugin-syntax-typescript': [ '7.28.6' ],
52 silly audit   '@babel/plugin-transform-modules-commonjs': [ '7.28.6' ],
52 silly audit   '@babel/plugin-transform-react-display-name': [ '7.28.0' ],
52 silly audit   '@babel/plugin-transform-react-jsx': [ '7.28.6' ],
52 silly audit   '@babel/plugin-transform-react-jsx-development': [ '7.27.1' ],
52 silly audit   '@babel/plugin-transform-react-pure-annotations': [ '7.27.1' ],
52 silly audit   '@babel/plugin-transform-typescript': [ '7.28.6' ],
52 silly audit   '@babel/preset-react': [ '7.28.5' ],
52 silly audit   '@babel/preset-typescript': [ '7.28.5' ],
52 silly audit   '@babel/runtime': [ '7.28.6' ],
52 silly audit   '@babel/template': [ '7.28.6' ],
52 silly audit   '@babel/traverse': [ '7.29.0' ],
52 silly audit   '@babel/types': [ '7.29.0' ],
52 silly audit   '@chakra-ui/accordion': [ '2.3.1' ],
52 silly audit   '@chakra-ui/alert': [ '2.2.2' ],
52 silly audit   '@chakra-ui/anatomy': [ '2.2.2' ],
52 silly audit   '@chakra-ui/avatar': [ '2.3.0' ],
52 silly audit   '@chakra-ui/breadcrumb': [ '2.2.0' ],
52 silly audit   '@chakra-ui/breakpoint-utils': [ '2.0.8' ],
52 silly audit   '@chakra-ui/button': [ '2.1.0' ],
52 silly audit   '@chakra-ui/card': [ '2.2.0' ],
52 silly audit   '@chakra-ui/checkbox': [ '2.3.2' ],
52 silly audit   '@chakra-ui/clickable': [ '2.1.0' ],
52 silly audit   '@chakra-ui/close-button': [ '2.1.1' ],
52 silly audit   '@chakra-ui/color-mode': [ '2.2.0' ],
52 silly audit   '@chakra-ui/control-box': [ '2.1.0' ],
52 silly audit   '@chakra-ui/counter': [ '2.1.0' ],
52 silly audit   '@chakra-ui/css-reset': [ '2.3.0' ],
52 silly audit   '@chakra-ui/descendant': [ '3.1.0' ],
52 silly audit   '@chakra-ui/dom-utils': [ '2.1.0' ],
52 silly audit   '@chakra-ui/editable': [ '3.1.0' ],
52 silly audit   '@chakra-ui/event-utils': [ '2.0.8' ],
52 silly audit   '@chakra-ui/focus-lock': [ '2.1.0' ],
52 silly audit   '@chakra-ui/form-control': [ '2.2.0' ],
52 silly audit   '@chakra-ui/hooks': [ '2.2.1' ],
52 silly audit   '@chakra-ui/icon': [ '3.2.0' ],
52 silly audit   '@chakra-ui/image': [ '2.1.0' ],
52 silly audit   '@chakra-ui/input': [ '2.1.2' ],
52 silly audit   '@chakra-ui/layout': [ '2.3.1' ],
52 silly audit   '@chakra-ui/lazy-utils': [ '2.0.5' ],
52 silly audit   '@chakra-ui/live-region': [ '2.1.0' ],
52 silly audit   '@chakra-ui/media-query': [ '3.3.0' ],
52 silly audit   '@chakra-ui/menu': [ '2.2.1' ],
52 silly audit   '@chakra-ui/modal': [ '2.3.1' ],
52 silly audit   '@chakra-ui/number-input': [ '2.1.2' ],
52 silly audit   '@chakra-ui/number-utils': [ '2.0.7' ],
52 silly audit   '@chakra-ui/object-utils': [ '2.1.0' ],
52 silly audit   '@chakra-ui/pin-input': [ '2.1.0' ],
52 silly audit   '@chakra-ui/popover': [ '2.2.1' ],
52 silly audit   '@chakra-ui/popper': [ '3.1.0' ],
52 silly audit   '@chakra-ui/portal': [ '2.1.0' ],
52 silly audit   '@chakra-ui/progress': [ '2.2.0' ],
52 silly audit   '@chakra-ui/provider': [ '2.4.2' ],
52 silly audit   '@chakra-ui/radio': [ '2.1.2' ],
52 silly audit   '@chakra-ui/react': [ '2.8.2' ],
52 silly audit   '@chakra-ui/react-children-utils': [ '2.0.6' ],
52 silly audit   '@chakra-ui/react-context': [ '2.1.0' ],
52 silly audit   '@chakra-ui/react-env': [ '3.1.0' ],
52 silly audit   '@chakra-ui/react-types': [ '2.0.7' ],
52 silly audit   '@chakra-ui/react-use-animation-state': [ '2.1.0' ],
52 silly audit   '@chakra-ui/react-use-callback-ref': [ '2.1.0' ],
52 silly audit   '@chakra-ui/react-use-controllable-state': [ '2.1.0' ],
52 silly audit   '@chakra-ui/react-use-disclosure': [ '2.1.0' ],
52 silly audit   '@chakra-ui/react-use-event-listener': [ '2.1.0' ],
52 silly audit   '@chakra-ui/react-use-focus-effect': [ '2.1.0' ],
52 silly audit   '@chakra-ui/react-use-focus-on-pointer-down': [ '2.1.0' ],
52 silly audit   '@chakra-ui/react-use-interval': [ '2.1.0' ],
52 silly audit   '@chakra-ui/react-use-latest-ref': [ '2.1.0' ],
52 silly audit   '@chakra-ui/react-use-merge-refs': [ '2.1.0' ],
52 silly audit   '@chakra-ui/react-use-outside-click': [ '2.2.0' ],
52 silly audit   '@chakra-ui/react-use-pan-event': [ '2.1.0' ],
52 silly audit   '@chakra-ui/react-use-previous': [ '2.1.0' ],
52 silly audit   '@chakra-ui/react-use-safe-layout-effect': [ '2.1.0' ],
52 silly audit   '@chakra-ui/react-use-size': [ '2.1.0' ],
52 silly audit   '@chakra-ui/react-use-timeout': [ '2.1.0' ],
52 silly audit   '@chakra-ui/react-use-update-effect': [ '2.1.0' ],
52 silly audit   '@chakra-ui/react-utils': [ '2.0.12' ],
52 silly audit   '@chakra-ui/select': [ '2.1.2' ],
52 silly audit   '@chakra-ui/shared-utils': [ '2.0.5' ],
52 silly audit   '@chakra-ui/skeleton': [ '2.1.0' ],
52 silly audit   '@chakra-ui/skip-nav': [ '2.1.0' ],
52 silly audit   '@chakra-ui/slider': [ '2.1.0' ],
52 silly audit   '@chakra-ui/spinner': [ '2.1.0' ],
52 silly audit   '@chakra-ui/stat': [ '2.1.1' ],
52 silly audit   '@chakra-ui/stepper': [ '2.3.1' ],
52 silly audit   '@chakra-ui/styled-system': [ '2.9.2' ],
52 silly audit   '@chakra-ui/switch': [ '2.1.2' ],
52 silly audit   '@chakra-ui/system': [ '2.6.2' ],
52 silly audit   '@chakra-ui/table': [ '2.1.0' ],
52 silly audit   '@chakra-ui/tabs': [ '3.0.0' ],
52 silly audit   '@chakra-ui/tag': [ '3.1.1' ],
52 silly audit   '@chakra-ui/textarea': [ '2.1.2' ],
52 silly audit   '@chakra-ui/theme': [ '3.3.1' ],
52 silly audit   '@chakra-ui/theme-tools': [ '2.1.2' ],
52 silly audit   '@chakra-ui/theme-utils': [ '2.0.21' ],
52 silly audit   '@chakra-ui/toast': [ '7.0.2' ],
52 silly audit   '@chakra-ui/tooltip': [ '2.3.1' ],
52 silly audit   '@chakra-ui/transition': [ '2.1.0' ],
52 silly audit   '@chakra-ui/utils': [ '2.0.15' ],
52 silly audit   '@chakra-ui/visually-hidden': [ '2.2.0' ],
52 silly audit   '@csstools/color-helpers': [ '5.1.0' ],
52 silly audit   '@csstools/css-calc': [ '2.1.4' ],
52 silly audit   '@csstools/css-color-parser': [ '3.1.0' ],
52 silly audit   '@csstools/css-parser-algorithms': [ '3.0.5' ],
52 silly audit   '@csstools/css-tokenizer': [ '3.0.4' ],
52 silly audit   '@date-fns/tz': [ '1.4.1' ],
52 silly audit   '@dnd-kit/accessibility': [ '3.1.1' ],
52 silly audit   '@dnd-kit/core': [ '6.3.1' ],
52 silly audit   '@dnd-kit/sortable': [ '10.0.0' ],
52 silly audit   '@dnd-kit/utilities': [ '3.2.2' ],
52 silly audit   '@drizzle-team/brocli': [ '0.11.0' ],
52 silly audit   '@emotion/babel-plugin': [ '11.13.5' ],
52 silly audit   'convert-source-map': [ '1.9.0', '2.0.0' ],
52 silly audit   '@emotion/cache': [ '11.14.0' ],
52 silly audit   '@emotion/weak-memoize': [ '0.4.0', '0.3.1' ],
52 silly audit   '@emotion/hash': [ '0.9.2' ],
52 silly audit   '@emotion/is-prop-valid': [ '1.4.0' ],
52 silly audit   '@emotion/memoize': [ '0.9.0' ],
52 silly audit   '@emotion/react': [ '11.11.4' ],
52 silly audit   '@emotion/serialize': [ '1.3.3' ],
52 silly audit   '@emotion/sheet': [ '1.4.0' ],
52 silly audit   '@emotion/styled': [ '11.11.0' ],
52 silly audit   '@emotion/unitless': [ '0.10.0' ],
52 silly audit   '@emotion/use-insertion-effect-with-fallbacks': [ '1.2.0' ],
52 silly audit   '@emotion/utils': [ '1.4.2' ],
52 silly audit   '@esbuild/aix-ppc64': [ '0.25.12' ],
52 silly audit   '@esbuild/android-arm': [ '0.25.12' ],
52 silly audit   '@esbuild/android-arm64': [ '0.25.12' ],
52 silly audit   '@esbuild/android-x64': [ '0.25.12' ],
52 silly audit   '@esbuild/darwin-arm64': [ '0.25.12' ],
52 silly audit   '@esbuild/darwin-x64': [ '0.25.12' ],
52 silly audit   '@esbuild/freebsd-arm64': [ '0.25.12' ],
52 silly audit   '@esbuild/freebsd-x64': [ '0.25.12' ],
52 silly audit   '@esbuild/linux-arm': [ '0.25.12' ],
52 silly audit   '@esbuild/linux-arm64': [ '0.25.12' ],
52 silly audit   '@esbuild/linux-ia32': [ '0.25.12' ],
52 silly audit   '@esbuild/linux-loong64': [ '0.25.12' ],
52 silly audit   '@esbuild/linux-mips64el': [ '0.25.12' ],
52 silly audit   '@esbuild/linux-ppc64': [ '0.25.12' ],
52 silly audit   '@esbuild/linux-riscv64': [ '0.25.12' ],
52 silly audit   '@esbuild/linux-s390x': [ '0.25.12' ],
52 silly audit   '@esbuild/linux-x64': [ '0.25.12' ],
52 silly audit   '@esbuild/netbsd-arm64': [ '0.25.12' ],
52 silly audit   '@esbuild/netbsd-x64': [ '0.25.12' ],
52 silly audit   '@esbuild/openbsd-arm64': [ '0.25.12' ],
52 silly audit   '@esbuild/openbsd-x64': [ '0.25.12' ],
52 silly audit   '@esbuild/openharmony-arm64': [ '0.25.12' ],
52 silly audit   '@esbuild/sunos-x64': [ '0.25.12' ],
52 silly audit   '@esbuild/win32-arm64': [ '0.25.12' ],
52 silly audit   '@esbuild/win32-ia32': [ '0.25.12' ],
52 silly audit   '@esbuild/win32-x64': [ '0.25.12' ],
52 silly audit   '@floating-ui/core': [ '1.7.4' ],
52 silly audit   '@floating-ui/dom': [ '1.7.5' ],
52 silly audit   '@floating-ui/react-dom': [ '2.1.7' ],
52 silly audit   '@floating-ui/utils': [ '0.2.10' ],
52 silly audit   '@formatjs/ecma402-abstract': [ '2.3.6' ],
52 silly audit   '@formatjs/fast-memoize': [ '2.2.7' ],
52 silly audit   '@formatjs/icu-messageformat-parser': [ '2.11.4' ],
52 silly audit   '@formatjs/icu-skeleton-parser': [ '1.8.16' ],
52 silly audit   '@formatjs/intl-localematcher': [ '0.6.2' ],
52 silly audit   '@hono/auth-js': [ '1.1.0' ],
52 silly audit   '@hono/node-server': [ '1.19.9' ],
52 silly audit   '@hono/node-ws': [ '1.3.0' ],
52 silly audit   '@hono/vite-dev-server': [ '0.24.1' ],
52 silly audit   '@hookform/resolvers': [ '3.10.0' ],
52 silly audit   '@internationalized/date': [ '3.10.1' ],
52 silly audit   '@internationalized/message': [ '3.1.8' ],
52 silly audit   '@internationalized/number': [ '3.6.5' ],
52 silly audit   '@internationalized/string': [ '3.2.7' ],
52 silly audit   '@jridgewell/gen-mapping': [ '0.3.13' ],
52 silly audit   '@jridgewell/remapping': [ '2.3.5' ],
52 silly audit   '@jridgewell/resolve-uri': [ '3.1.2' ],
52 silly audit   '@jridgewell/sourcemap-codec': [ '1.5.5' ],
52 silly audit   '@jridgewell/trace-mapping': [ '0.3.31' ],
52 silly audit   '@lshay/ui': [ '0.1.32' ],
52 silly audit   '@radix-ui/primitive': [ '1.0.0', '1.1.3' ],
52 silly audit   '@radix-ui/react-compose-refs': [ '1.0.0', '1.1.2' ],
52 silly audit   '@radix-ui/react-context': [ '1.0.0', '1.1.3', '1.1.2' ],
52 silly audit   '@radix-ui/react-dismissable-layer': [ '1.0.0', '1.1.11' ],
52 silly audit   '@radix-ui/react-focus-guards': [ '1.0.0', '1.1.3' ],
52 silly audit   '@radix-ui/react-focus-scope': [ '1.0.0', '1.1.7' ],
52 silly audit   '@radix-ui/react-id': [ '1.0.0', '1.1.1' ],
52 silly audit   '@radix-ui/react-portal': [ '1.0.0', '1.1.9' ],
52 silly audit   '@radix-ui/react-presence': [ '1.0.0', '1.1.5' ],
52 silly audit   '@radix-ui/react-primitive': [ '1.0.0', '2.1.4', '2.1.3' ],
52 silly audit   '@radix-ui/react-slot': [ '1.0.0', '1.2.3', '1.2.4' ],
52 silly audit   '@radix-ui/react-use-callback-ref': [ '1.0.0', '1.1.1' ],
52 silly audit   '@radix-ui/react-use-controllable-state': [ '1.0.0', '1.2.2' ],
52 silly audit   '@radix-ui/react-use-escape-keydown': [ '1.0.0', '1.1.1' ],
52 silly audit   '@radix-ui/react-use-layout-effect': [ '1.0.0', '1.1.1' ],
52 silly audit   cmdk: [ '0.2.1', '1.1.1' ],
52 silly audit   '@radix-ui/react-dialog': [ '1.0.0', '1.1.15' ],
52 silly audit   'date-fns': [ '2.30.0', '4.1.0' ],
52 silly audit   'react-day-picker': [ '8.10.1', '9.13.0' ],
52 silly audit   'react-remove-scroll': [ '2.5.4', '2.7.2' ],
52 silly audit   'react-resizable-panels': [ '0.0.55', '2.1.9' ],
52 silly audit   sonner: [ '1.7.4', '2.0.7' ],
52 silly audit   'tailwind-merge': [ '2.6.1', '3.4.0' ],
52 silly audit   vaul: [ '0.2.3', '1.1.2' ],
52 silly audit   '@mjackson/node-fetch-server': [ '0.2.0' ],
52 silly audit   '@napi-rs/canvas': [ '0.1.96' ],
52 silly audit   '@napi-rs/canvas-android-arm64': [ '0.1.96' ],
52 silly audit   '@napi-rs/canvas-darwin-arm64': [ '0.1.96' ],
52 silly audit   '@napi-rs/canvas-darwin-x64': [ '0.1.96' ],
52 silly audit   '@napi-rs/canvas-linux-arm-gnueabihf': [ '0.1.96' ],
52 silly audit   '@napi-rs/canvas-linux-arm64-gnu': [ '0.1.96' ],
52 silly audit   '@napi-rs/canvas-linux-arm64-musl': [ '0.1.96' ],
52 silly audit   '@napi-rs/canvas-linux-riscv64-gnu': [ '0.1.96' ],
52 silly audit   '@napi-rs/canvas-linux-x64-gnu': [ '0.1.96' ],
52 silly audit   '@napi-rs/canvas-linux-x64-musl': [ '0.1.96' ],
52 silly audit   '@napi-rs/canvas-win32-arm64-msvc': [ '0.1.96' ],
52 silly audit   '@napi-rs/canvas-win32-x64-msvc': [ '0.1.96' ],
52 silly audit   '@neondatabase/serverless': [ '0.10.4' ],
52 silly audit   '@nodelib/fs.scandir': [ '2.1.5' ],
52 silly audit   '@nodelib/fs.stat': [ '2.0.5' ],
52 silly audit   '@nodelib/fs.walk': [ '1.2.8' ],
52 silly audit   '@panva/hkdf': [ '1.2.1' ],
52 silly audit   '@phc/format': [ '1.0.0' ],
52 silly audit   '@popperjs/core': [ '2.11.8' ],
52 silly audit   '@radix-ui/number': [ '1.1.1' ],
52 silly audit   '@radix-ui/react-accordion': [ '1.2.12' ],
52 silly audit   '@radix-ui/react-alert-dialog': [ '1.1.15' ],
52 silly audit   '@radix-ui/react-arrow': [ '1.1.7' ],
52 silly audit   '@radix-ui/react-aspect-ratio': [ '1.1.8' ],
52 silly audit   '@radix-ui/react-avatar': [ '1.1.11' ],
52 silly audit   '@radix-ui/react-checkbox': [ '1.3.3' ],
52 silly audit   '@radix-ui/react-collapsible': [ '1.1.12' ],
52 silly audit   '@radix-ui/react-collection': [ '1.1.7' ],
52 silly audit   '@radix-ui/react-context-menu': [ '2.2.16' ],
52 silly audit   '@radix-ui/react-direction': [ '1.1.1' ],
52 silly audit   '@radix-ui/react-dropdown-menu': [ '2.1.16' ],
52 silly audit   '@radix-ui/react-hover-card': [ '1.1.15' ],
52 silly audit   '@radix-ui/react-label': [ '2.1.8' ],
52 silly audit   '@radix-ui/react-menu': [ '2.1.16' ],
52 silly audit   '@radix-ui/react-menubar': [ '1.1.16' ],
52 silly audit   '@radix-ui/react-navigation-menu': [ '1.2.14' ],
52 silly audit   '@radix-ui/react-popover': [ '1.1.15' ],
52 silly audit   '@radix-ui/react-popper': [ '1.2.8' ],
52 silly audit   '@radix-ui/react-progress': [ '1.1.8' ],
52 silly audit   '@radix-ui/react-radio-group': [ '1.3.8' ],
52 silly audit   '@radix-ui/react-roving-focus': [ '1.1.11' ],
52 silly audit   '@radix-ui/react-scroll-area': [ '1.2.10' ],
52 silly audit   '@radix-ui/react-select': [ '2.2.6' ],
52 silly audit   '@radix-ui/react-separator': [ '1.1.8' ],
52 silly audit   '@radix-ui/react-slider': [ '1.3.6' ],
52 silly audit   '@radix-ui/react-switch': [ '1.2.6' ],
52 silly audit   '@radix-ui/react-tabs': [ '1.1.13' ],
52 silly audit   '@radix-ui/react-toast': [ '1.2.15' ],
52 silly audit   '@radix-ui/react-toggle': [ '1.1.10' ],
52 silly audit   '@radix-ui/react-toggle-group': [ '1.1.11' ],
52 silly audit   '@radix-ui/react-tooltip': [ '1.2.8' ],
52 silly audit   '@radix-ui/react-use-effect-event': [ '0.0.2' ],
52 silly audit   '@radix-ui/react-use-is-hydrated': [ '0.1.0' ],
52 silly audit   '@radix-ui/react-use-previous': [ '1.1.1' ],
52 silly audit   '@radix-ui/react-use-rect': [ '1.1.1' ],
52 silly audit   '@radix-ui/react-use-size': [ '1.1.1' ],
52 silly audit   '@radix-ui/react-visually-hidden': [ '1.2.3' ],
52 silly audit   '@radix-ui/rect': [ '1.1.1' ],
52 silly audit   '@react-aria/button': [ '3.14.3' ],
52 silly audit   '@react-aria/focus': [ '3.21.3' ],
52 silly audit   '@react-aria/i18n': [ '3.12.14' ],
52 silly audit   '@react-aria/interactions': [ '3.26.0' ],
52 silly audit   '@react-aria/ssr': [ '3.9.10' ],
52 silly audit   '@react-aria/toolbar': [ '3.0.0-beta.22' ],
52 silly audit   '@react-aria/utils': [ '3.32.0' ],
52 silly audit   '@react-router/dev': [ '7.13.0' ],
52 silly audit   jsesc: [ '3.0.2', '3.1.0' ],
52 silly audit   semver: [ '7.7.3', '6.3.1' ],
52 silly audit   '@react-router/express': [ '7.13.0' ],
52 silly audit   '@react-router/fs-routes': [ '7.13.0' ],
52 silly audit   '@react-router/node': [ '7.13.0' ],
52 silly audit   '@react-router/serve': [ '7.13.0' ],
52 silly audit   '@react-stately/flags': [ '3.1.2' ],
52 silly audit   '@react-stately/toggle': [ '3.9.3' ],
52 silly audit   '@react-stately/utils': [ '3.11.0' ],
52 silly audit   '@react-types/button': [ '3.14.1' ],
52 silly audit   '@react-types/checkbox': [ '3.10.2' ],
52 silly audit   '@react-types/shared': [ '3.32.1' ],
52 silly audit   '@remix-run/node-fetch-server': [ '0.13.0' ],
52 silly audit   '@rollup/rollup-android-arm-eabi': [ '4.59.0' ],
52 silly audit   '@rollup/rollup-android-arm64': [ '4.59.0' ],
52 silly audit   '@rollup/rollup-darwin-arm64': [ '4.59.0' ],
52 silly audit   '@rollup/rollup-darwin-x64': [ '4.59.0' ],
52 silly audit   '@rollup/rollup-freebsd-arm64': [ '4.59.0' ],
52 silly audit   '@rollup/rollup-freebsd-x64': [ '4.59.0' ],
52 silly audit   '@rollup/rollup-linux-arm-gnueabihf': [ '4.59.0' ],
52 silly audit   '@rollup/rollup-linux-arm-musleabihf': [ '4.59.0' ],
52 silly audit   '@rollup/rollup-linux-arm64-gnu': [ '4.59.0' ],
52 silly audit   '@rollup/rollup-linux-arm64-musl': [ '4.59.0' ],
52 silly audit   '@rollup/rollup-linux-loong64-gnu': [ '4.59.0' ],
52 silly audit   '@rollup/rollup-linux-loong64-musl': [ '4.59.0' ],
52 silly audit   '@rollup/rollup-linux-ppc64-gnu': [ '4.59.0' ],
52 silly audit   '@rollup/rollup-linux-ppc64-musl': [ '4.59.0' ],
52 silly audit   '@rollup/rollup-linux-riscv64-gnu': [ '4.59.0' ],
52 silly audit   '@rollup/rollup-linux-riscv64-musl': [ '4.59.0' ],
52 silly audit   '@rollup/rollup-linux-s390x-gnu': [ '4.59.0' ],
52 silly audit   '@rollup/rollup-linux-x64-gnu': [ '4.59.0' ],
52 silly audit   '@rollup/rollup-linux-x64-musl': [ '4.59.0' ],
52 silly audit   '@rollup/rollup-openbsd-x64': [ '4.59.0' ],
52 silly audit   '@rollup/rollup-openharmony-arm64': [ '4.59.0' ],
52 silly audit   '@rollup/rollup-win32-arm64-msvc': [ '4.59.0' ],
52 silly audit   '@rollup/rollup-win32-ia32-msvc': [ '4.59.0' ],
52 silly audit   '@rollup/rollup-win32-x64-gnu': [ '4.59.0' ],
52 silly audit   '@rollup/rollup-win32-x64-msvc': [ '4.59.0' ],
52 silly audit   '@swc/helpers': [ '0.5.18' ],
52 silly audit   '@tailwindcss/node': [ '4.1.18' ],
52 silly audit   tailwindcss: [ '4.1.18', '3.4.19' ],
52 silly audit   '@tailwindcss/oxide': [ '4.1.18' ],
52 silly audit   '@tailwindcss/oxide-android-arm64': [ '4.1.18' ],
52 silly audit   '@tailwindcss/oxide-darwin-arm64': [ '4.1.18' ],
52 silly audit   '@tailwindcss/oxide-darwin-x64': [ '4.1.18' ],
52 silly audit   '@tailwindcss/oxide-freebsd-x64': [ '4.1.18' ],
52 silly audit   '@tailwindcss/oxide-linux-arm-gnueabihf': [ '4.1.18' ],
52 silly audit   '@tailwindcss/oxide-linux-arm64-gnu': [ '4.1.18' ],
52 silly audit   '@tailwindcss/oxide-linux-arm64-musl': [ '4.1.18' ],
52 silly audit   '@tailwindcss/oxide-linux-x64-gnu': [ '4.1.18' ],
52 silly audit   '@tailwindcss/oxide-linux-x64-musl': [ '4.1.18' ],
52 silly audit   '@tailwindcss/oxide-wasm32-wasi': [ '4.1.18' ],
52 silly audit   '@tailwindcss/oxide-win32-arm64-msvc': [ '4.1.18' ],
52 silly audit   '@tailwindcss/oxide-win32-x64-msvc': [ '4.1.18' ],
52 silly audit   '@tailwindcss/vite': [ '4.1.18' ],
52 silly audit   '@tanstack/query-core': [ '5.90.20' ],
52 silly audit   '@tanstack/react-query': [ '5.90.20' ],
52 silly audit   '@tanstack/react-table': [ '8.21.3' ],
52 silly audit   '@tanstack/table-core': [ '8.21.3' ],
52 silly audit   '@testing-library/jest-dom': [ '6.9.1' ],
52 silly audit   '@testing-library/react': [ '16.3.2' ],
52 silly audit   '@types/babel__core': [ '7.20.5' ],
52 silly audit   '@types/babel__generator': [ '7.27.0' ],
52 silly audit   '@types/babel__template': [ '7.4.4' ],
52 silly audit   '@types/babel__traverse': [ '7.28.0' ],
52 silly audit   '@types/braces': [ '3.0.5' ],
52 silly audit   '@types/chai': [ '5.2.3' ],
52 silly audit   '@types/d3-array': [ '3.2.2' ],
52 silly audit   '@types/d3-color': [ '3.1.3' ],
52 silly audit   '@types/d3-ease': [ '3.0.2' ],
52 silly audit   '@types/d3-interpolate': [ '3.0.4' ],
52 silly audit   '@types/d3-path': [ '3.1.1' ],
52 silly audit   '@types/d3-scale': [ '4.0.9' ],
52 silly audit   '@types/d3-shape': [ '3.1.8' ],
52 silly audit   '@types/d3-time': [ '3.0.4' ],
52 silly audit   '@types/d3-timer': [ '3.0.2' ],
52 silly audit   '@types/debug': [ '4.1.12' ],
52 silly audit   '@types/deep-eql': [ '4.0.2' ],
52 silly audit   '@types/estree': [ '1.0.8' ],
52 silly audit   '@types/google.maps': [ '3.58.1' ],
52 silly audit   '@types/hast': [ '2.3.10' ],
52 silly audit   '@types/lodash': [ '4.17.23' ],
52 silly audit   '@types/lodash.mergewith': [ '4.6.7' ],
52 silly audit   '@types/mdast': [ '4.0.4', '3.0.15' ],
52 silly audit   '@types/micromatch': [ '4.0.10' ],
52 silly audit   '@types/ms': [ '2.1.0' ],
52 silly audit   '@types/node': [ '20.19.30' ],
52 silly audit   '@types/parse-json': [ '4.0.2' ],
52 silly audit   '@types/pg': [ '8.11.6' ],
52 silly audit   '@types/prop-types': [ '15.7.15' ],
52 silly audit   '@types/react': [ '18.3.27' ],
52 silly audit   '@types/react-dom': [ '18.3.7' ],
52 silly audit   '@types/unist': [ '2.0.11', '3.0.3' ],
52 silly audit   '@types/ws': [ '8.18.1' ],
52 silly audit   '@vis.gl/react-google-maps': [ '0.8.3' ],
52 silly audit   '@vitest/expect': [ '3.2.4' ],
52 silly audit   '@vitest/mocker': [ '3.2.4' ],
52 silly audit   '@vitest/pretty-format': [ '3.2.4' ],
52 silly audit   '@vitest/runner': [ '3.2.4' ],
52 silly audit   pathe: [ '2.0.3', '1.1.2' ],
52 silly audit   '@vitest/snapshot': [ '3.2.4' ],
52 silly audit   '@vitest/spy': [ '3.2.4' ],
52 silly audit   '@vitest/utils': [ '3.2.4' ],
52 silly audit   '@zag-js/dom-query': [ '0.16.0' ],
52 silly audit   '@zag-js/element-size': [ '0.10.5' ],
52 silly audit   '@zag-js/focus-visible': [ '0.16.0' ],
52 silly audit   accepts: [ '1.3.8' ],
52 silly audit   negotiator: [ '0.6.3', '0.6.4' ],
52 silly audit   'agent-base': [ '7.1.4' ],
52 silly audit   'any-promise': [ '1.3.0' ],
52 silly audit   anymatch: [ '3.1.3' ],
52 silly audit   arg: [ '5.0.2' ],
52 silly audit   argon2: [ '0.43.1' ],
52 silly audit   'aria-hidden': [ '1.2.6' ],
52 silly audit   'aria-query': [ '5.3.2' ],
52 silly audit   'array-flatten': [ '1.1.1' ],
52 silly audit   'assertion-error': [ '2.0.1' ],
52 silly audit   autoprefixer: [ '10.4.24' ],
52 silly audit   'babel-dead-code-elimination': [ '1.0.12' ],
52 silly audit   'babel-plugin-macros': [ '3.1.0' ],
52 silly audit   'babel-plugin-react-require': [ '4.0.3' ],
52 silly audit   bail: [ '1.0.5', '2.0.2' ],
52 silly audit   'balanced-match': [ '1.0.2' ],
52 silly audit   'baseline-browser-mapping': [ '2.9.19' ],
52 silly audit   'basic-auth': [ '2.0.1' ],
52 silly audit   'safe-buffer': [ '5.1.2', '5.2.1' ],
52 silly audit   'binary-extensions': [ '2.3.0' ],
52 silly audit   'body-parser': [ '1.20.4' ],
52 silly audit   debug: [ '2.6.9', '4.4.3' ],
52 silly audit   ms: [ '2.0.0', '2.1.3' ],
52 silly audit   'brace-expansion': [ '2.0.2' ],
52 silly audit   braces: [ '3.0.3' ],
52 silly audit   browserslist: [ '4.28.1' ],
52 silly audit   'buffer-from': [ '1.1.2' ],
52 silly audit   bytes: [ '3.1.2' ],
52 silly audit   cac: [ '6.7.14' ],
52 silly audit   'call-bind-apply-helpers': [ '1.0.2' ],
52 silly audit   'call-bound': [ '1.0.4' ],
52 silly audit   callsites: [ '3.1.0' ],
52 silly audit   'camelcase-css': [ '2.0.1' ],
52 silly audit   'caniuse-lite': [ '1.0.30001766' ],
52 silly audit   ccount: [ '2.0.1' ],
52 silly audit   chai: [ '5.3.3' ],
52 silly audit   'character-entities': [ '2.0.2', '1.2.4' ],
52 silly audit   'character-entities-legacy': [ '1.1.4' ],
52 silly audit   'character-reference-invalid': [ '1.1.4' ],
52 silly audit   'check-error': [ '2.1.3' ],
52 silly audit   chokidar: [ '4.0.3', '3.6.0' ],
52 silly audit   'class-variance-authority': [ '0.7.1' ],
52 silly audit   classnames: [ '2.5.1' ],
52 silly audit   'clean-stack': [ '5.3.0' ],
52 silly audit   'escape-string-regexp': [ '5.0.0', '4.0.0' ],
52 silly audit   'client-only': [ '0.0.1' ],
52 silly audit   clsx: [ '2.1.1' ],
52 silly audit   cobe: [ '0.6.5' ],
52 silly audit   color2k: [ '2.0.3' ],
52 silly audit   'comma-separated-tokens': [ '1.0.8' ],
52 silly audit   commander: [ '4.1.1' ],
52 silly audit   compressible: [ '2.0.18' ],
52 silly audit   compression: [ '1.8.1' ],
52 silly audit   'compute-scroll-into-view': [ '3.0.3', '3.1.1' ],
52 silly audit   confbox: [ '0.2.2' ],
52 silly audit   'content-disposition': [ '0.5.4' ],
52 silly audit   'content-type': [ '1.0.5' ],
52 silly audit   cookie: [ '0.7.2', '1.1.1' ],
52 silly audit   'cookie-signature': [ '1.0.7' ],
52 silly audit   'copy-to-clipboard': [ '3.3.3' ],
52 silly audit   cosmiconfig: [ '7.1.0' ],
52 silly audit   'css-box-model': [ '1.2.1' ],
52 silly audit   'css.escape': [ '1.5.1' ],
52 silly audit   cssesc: [ '3.0.0' ],
52 silly audit   cssstyle: [ '4.6.0' ],
52 silly audit   csstype: [ '3.2.3' ],
52 silly audit   'd3-array': [ '3.2.4' ],
52 silly audit   'd3-color': [ '3.1.0' ],
52 silly audit   'd3-ease': [ '3.0.1' ],
52 silly audit   'd3-format': [ '3.1.2' ],
52 silly audit   'd3-interpolate': [ '3.0.1' ],
52 silly audit   'd3-path': [ '3.1.0' ],
52 silly audit   'd3-scale': [ '4.0.2' ],
52 silly audit   'd3-shape': [ '3.2.0' ],
52 silly audit   'd3-time': [ '3.1.0' ],
52 silly audit   'd3-time-format': [ '4.1.0' ],
52 silly audit   'd3-timer': [ '3.0.1' ],
52 silly audit   'data-urls': [ '5.0.0' ],
52 silly audit   'date-fns-jalali': [ '4.1.0-0' ],
52 silly audit   'decimal.js': [ '10.6.0' ],
52 silly audit   'decimal.js-light': [ '2.5.1' ],
52 silly audit   'decode-named-character-reference': [ '1.3.0' ],
52 silly audit   dedent: [ '1.7.1' ],
52 silly audit   'deep-eql': [ '5.0.2' ],
52 silly audit   depd: [ '2.0.0' ],
52 silly audit   dequal: [ '2.0.3' ],
52 silly audit   destroy: [ '1.2.0' ],
52 silly audit   'detect-libc': [ '2.1.2' ],
52 silly audit   'detect-node-es': [ '1.1.0' ],
52 silly audit   devlop: [ '1.1.0' ],
52 silly audit   didyoumean: [ '1.2.2' ],
52 silly audit   dlv: [ '1.1.3' ],
52 silly audit   'dom-accessibility-api': [ '0.6.3' ],
52 silly audit   'dom-helpers': [ '5.2.1' ],
52 silly audit   downshift: [ '9.2.0' ],
52 silly audit   'dunder-proto': [ '1.0.1' ],
52 silly audit   'ee-first': [ '1.1.1' ],
52 silly audit   'electron-to-chromium': [ '1.5.283' ],
52 silly audit   'embla-carousel': [ '8.0.0-rc15' ],
52 silly audit   'embla-carousel-react': [ '8.0.0-rc15' ],
52 silly audit   'embla-carousel-reactive-utils': [ '8.0.0-rc15' ],
52 silly audit   encodeurl: [ '2.0.0' ],
52 silly audit   'enhanced-resolve': [ '5.18.4' ],
52 silly audit   entities: [ '6.0.1' ],
52 silly audit   'error-ex': [ '1.3.4' ],
52 silly audit   'es-define-property': [ '1.0.1' ],
52 silly audit   'es-errors': [ '1.3.0' ],
52 silly audit   'es-module-lexer': [ '1.7.0' ],
52 silly audit   'es-object-atoms': [ '1.1.1' ],
52 silly audit   esbuild: [ '0.25.12' ],
52 silly audit   escalade: [ '3.2.0' ],
52 silly audit   'escape-html': [ '1.0.3' ],
52 silly audit   'estree-walker': [ '3.0.3' ],
52 silly audit   etag: [ '1.8.1' ],
52 silly audit   eventemitter3: [ '4.0.7' ],
52 silly audit   'exit-hook': [ '2.2.1' ],
52 silly audit   'expect-type': [ '1.3.0' ],
52 silly audit   express: [ '4.22.1' ],
52 silly audit   exsolve: [ '1.0.8' ],
52 silly audit   extend: [ '3.0.2' ],
52 silly audit   'fast-deep-equal': [ '3.1.3' ],
52 silly audit   'fast-equals': [ '5.4.0' ],
52 silly audit   'fast-glob': [ '3.3.3' ],
52 silly audit   fastq: [ '1.20.1' ],
52 silly audit   fdir: [ '6.5.0' ],
52 silly audit   'fill-range': [ '7.1.1' ],
52 silly audit   finalhandler: [ '1.3.2' ],
52 silly audit   'find-root': [ '1.1.0' ],
52 silly audit   'focus-lock': [ '1.3.6' ],
52 silly audit   forwarded: [ '0.2.0' ],
52 silly audit   'fraction.js': [ '5.3.4' ],
52 silly audit   'framer-motion': [ '12.29.2' ],
52 silly audit   framesync: [ '6.1.2' ],
52 silly audit   tslib: [ '2.4.0', '2.8.1' ],
52 silly audit   fresh: [ '0.5.2' ],
52 silly audit   fsevents: [ '2.3.3' ],
52 silly audit   'function-bind': [ '1.1.2' ],
52 silly audit   gensync: [ '1.0.0-beta.2' ],
52 silly audit   'get-intrinsic': [ '1.3.0' ],
52 silly audit   'get-nonce': [ '1.0.1' ],
52 silly audit   'get-port': [ '5.1.1' ],
52 silly audit   'get-proto': [ '1.0.1' ],
52 silly audit   'glob-parent': [ '5.1.2', '6.0.2' ],
52 silly audit   globrex: [ '0.1.2' ],
52 silly audit   gopd: [ '1.2.0' ],
52 silly audit   'graceful-fs': [ '4.2.11' ],
52 silly audit   'has-symbols': [ '1.1.0' ],
52 silly audit   hasown: [ '2.0.2' ],
52 silly audit   'hoist-non-react-statics': [ '3.3.2' ],
52 silly audit   'react-is': [ '16.13.1', '18.2.0', '17.0.2', '18.3.1' ],
52 silly audit   hono: [ '4.11.7' ],
52 silly audit   'html-encoding-sniffer': [ '4.0.0' ],
52 silly audit   'html-to-image': [ '1.11.13' ],
52 silly audit   'http-errors': [ '2.0.1' ],
52 silly audit   'http-proxy-agent': [ '7.0.2' ],
52 silly audit   'https-proxy-agent': [ '7.0.6' ],
52 silly audit   'iconv-lite': [ '0.4.24', '0.6.3' ],
52 silly audit   'import-fresh': [ '3.3.1' ],
52 silly audit   'indent-string': [ '4.0.0' ],
52 silly audit   inherits: [ '2.0.4' ],
52 silly audit   'inline-style-parser': [ '0.1.1' ],
52 silly audit   'input-otp': [ '1.4.2' ],
52 silly audit   internmap: [ '2.0.3' ],
52 silly audit   'intl-messageformat': [ '10.7.18' ],
52 silly audit   'ipaddr.js': [ '1.9.1' ],
52 silly audit   'is-alphabetical': [ '1.0.4' ],
52 silly audit   'is-alphanumerical': [ '1.0.4' ],
52 silly audit   'is-arrayish': [ '0.2.1' ],
52 silly audit   'is-binary-path': [ '2.1.0' ],
52 silly audit   'is-buffer': [ '2.0.5' ],
52 silly audit   'is-core-module': [ '2.16.1' ],
52 silly audit   'is-decimal': [ '1.0.4' ],
52 silly audit   'is-extglob': [ '2.1.1' ],
52 silly audit   'is-glob': [ '4.0.3' ],
52 silly audit   'is-hexadecimal': [ '1.0.4' ],
52 silly audit   'is-number': [ '7.0.0' ],
52 silly audit   'is-plain-obj': [ '2.1.0', '4.1.0' ],
52 silly audit   'is-potential-custom-element-name': [ '1.0.1' ],
52 silly audit   isbot: [ '5.1.34' ],
52 silly audit   jiti: [ '2.6.1', '1.21.7' ],
52 silly audit   jose: [ '5.10.0' ],
52 silly audit   'js-tokens': [ '4.0.0', '9.0.1' ],
52 silly audit   jsdom: [ '26.1.0' ],
52 silly audit   'json-parse-even-better-errors': [ '2.3.1' ],
52 silly audit   json5: [ '2.2.3' ],
52 silly audit   lightningcss: [ '1.30.2' ],
52 silly audit   'lightningcss-android-arm64': [ '1.30.2' ],
52 silly audit   'lightningcss-darwin-arm64': [ '1.30.2' ],
52 silly audit   'lightningcss-darwin-x64': [ '1.30.2' ],
52 silly audit   'lightningcss-freebsd-x64': [ '1.30.2' ],
52 silly audit   'lightningcss-linux-arm-gnueabihf': [ '1.30.2' ],
52 silly audit   'lightningcss-linux-arm64-gnu': [ '1.30.2' ],
52 silly audit   'lightningcss-linux-arm64-musl': [ '1.30.2' ],
52 silly audit   'lightningcss-linux-x64-gnu': [ '1.30.2' ],
52 silly audit   'lightningcss-linux-x64-musl': [ '1.30.2' ],
52 silly audit   'lightningcss-win32-arm64-msvc': [ '1.30.2' ],
52 silly audit   'lightningcss-win32-x64-msvc': [ '1.30.2' ],
52 silly audit   lilconfig: [ '3.1.3' ],
52 silly audit   'lines-and-columns': [ '1.2.4' ],
52 silly audit   lodash: [ '4.17.23' ],
52 silly audit   'lodash-es': [ '4.17.23' ],
52 silly audit   'lodash.mergewith': [ '4.6.2' ],
52 silly audit   'longest-streak': [ '3.1.0' ],
52 silly audit   'loose-envify': [ '1.4.0' ],
52 silly audit   loupe: [ '3.2.1' ],
52 silly audit   'lucide-react': [ '0.358.0' ],
52 silly audit   'magic-string': [ '0.30.21' ],
52 silly audit   'markdown-table': [ '3.0.4' ],
52 silly audit   'math-intrinsics': [ '1.1.0' ],
52 silly audit   'mdast-util-definitions': [ '4.0.0' ],
52 silly audit   'mdast-util-find-and-replace': [ '3.0.2' ],
52 silly audit   'mdast-util-from-markdown': [ '2.0.2', '0.8.5' ],
52 silly audit   'mdast-util-gfm': [ '3.1.0' ],
52 silly audit   'mdast-util-gfm-autolink-literal': [ '2.0.1' ],
52 silly audit   'mdast-util-gfm-footnote': [ '2.1.0' ],
52 silly audit   'mdast-util-gfm-strikethrough': [ '2.0.0' ],
52 silly audit   'mdast-util-gfm-table': [ '2.0.0' ],
52 silly audit   'mdast-util-gfm-task-list-item': [ '2.0.0' ],
52 silly audit   'mdast-util-phrasing': [ '4.1.0' ],
52 silly audit   'mdast-util-to-hast': [ '10.2.0' ],
52 silly audit   'mdast-util-to-markdown': [ '2.1.2' ],
52 silly audit   'unist-util-visit': [ '5.1.0', '2.0.3' ],
52 silly audit   'mdast-util-to-string': [ '4.0.0', '2.0.0' ],
52 silly audit   mdurl: [ '1.0.1' ],
52 silly audit   'media-typer': [ '0.3.0' ],
52 silly audit   'merge-descriptors': [ '1.0.3' ],
52 silly audit   merge2: [ '1.4.1' ],
52 silly audit   methods: [ '1.1.2' ],
52 silly audit   micromark: [ '4.0.2', '2.11.4' ],
52 silly audit   'micromark-core-commonmark': [ '2.0.3' ],
52 silly audit   'micromark-extension-gfm': [ '3.0.0' ],
52 silly audit   'micromark-extension-gfm-autolink-literal': [ '2.1.0' ],
52 silly audit   'micromark-extension-gfm-footnote': [ '2.1.0' ],
52 silly audit   'micromark-extension-gfm-strikethrough': [ '2.1.0' ],
52 silly audit   'micromark-extension-gfm-table': [ '2.1.1' ],
52 silly audit   'micromark-extension-gfm-tagfilter': [ '2.0.0' ],
52 silly audit   'micromark-extension-gfm-task-list-item': [ '2.1.0' ],
52 silly audit   'micromark-factory-destination': [ '2.0.1' ],
52 silly audit   'micromark-factory-label': [ '2.0.1' ],
52 silly audit   'micromark-factory-space': [ '2.0.1' ],
52 silly audit   'micromark-factory-title': [ '2.0.1' ],
52 silly audit   'micromark-factory-whitespace': [ '2.0.1' ],
52 silly audit   'micromark-util-character': [ '2.1.1' ],
52 silly audit   'micromark-util-chunked': [ '2.0.1' ],
52 silly audit   'micromark-util-classify-character': [ '2.0.1' ],
52 silly audit   'micromark-util-combine-extensions': [ '2.0.1' ],
52 silly audit   'micromark-util-decode-numeric-character-reference': [ '2.0.2' ],
52 silly audit   'micromark-util-decode-string': [ '2.0.1' ],
52 silly audit   'micromark-util-encode': [ '2.0.1' ],
52 silly audit   'micromark-util-html-tag-name': [ '2.0.1' ],
52 silly audit   'micromark-util-normalize-identifier': [ '2.0.1' ],
52 silly audit   'micromark-util-resolve-all': [ '2.0.1' ],
52 silly audit   'micromark-util-sanitize-uri': [ '2.0.1' ],
52 silly audit   'micromark-util-subtokenize': [ '2.1.0' ],
52 silly audit   'micromark-util-symbol': [ '2.0.1' ],
52 silly audit   'micromark-util-types': [ '2.0.2' ],
52 silly audit   micromatch: [ '4.0.8' ],
52 silly audit   mime: [ '1.6.0' ],
52 silly audit   'mime-db': [ '1.54.0', '1.52.0' ],
52 silly audit   'mime-types': [ '2.1.35' ],
52 silly audit   'min-indent': [ '1.0.1' ],
52 silly audit   minimatch: [ '9.0.9' ],
52 silly audit   morgan: [ '1.10.1' ],
52 silly audit   'on-finished': [ '2.3.0', '2.4.1' ],
52 silly audit   motion: [ '12.29.2' ],
52 silly audit   'motion-dom': [ '12.29.2' ],
52 silly audit   'motion-utils': [ '12.29.2' ],
52 silly audit   mz: [ '2.7.0' ],
52 silly audit   nanoid: [ '3.3.11' ],
52 silly audit   'next-themes': [ '0.3.0' ],
52 silly audit   'node-addon-api': [ '8.5.0' ],
52 silly audit   'node-gyp-build': [ '4.8.4' ],
52 silly audit   'node-readable-to-web-readable-stream': [ '0.4.2' ],
52 silly audit   'node-releases': [ '2.0.27' ],
52 silly audit   nodemailer: [ '8.0.1' ],
52 silly audit   'normalize-path': [ '3.0.0' ],
52 silly audit   nwsapi: [ '2.2.23' ],
52 silly audit   oauth4webapi: [ '3.8.3' ],
52 silly audit   'object-assign': [ '4.1.1' ],
52 silly audit   'object-hash': [ '3.0.0' ],
52 silly audit   'object-inspect': [ '1.13.4' ],
52 silly audit   obuf: [ '1.1.2' ],
52 silly audit   'on-headers': [ '1.1.0' ],
52 silly audit   'p-map': [ '7.0.4' ],
52 silly audit   papaparse: [ '5.5.3' ],
52 silly audit   'parent-module': [ '1.0.1' ],
52 silly audit   'parse-entities': [ '2.0.0' ],
52 silly audit   'parse-json': [ '5.2.0' ],
52 silly audit   parse5: [ '7.3.0' ],
52 silly audit   parseurl: [ '1.3.3' ],
52 silly audit   'path-parse': [ '1.0.7' ],
52 silly audit   'path-to-regexp': [ '0.1.12' ],
52 silly audit   'path-type': [ '4.0.0' ],
52 silly audit   pathval: [ '2.0.1' ],
52 silly audit   'pdfjs-dist': [ '5.5.207' ],
52 silly audit   'pg-int8': [ '1.0.1' ],
52 silly audit   'pg-numeric': [ '1.0.2' ],
52 silly audit   'pg-protocol': [ '1.11.0' ],
52 silly audit   'pg-types': [ '4.1.0' ],
52 silly audit   phenomenon: [ '1.6.0' ],
52 silly audit   picocolors: [ '1.1.1' ],
52 silly audit   picomatch: [ '2.3.1', '4.0.3' ],
52 silly audit   pify: [ '2.3.0' ],
52 silly audit   pirates: [ '4.0.7' ],
52 silly audit   'pkg-types': [ '2.3.0' ],
52 silly audit   postcss: [ '8.5.6' ],
52 silly audit   'postcss-import': [ '15.1.0' ],
52 silly audit   'postcss-js': [ '4.1.0' ],
52 silly audit   'postcss-load-config': [ '6.0.1' ],
52 silly audit   'postcss-nested': [ '6.2.0' ],
52 silly audit   'postcss-selector-parser': [ '6.1.2' ],
52 silly audit   'postcss-value-parser': [ '4.2.0' ],
52 silly audit   'postgres-array': [ '3.0.4' ],
52 silly audit   'postgres-bytea': [ '3.0.0' ],
52 silly audit   'postgres-date': [ '2.1.0' ],
52 silly audit   'postgres-interval': [ '3.0.0' ],
52 silly audit   'postgres-range': [ '1.1.4' ],
52 silly audit   preact: [ '10.24.3' ],
52 silly audit   'preact-render-to-string': [ '6.5.11' ],
52 silly audit   prettier: [ '3.8.1' ],
52 silly audit   'prop-types': [ '15.8.1' ],
52 silly audit   'property-expr': [ '2.0.6' ],
52 silly audit   'property-information': [ '5.6.0' ],
52 silly audit   'proxy-addr': [ '2.0.7' ],
52 silly audit   punycode: [ '2.3.1' ],
52 silly audit   qs: [ '6.14.2' ],
52 silly audit   'queue-microtask': [ '1.2.3' ],
52 silly audit   'range-parser': [ '1.2.1' ],
52 silly audit   'raw-body': [ '2.5.3' ],
52 silly audit   react: [ '18.3.1' ],
52 silly audit   'react-clientside-effect': [ '1.2.8' ],
52 silly audit   'react-colorful': [ '5.6.1' ],
52 silly audit   'react-dom': [ '18.3.1' ],
52 silly audit   'react-fast-compare': [ '3.2.2' ],
52 silly audit   'react-focus-lock': [ '2.13.7' ],
52 silly audit   'react-hook-form': [ '7.71.1' ],
52 silly audit   'react-idle-timer': [ '5.7.2' ],
52 silly audit   'react-markdown': [ '6.0.3' ],
52 silly audit   'react-refresh': [ '0.14.2' ],
52 silly audit   'react-remove-scroll-bar': [ '2.3.8' ],
52 silly audit   'react-router': [ '7.13.0' ],
52 silly audit   'react-router-dom': [ '7.13.0' ],
52 silly audit   'react-router-hono-server': [ '2.24.0' ],
52 silly audit   'react-smooth': [ '4.0.4' ],
52 silly audit   'react-style-singleton': [ '2.2.3' ],
52 silly audit   'react-transition-group': [ '4.4.5' ],
52 silly audit   'read-cache': [ '1.0.0' ],
52 silly audit   readdirp: [ '4.1.2', '3.6.0' ],
52 silly audit   recharts: [ '2.15.4' ],
52 silly audit   'recharts-scale': [ '0.4.5' ],
52 silly audit   redent: [ '3.0.0' ],
52 silly audit   'remark-gfm': [ '4.0.0' ],
52 silly audit   'remark-parse': [ '11.0.0', '9.0.0' ],
52 silly audit   trough: [ '2.2.0', '1.0.5' ],
52 silly audit   unified: [ '11.0.5', '9.2.2' ],
52 silly audit   vfile: [ '6.0.3', '4.2.1' ],
52 silly audit   'vfile-message': [ '4.0.3', '2.0.4' ],
52 silly audit   'unist-util-stringify-position': [ '2.0.3', '4.0.0' ],
52 silly audit   'remark-rehype': [ '8.1.0' ],
52 silly audit   'remark-stringify': [ '11.0.0' ],
52 silly audit   resolve: [ '1.22.11' ],
52 silly audit   'resolve-from': [ '4.0.0' ],
52 silly audit   reusify: [ '1.1.0' ],
52 silly audit   rollup: [ '4.59.0' ],
52 silly audit   'rrweb-cssom': [ '0.8.0' ],
52 silly audit   'run-parallel': [ '1.2.0' ],
52 silly audit   'safer-buffer': [ '2.1.2' ],
52 silly audit   saxes: [ '6.0.0' ],
52 silly audit   scheduler: [ '0.23.2' ],
52 silly audit   send: [ '0.19.2' ],
52 silly audit   'serialize-error': [ '12.0.0' ],
52 silly audit   'serve-static': [ '1.16.3' ],
52 silly audit   'set-cookie-parser': [ '2.7.2' ],
52 silly audit   setprototypeof: [ '1.2.0' ],
52 silly audit   'side-channel': [ '1.1.0' ],
52 silly audit   'side-channel-list': [ '1.0.0' ],
52 silly audit   'side-channel-map': [ '1.0.1' ],
52 silly audit   'side-channel-weakmap': [ '1.0.2' ],
52 silly audit   siginfo: [ '2.0.0' ],
52 silly audit   'source-map': [ '0.5.7', '0.6.1' ],
52 silly audit   'source-map-js': [ '1.2.1' ],
52 silly audit   'source-map-support': [ '0.5.21' ],
52 silly audit   'space-separated-tokens': [ '1.1.5' ],
52 silly audit   stackback: [ '0.0.2' ],
52 silly audit   statuses: [ '2.0.2' ],
52 silly audit   'std-env': [ '3.10.0' ],
52 silly audit   'strip-indent': [ '3.0.0' ],
52 silly audit   'strip-literal': [ '3.1.0' ],
52 silly audit   stripe: [ '18.5.0' ],
52 silly audit   'style-to-object': [ '0.3.0' ],
52 silly audit   'styled-jsx': [ '5.1.7' ],
52 silly audit   stylis: [ '4.2.0' ],
52 silly audit   sucrase: [ '3.35.1' ],
52 silly audit   'supports-preserve-symlinks-flag': [ '1.0.0' ],
52 silly audit   'symbol-tree': [ '3.2.4' ],
52 silly audit   tapable: [ '2.3.0' ],
52 silly audit   thenify: [ '3.3.1' ],
52 silly audit   'thenify-all': [ '1.6.0' ],
52 silly audit   three: [ '0.175.0' ],
52 silly audit   'tiny-case': [ '1.0.3' ],
52 silly audit   'tiny-invariant': [ '1.3.3' ],
52 silly audit   tinybench: [ '2.9.0' ],
52 silly audit   tinyexec: [ '0.3.2' ],
52 silly audit   tinyglobby: [ '0.2.15' ],
52 silly audit   tinypool: [ '1.1.1' ],
52 silly audit   tinyrainbow: [ '2.0.0' ],
52 silly audit   tinyspy: [ '4.0.4' ],
52 silly audit   tldts: [ '6.1.86' ],
52 silly audit   'tldts-core': [ '6.1.86' ],
52 silly audit   'to-regex-range': [ '5.0.1' ],
52 silly audit   'toggle-selection': [ '1.0.6' ],
52 silly audit   toidentifier: [ '1.0.1' ],
52 silly audit   toposort: [ '2.0.2' ],
52 silly audit   'tough-cookie': [ '5.1.2' ],
52 silly audit   tr46: [ '5.1.1' ],
52 silly audit   'ts-interface-checker': [ '0.1.13' ],
52 silly audit   tsconfck: [ '3.1.6' ],
52 silly audit   'type-fest': [ '4.41.0', '2.19.0' ],
52 silly audit   'type-is': [ '1.6.18' ],
52 silly audit   typescript: [ '5.9.3' ],
52 silly audit   undefined: [ '0.1.0' ],
52 silly audit   'undici-types': [ '6.21.0' ],
52 silly audit   'unist-builder': [ '2.0.3' ],
52 silly audit   'unist-util-generated': [ '1.1.6' ],
52 silly audit   'unist-util-is': [ '6.0.1', '4.1.0' ],
52 silly audit   'unist-util-position': [ '3.1.0' ],
52 silly audit   'unist-util-visit-parents': [ '6.0.2', '3.1.1' ],
52 silly audit   unpipe: [ '1.0.0' ],
52 silly audit   'update-browserslist-db': [ '1.2.3' ],
52 silly audit   'use-callback-ref': [ '1.3.3' ],
52 silly audit   'use-sidecar': [ '1.1.3' ],
52 silly audit   'use-sync-external-store': [ '1.6.0' ],
52 silly audit   'util-deprecate': [ '1.0.2' ],
52 silly audit   'utils-merge': [ '1.0.1' ],
52 silly audit   valibot: [ '1.2.0' ],
52 silly audit   vary: [ '1.1.2' ],
52 silly audit   'victory-vendor': [ '36.9.2' ],
52 silly audit   vite: [ '6.4.1' ],
52 silly audit   'vite-node': [ '3.2.4' ],
52 silly audit   'vite-plugin-babel': [ '1.4.1' ],
52 silly audit   'vite-tsconfig-paths': [ '5.1.4' ],
52 silly audit   vitest: [ '3.2.4' ],
52 silly audit   'w3c-xmlserializer': [ '5.0.0' ],
52 silly audit   'webidl-conversions': [ '7.0.0' ],
52 silly audit   'whatwg-encoding': [ '3.1.1' ],
52 silly audit   'whatwg-mimetype': [ '4.0.0' ],
52 silly audit   'whatwg-url': [ '14.2.0' ],
52 silly audit   'why-is-node-running': [ '2.3.0' ],
52 silly audit   ws: [ '8.19.0' ],
52 silly audit   'xml-name-validator': [ '5.0.0' ],
52 silly audit   xmlchars: [ '2.2.0' ],
52 silly audit   xtend: [ '4.0.2' ],
52 silly audit   yallist: [ '3.1.1' ],
52 silly audit   yaml: [ '1.10.2' ],
52 silly audit   yup: [ '1.7.1' ],
52 silly audit   zustand: [ '5.0.11' ],
52 silly audit   zwitch: [ '2.0.4' ]
52 silly audit }
53 http cache @tailwindcss/oxide-win32-x64-msvc@https://registry.npmjs.org/@tailwindcss/oxide-win32-x64-msvc/-/oxide-win32-x64-msvc-4.1.18.tgz 0ms (cache hit)
54 http cache @rollup/rollup-win32-x64-msvc@https://registry.npmjs.org/@rollup/rollup-win32-x64-msvc/-/rollup-win32-x64-msvc-4.59.0.tgz 0ms (cache hit)
55 http cache @react-router/serve@https://registry.npmjs.org/@react-router/serve/-/serve-7.13.0.tgz 0ms (cache hit)
56 http cache @rollup/rollup-win32-x64-gnu@https://registry.npmjs.org/@rollup/rollup-win32-x64-gnu/-/rollup-win32-x64-gnu-4.59.0.tgz 0ms (cache hit)
57 http cache @esbuild/win32-x64@https://registry.npmjs.org/@esbuild/win32-x64/-/win32-x64-0.25.12.tgz 0ms (cache hit)
58 http cache @napi-rs/canvas-win32-x64-msvc@https://registry.npmjs.org/@napi-rs/canvas-win32-x64-msvc/-/canvas-win32-x64-msvc-0.1.96.tgz 0ms (cache hit)
59 http cache @react-router/dev@https://registry.npmjs.org/@react-router/dev/-/dev-7.13.0.tgz 0ms (cache hit)
60 http cache @babel/parser@https://registry.npmjs.org/@babel/parser/-/parser-7.29.0.tgz 0ms (cache hit)
61 http cache why-is-node-running@https://registry.npmjs.org/why-is-node-running/-/why-is-node-running-2.3.0.tgz 0ms (cache hit)
62 http cache vitest@https://registry.npmjs.org/vitest/-/vitest-3.2.4.tgz 0ms (cache hit)
63 http cache vite@https://registry.npmjs.org/vite/-/vite-6.4.1.tgz 0ms (cache hit)
64 http cache vite-node@https://registry.npmjs.org/vite-node/-/vite-node-3.2.4.tgz 0ms (cache hit)
65 http cache update-browserslist-db@https://registry.npmjs.org/update-browserslist-db/-/update-browserslist-db-1.2.3.tgz 0ms (cache hit)
66 http cache typescript@https://registry.npmjs.org/typescript/-/typescript-5.9.3.tgz 0ms (cache hit)
67 http cache tldts@https://registry.npmjs.org/tldts/-/tldts-6.1.86.tgz 0ms (cache hit)
68 http cache tailwindcss@https://registry.npmjs.org/tailwindcss/-/tailwindcss-3.4.19.tgz 0ms (cache hit)
69 http cache sucrase@https://registry.npmjs.org/sucrase/-/sucrase-3.35.1.tgz 0ms (cache hit)
70 http cache rollup@https://registry.npmjs.org/rollup/-/rollup-4.59.0.tgz 0ms (cache hit)
71 http cache semver@https://registry.npmjs.org/semver/-/semver-6.3.1.tgz 0ms (cache hit)
72 http cache resolve@https://registry.npmjs.org/resolve/-/resolve-1.22.11.tgz 0ms (cache hit)
73 http cache react-router-hono-server@https://registry.npmjs.org/react-router-hono-server/-/react-router-hono-server-2.24.0.tgz 0ms (cache hit)
74 http cache prettier@https://registry.npmjs.org/prettier/-/prettier-3.8.1.tgz 0ms (cache hit)
75 http cache node-gyp-build@https://registry.npmjs.org/node-gyp-build/-/node-gyp-build-4.8.4.tgz 0ms (cache hit)
76 http cache nanoid@https://registry.npmjs.org/nanoid/-/nanoid-3.3.11.tgz 0ms (cache hit)
77 http cache mime@https://registry.npmjs.org/mime/-/mime-1.6.0.tgz 0ms (cache hit)
78 http cache loose-envify@https://registry.npmjs.org/loose-envify/-/loose-envify-1.4.0.tgz 0ms (cache hit)
79 http cache lightningcss-win32-x64-msvc@https://registry.npmjs.org/lightningcss-win32-x64-msvc/-/lightningcss-win32-x64-msvc-1.30.2.tgz 0ms (cache hit)
80 http cache json5@https://registry.npmjs.org/json5/-/json5-2.2.3.tgz 0ms (cache hit)
81 http cache jsesc@https://registry.npmjs.org/jsesc/-/jsesc-3.1.0.tgz 0ms (cache hit)
82 http cache jiti@https://registry.npmjs.org/jiti/-/jiti-2.6.1.tgz 0ms (cache hit)
83 http cache esbuild@https://registry.npmjs.org/esbuild/-/esbuild-0.25.12.tgz 0ms (cache hit)
84 http cache cssesc@https://registry.npmjs.org/cssesc/-/cssesc-3.0.0.tgz 0ms (cache hit)
85 http cache browserslist@https://registry.npmjs.org/browserslist/-/browserslist-4.28.1.tgz 0ms (cache hit)
86 http cache baseline-browser-mapping@https://registry.npmjs.org/baseline-browser-mapping/-/baseline-browser-mapping-2.9.19.tgz 0ms (cache hit)
87 http cache autoprefixer@https://registry.npmjs.org/autoprefixer/-/autoprefixer-10.4.24.tgz 0ms (cache hit)
88 http cache semver@https://registry.npmjs.org/semver/-/semver-7.7.3.tgz 0ms (cache hit)
89 http cache jsesc@https://registry.npmjs.org/jsesc/-/jsesc-3.0.2.tgz 0ms (cache hit)
90 http cache picomatch@https://registry.npmjs.org/picomatch/-/picomatch-4.0.3.tgz 0ms (cache hit)
91 http cache pathe@https://registry.npmjs.org/pathe/-/pathe-2.0.3.tgz 0ms (cache hit)
92 http cache pathe@https://registry.npmjs.org/pathe/-/pathe-2.0.3.tgz 0ms (cache hit)
93 http cache picomatch@https://registry.npmjs.org/picomatch/-/picomatch-4.0.3.tgz 0ms (cache hit)
94 http cache readdirp@https://registry.npmjs.org/readdirp/-/readdirp-3.6.0.tgz 0ms (cache hit)
95 http cache jiti@https://registry.npmjs.org/jiti/-/jiti-1.21.7.tgz 0ms (cache hit)
96 http cache glob-parent@https://registry.npmjs.org/glob-parent/-/glob-parent-6.0.2.tgz 0ms (cache hit)
97 http cache tsconfck@https://registry.npmjs.org/tsconfck/-/tsconfck-3.1.6.tgz 0ms (cache hit)
98 http cache chokidar@https://registry.npmjs.org/chokidar/-/chokidar-3.6.0.tgz 0ms (cache hit)
99 silly tarball no local data for @tailwindcss/oxide-win32-x64-msvc@https://registry.npmjs.org/@tailwindcss/oxide-win32-x64-msvc/-/oxide-win32-x64-msvc-4.1.18.tgz. Extracting by manifest.
100 http cache glob-parent@https://registry.npmjs.org/glob-parent/-/glob-parent-5.1.2.tgz 0ms (cache hit)
101 silly tarball no local data for @rollup/rollup-win32-x64-msvc@https://registry.npmjs.org/@rollup/rollup-win32-x64-msvc/-/rollup-win32-x64-msvc-4.59.0.tgz. Extracting by manifest.
102 silly tarball no local data for @react-router/serve@https://registry.npmjs.org/@react-router/serve/-/serve-7.13.0.tgz. Extracting by manifest.
103 silly tarball no local data for @rollup/rollup-win32-x64-gnu@https://registry.npmjs.org/@rollup/rollup-win32-x64-gnu/-/rollup-win32-x64-gnu-4.59.0.tgz. Extracting by manifest.
104 silly tarball no local data for @esbuild/win32-x64@https://registry.npmjs.org/@esbuild/win32-x64/-/win32-x64-0.25.12.tgz. Extracting by manifest.
105 silly tarball no local data for @napi-rs/canvas-win32-x64-msvc@https://registry.npmjs.org/@napi-rs/canvas-win32-x64-msvc/-/canvas-win32-x64-msvc-0.1.96.tgz. Extracting by manifest.
106 silly tarball no local data for @react-router/dev@https://registry.npmjs.org/@react-router/dev/-/dev-7.13.0.tgz. Extracting by manifest.
107 silly tarball no local data for @babel/parser@https://registry.npmjs.org/@babel/parser/-/parser-7.29.0.tgz. Extracting by manifest.
108 silly tarball no local data for why-is-node-running@https://registry.npmjs.org/why-is-node-running/-/why-is-node-running-2.3.0.tgz. Extracting by manifest.
109 silly tarball no local data for vitest@https://registry.npmjs.org/vitest/-/vitest-3.2.4.tgz. Extracting by manifest.
110 silly tarball no local data for vite@https://registry.npmjs.org/vite/-/vite-6.4.1.tgz. Extracting by manifest.
111 silly tarball no local data for vite-node@https://registry.npmjs.org/vite-node/-/vite-node-3.2.4.tgz. Extracting by manifest.
112 silly tarball no local data for update-browserslist-db@https://registry.npmjs.org/update-browserslist-db/-/update-browserslist-db-1.2.3.tgz. Extracting by manifest.
113 silly tarball no local data for typescript@https://registry.npmjs.org/typescript/-/typescript-5.9.3.tgz. Extracting by manifest.
114 silly tarball no local data for tldts@https://registry.npmjs.org/tldts/-/tldts-6.1.86.tgz. Extracting by manifest.
115 silly tarball no local data for tailwindcss@https://registry.npmjs.org/tailwindcss/-/tailwindcss-3.4.19.tgz. Extracting by manifest.
116 silly tarball no local data for sucrase@https://registry.npmjs.org/sucrase/-/sucrase-3.35.1.tgz. Extracting by manifest.
117 silly tarball no local data for rollup@https://registry.npmjs.org/rollup/-/rollup-4.59.0.tgz. Extracting by manifest.
118 silly tarball no local data for semver@https://registry.npmjs.org/semver/-/semver-6.3.1.tgz. Extracting by manifest.
119 silly tarball no local data for resolve@https://registry.npmjs.org/resolve/-/resolve-1.22.11.tgz. Extracting by manifest.
120 silly tarball no local data for react-router-hono-server@https://registry.npmjs.org/react-router-hono-server/-/react-router-hono-server-2.24.0.tgz. Extracting by manifest.
121 silly tarball no local data for prettier@https://registry.npmjs.org/prettier/-/prettier-3.8.1.tgz. Extracting by manifest.
122 silly tarball no local data for node-gyp-build@https://registry.npmjs.org/node-gyp-build/-/node-gyp-build-4.8.4.tgz. Extracting by manifest.
123 silly tarball no local data for nanoid@https://registry.npmjs.org/nanoid/-/nanoid-3.3.11.tgz. Extracting by manifest.
124 silly tarball no local data for mime@https://registry.npmjs.org/mime/-/mime-1.6.0.tgz. Extracting by manifest.
125 silly tarball no local data for loose-envify@https://registry.npmjs.org/loose-envify/-/loose-envify-1.4.0.tgz. Extracting by manifest.
126 silly tarball no local data for lightningcss-win32-x64-msvc@https://registry.npmjs.org/lightningcss-win32-x64-msvc/-/lightningcss-win32-x64-msvc-1.30.2.tgz. Extracting by manifest.
127 silly tarball no local data for json5@https://registry.npmjs.org/json5/-/json5-2.2.3.tgz. Extracting by manifest.
128 silly tarball no local data for jsesc@https://registry.npmjs.org/jsesc/-/jsesc-3.1.0.tgz. Extracting by manifest.
129 silly tarball no local data for jiti@https://registry.npmjs.org/jiti/-/jiti-2.6.1.tgz. Extracting by manifest.
130 silly tarball no local data for esbuild@https://registry.npmjs.org/esbuild/-/esbuild-0.25.12.tgz. Extracting by manifest.
131 silly tarball no local data for cssesc@https://registry.npmjs.org/cssesc/-/cssesc-3.0.0.tgz. Extracting by manifest.
132 silly tarball no local data for browserslist@https://registry.npmjs.org/browserslist/-/browserslist-4.28.1.tgz. Extracting by manifest.
133 silly tarball no local data for baseline-browser-mapping@https://registry.npmjs.org/baseline-browser-mapping/-/baseline-browser-mapping-2.9.19.tgz. Extracting by manifest.
134 silly tarball no local data for autoprefixer@https://registry.npmjs.org/autoprefixer/-/autoprefixer-10.4.24.tgz. Extracting by manifest.
135 silly tarball no local data for semver@https://registry.npmjs.org/semver/-/semver-7.7.3.tgz. Extracting by manifest.
136 silly tarball no local data for jsesc@https://registry.npmjs.org/jsesc/-/jsesc-3.0.2.tgz. Extracting by manifest.
137 silly tarball no local data for picomatch@https://registry.npmjs.org/picomatch/-/picomatch-4.0.3.tgz. Extracting by manifest.
138 silly tarball no local data for pathe@https://registry.npmjs.org/pathe/-/pathe-2.0.3.tgz. Extracting by manifest.
139 silly tarball no local data for pathe@https://registry.npmjs.org/pathe/-/pathe-2.0.3.tgz. Extracting by manifest.
140 silly tarball no local data for picomatch@https://registry.npmjs.org/picomatch/-/picomatch-4.0.3.tgz. Extracting by manifest.
141 silly tarball no local data for readdirp@https://registry.npmjs.org/readdirp/-/readdirp-3.6.0.tgz. Extracting by manifest.
142 silly tarball no local data for jiti@https://registry.npmjs.org/jiti/-/jiti-1.21.7.tgz. Extracting by manifest.
143 silly tarball no local data for glob-parent@https://registry.npmjs.org/glob-parent/-/glob-parent-6.0.2.tgz. Extracting by manifest.
144 silly tarball no local data for tsconfck@https://registry.npmjs.org/tsconfck/-/tsconfck-3.1.6.tgz. Extracting by manifest.
145 silly tarball no local data for chokidar@https://registry.npmjs.org/chokidar/-/chokidar-3.6.0.tgz. Extracting by manifest.
146 silly tarball no local data for glob-parent@https://registry.npmjs.org/glob-parent/-/glob-parent-5.1.2.tgz. Extracting by manifest.
147 http fetch GET 200 https://registry.npmjs.org/why-is-node-running/-/why-is-node-running-2.3.0.tgz 394ms (cache miss)
148 http fetch POST 200 https://registry.npmjs.org/-/npm/v1/security/advisories/bulk 577ms
149 silly audit report {
149 silly audit report   '@hono/node-server': [
149 silly audit report     {
149 silly audit report       id: 1114170,
149 silly audit report       url: 'https://github.com/advisories/GHSA-wc8c-qw6v-h7f6',
149 silly audit report       title: '@hono/node-server has authorization bypass for protected static paths via encoded slashes in Serve Static Middleware',
149 silly audit report       severity: 'high',
149 silly audit report       vulnerable_versions: '<1.19.10',
149 silly audit report       cwe: [Array],
149 silly audit report       cvss: [Object]
149 silly audit report     }
149 silly audit report   ],
149 silly audit report   hono: [
149 silly audit report     {
149 silly audit report       id: 1113311,
149 silly audit report       url: 'https://github.com/advisories/GHSA-gq3j-xvxp-8hrf',
149 silly audit report       title: 'Hono added timing comparison hardening in basicAuth and bearerAuth',
149 silly audit report       severity: 'low',
149 silly audit report       vulnerable_versions: '<4.11.10',
149 silly audit report       cwe: [Array],
149 silly audit report       cvss: [Object]
149 silly audit report     },
149 silly audit report     {
149 silly audit report       id: 1114004,
149 silly audit report       url: 'https://github.com/advisories/GHSA-5pq2-9x2x-5p6w',
149 silly audit report       title: 'Hono Vulnerable to Cookie Attribute Injection via Unsanitized domain and path in setCookie()',
149 silly audit report       severity: 'moderate',
149 silly audit report       vulnerable_versions: '<4.12.4',
149 silly audit report       cwe: [Array],
149 silly audit report       cvss: [Object]
149 silly audit report     },
149 silly audit report     {
149 silly audit report       id: 1114005,
149 silly audit report       url: 'https://github.com/advisories/GHSA-p6xx-57qc-3wxr',
149 silly audit report       title: 'Hono Vulnerable to SSE Control Field Injection via CR/LF in writeSSE()',
149 silly audit report       severity: 'moderate',
149 silly audit report       vulnerable_versions: '<4.12.4',
149 silly audit report       cwe: [Array],
149 silly audit report       cvss: [Object]
149 silly audit report     },
149 silly audit report     {
149 silly audit report       id: 1114006,
149 silly audit report       url: 'https://github.com/advisories/GHSA-q5qw-h33p-qvwr',
149 silly audit report       title: 'Hono vulnerable to arbitrary file access via serveStatic vulnerability ',
149 silly audit report       severity: 'high',
149 silly audit report       vulnerable_versions: '<4.12.4',
149 silly audit report       cwe: [Array],
149 silly audit report       cvss: [Object]
149 silly audit report     },
149 silly audit report     {
149 silly audit report       id: 1114341,
149 silly audit report       url: 'https://github.com/advisories/GHSA-v8w9-8mx6-g223',
149 silly audit report       title: 'Hono vulnerable to Prototype Pollution possible through __proto__ key allowed in parseBody({ dot: true })',
149 silly audit report       severity: 'moderate',
149 silly audit report       vulnerable_versions: '<4.12.7',
149 silly audit report       cwe: [Array],
149 silly audit report       cvss: [Object]
149 silly audit report     }
149 silly audit report   ]
149 silly audit report }
150 silly packumentCache corgi:https://registry.npmjs.org/@hono%2fnode-server cache-miss
151 silly packumentCache corgi:https://registry.npmjs.org/hono cache-miss
152 http fetch GET 200 https://registry.npmjs.org/node-gyp-build/-/node-gyp-build-4.8.4.tgz 736ms (cache miss)
153 http fetch GET 200 https://registry.npmjs.org/semver/-/semver-6.3.1.tgz 820ms (cache miss)
154 http fetch GET 200 https://registry.npmjs.org/update-browserslist-db/-/update-browserslist-db-1.2.3.tgz 892ms (cache miss)
155 http fetch GET 200 https://registry.npmjs.org/nanoid/-/nanoid-3.3.11.tgz 900ms (cache miss)
156 http fetch GET 200 https://registry.npmjs.org/mime/-/mime-1.6.0.tgz 900ms (cache miss)
157 http fetch GET 200 https://registry.npmjs.org/loose-envify/-/loose-envify-1.4.0.tgz 950ms (cache miss)
158 http fetch GET 200 https://registry.npmjs.org/jsesc/-/jsesc-3.1.0.tgz 1285ms (cache miss)
159 http fetch GET 200 https://registry.npmjs.org/cssesc/-/cssesc-3.0.0.tgz 1504ms (cache miss)
160 http fetch GET 200 https://registry.npmjs.org/readdirp/-/readdirp-3.6.0.tgz 2027ms (cache miss)
161 http fetch GET 200 https://registry.npmjs.org/glob-parent/-/glob-parent-6.0.2.tgz 2036ms (cache miss)
162 http fetch GET 200 https://registry.npmjs.org/jsesc/-/jsesc-3.0.2.tgz 2041ms (cache miss)
163 http fetch GET 200 https://registry.npmjs.org/glob-parent/-/glob-parent-5.1.2.tgz 2151ms (cache miss)
164 http fetch GET 200 https://registry.npmjs.org/@react-router/serve/-/serve-7.13.0.tgz 2287ms (cache miss)
165 http fetch GET 200 https://registry.npmjs.org/@hono%2fnode-server 1885ms (cache miss)
166 silly packumentCache corgi:https://registry.npmjs.org/@hono%2fnode-server set size:undefined disposed:false
167 http fetch GET 200 https://registry.npmjs.org/esbuild/-/esbuild-0.25.12.tgz 2504ms (cache miss)
168 http fetch GET 200 https://registry.npmjs.org/browserslist/-/browserslist-4.28.1.tgz 2584ms (cache miss)
169 http fetch GET 200 https://registry.npmjs.org/baseline-browser-mapping/-/baseline-browser-mapping-2.9.19.tgz 2708ms (cache miss)
170 http fetch GET 200 https://registry.npmjs.org/chokidar/-/chokidar-3.6.0.tgz 2873ms (cache miss)
171 http fetch GET 200 https://registry.npmjs.org/hono 2597ms (cache miss)
172 silly packumentCache corgi:https://registry.npmjs.org/hono set size:undefined disposed:false
173 http fetch GET 200 https://registry.npmjs.org/picomatch/-/picomatch-4.0.3.tgz 3141ms (cache miss)
174 http fetch GET 200 https://registry.npmjs.org/picomatch/-/picomatch-4.0.3.tgz 3161ms (cache miss)
175 http fetch GET 200 https://registry.npmjs.org/pathe/-/pathe-2.0.3.tgz 3317ms (cache miss)
176 http fetch GET 200 https://registry.npmjs.org/pathe/-/pathe-2.0.3.tgz 3317ms (cache miss)
177 http fetch GET 200 https://registry.npmjs.org/tsconfck/-/tsconfck-3.1.6.tgz 3338ms (cache miss)
178 silly packumentCache corgi:https://registry.npmjs.org/@hono%2fvite-dev-server cache-miss
179 silly packumentCache corgi:https://registry.npmjs.org/react-router-hono-server cache-miss
180 http fetch GET 200 https://registry.npmjs.org/json5/-/json5-2.2.3.tgz 3416ms (cache miss)
181 http fetch GET 200 https://registry.npmjs.org/@babel/parser/-/parser-7.29.0.tgz 3572ms (cache miss)
182 http fetch GET 200 https://registry.npmjs.org/react-router-hono-server/-/react-router-hono-server-2.24.0.tgz 3583ms (cache miss)
183 http fetch GET 200 https://registry.npmjs.org/vite-node/-/vite-node-3.2.4.tgz 3679ms (cache miss)
184 http fetch GET 200 https://registry.npmjs.org/jiti/-/jiti-2.6.1.tgz 3875ms (cache miss)
185 http fetch GET 200 https://registry.npmjs.org/@rollup/rollup-win32-x64-gnu/-/rollup-win32-x64-gnu-4.59.0.tgz 3946ms (cache miss)
186 http fetch GET 200 https://registry.npmjs.org/@rollup/rollup-win32-x64-msvc/-/rollup-win32-x64-msvc-4.59.0.tgz 3992ms (cache miss)
187 http fetch GET 200 https://registry.npmjs.org/react-router-hono-server 577ms (cache miss)
188 silly packumentCache corgi:https://registry.npmjs.org/react-router-hono-server set size:undefined disposed:false
189 http fetch GET 200 https://registry.npmjs.org/jiti/-/jiti-1.21.7.tgz 4140ms (cache miss)
190 http fetch GET 200 https://registry.npmjs.org/@react-router/dev/-/dev-7.13.0.tgz 4246ms (cache miss)
191 http fetch GET 200 https://registry.npmjs.org/@tailwindcss/oxide-win32-x64-msvc/-/oxide-win32-x64-msvc-4.1.18.tgz 4277ms (cache miss)
192 http fetch GET 200 https://registry.npmjs.org/semver/-/semver-7.7.3.tgz 4588ms (cache miss)
193 http fetch GET 200 https://registry.npmjs.org/vite/-/vite-6.4.1.tgz 4716ms (cache miss)
194 http fetch GET 200 https://registry.npmjs.org/rollup/-/rollup-4.59.0.tgz 4744ms (cache miss)
195 http fetch GET 200 https://registry.npmjs.org/tldts/-/tldts-6.1.86.tgz 4786ms (cache miss)
196 http fetch GET 200 https://registry.npmjs.org/@hono%2fvite-dev-server 1556ms (cache miss)
197 silly packumentCache corgi:https://registry.npmjs.org/@hono%2fvite-dev-server set size:undefined disposed:false
198 http fetch GET 200 https://registry.npmjs.org/lightningcss-win32-x64-msvc/-/lightningcss-win32-x64-msvc-1.30.2.tgz 5314ms (cache miss)
199 http fetch GET 200 https://registry.npmjs.org/autoprefixer/-/autoprefixer-10.4.24.tgz 5353ms (cache miss)
200 http fetch GET 200 https://registry.npmjs.org/vitest/-/vitest-3.2.4.tgz 5529ms (cache miss)
201 http fetch GET 200 https://registry.npmjs.org/resolve/-/resolve-1.22.11.tgz 5547ms (cache miss)
202 http fetch GET 200 https://registry.npmjs.org/@esbuild/win32-x64/-/win32-x64-0.25.12.tgz 5636ms (cache miss)
203 http fetch GET 200 https://registry.npmjs.org/prettier/-/prettier-3.8.1.tgz 5726ms (cache miss)
204 http fetch GET 200 https://registry.npmjs.org/sucrase/-/sucrase-3.35.1.tgz 7091ms (cache miss)
205 http fetch GET 200 https://registry.npmjs.org/@napi-rs/canvas-win32-x64-msvc/-/canvas-win32-x64-msvc-0.1.96.tgz 7159ms (cache miss)
206 http fetch GET 200 https://registry.npmjs.org/tailwindcss/-/tailwindcss-3.4.19.tgz 7254ms (cache miss)
207 http fetch GET 200 https://registry.npmjs.org/typescript/-/typescript-5.9.3.tgz 7419ms (cache miss)
208 info run esbuild@0.25.12 postinstall node_modules/esbuild node install.js
209 info run esbuild@0.25.12 postinstall { code: 1, signal: null }
210 warn cleanup Failed to remove some directories [
210 warn cleanup   [
210 warn cleanup     'C:\\Users\\badho\\Downloads\\connect.sohub.com.bd\\connect.sohub.com.bd\\node_modules\\baseline-browser-mapping',
210 warn cleanup     [Error: EPERM: operation not permitted, rmdir 'C:\Users\badho\Downloads\connect.sohub.com.bd\connect.sohub.com.bd\node_modules\baseline-browser-mapping\dist'] {
210 warn cleanup       errno: -4048,
210 warn cleanup       code: 'EPERM',
210 warn cleanup       syscall: 'rmdir',
210 warn cleanup       path: 'C:\\Users\\badho\\Downloads\\connect.sohub.com.bd\\connect.sohub.com.bd\\node_modules\\baseline-browser-mapping\\dist'
210 warn cleanup     }
210 warn cleanup   ],
210 warn cleanup   [
210 warn cleanup     '\\\\?\\C:\\Users\\badho\\Downloads\\connect.sohub.com.bd\\connect.sohub.com.bd\\node_modules\\tailwindcss',
210 warn cleanup     [Error: EPERM: operation not permitted, rmdir 'C:\Users\badho\Downloads\connect.sohub.com.bd\connect.sohub.com.bd\node_modules\tailwindcss\types'] {
210 warn cleanup       errno: -4048,
210 warn cleanup       code: 'EPERM',
210 warn cleanup       syscall: 'rmdir',
210 warn cleanup       path: 'C:\\Users\\badho\\Downloads\\connect.sohub.com.bd\\connect.sohub.com.bd\\node_modules\\tailwindcss\\types'
210 warn cleanup     }
210 warn cleanup   ],
210 warn cleanup   [
210 warn cleanup     '\\\\?\\C:\\Users\\badho\\Downloads\\connect.sohub.com.bd\\connect.sohub.com.bd\\node_modules\\sucrase',
210 warn cleanup     [Error: EPERM: operation not permitted, rmdir 'C:\Users\badho\Downloads\connect.sohub.com.bd\connect.sohub.com.bd\node_modules\sucrase\dist\esm\parser\plugins\jsx'] {
210 warn cleanup       errno: -4048,
210 warn cleanup       code: 'EPERM',
210 warn cleanup       syscall: 'rmdir',
210 warn cleanup       path: 'C:\\Users\\badho\\Downloads\\connect.sohub.com.bd\\connect.sohub.com.bd\\node_modules\\sucrase\\dist\\esm\\parser\\plugins\\jsx'
210 warn cleanup     }
210 warn cleanup   ]
210 warn cleanup ]
211 verbose stack Error: command failed
211 verbose stack     at promiseSpawn (C:\Program Files\nodejs\node_modules\npm\node_modules\@npmcli\promise-spawn\lib\index.js:22:22)
211 verbose stack     at spawnWithShell (C:\Program Files\nodejs\node_modules\npm\node_modules\@npmcli\promise-spawn\lib\index.js:124:10)
211 verbose stack     at promiseSpawn (C:\Program Files\nodejs\node_modules\npm\node_modules\@npmcli\promise-spawn\lib\index.js:12:12)
211 verbose stack     at runScriptPkg (C:\Program Files\nodejs\node_modules\npm\node_modules\@npmcli\run-script\lib\run-script-pkg.js:79:13)
211 verbose stack     at runScript (C:\Program Files\nodejs\node_modules\npm\node_modules\@npmcli\run-script\lib\run-script.js:9:12)
211 verbose stack     at C:\Program Files\nodejs\node_modules\npm\node_modules\@npmcli\arborist\lib\arborist\rebuild.js:327:17
211 verbose stack     at run (C:\Program Files\nodejs\node_modules\npm\node_modules\promise-call-limit\dist\commonjs\index.js:67:22)
211 verbose stack     at C:\Program Files\nodejs\node_modules\npm\node_modules\promise-call-limit\dist\commonjs\index.js:84:9
211 verbose stack     at new Promise (<anonymous>)
211 verbose stack     at callLimit (C:\Program Files\nodejs\node_modules\npm\node_modules\promise-call-limit\dist\commonjs\index.js:35:69)
212 verbose pkgid esbuild@0.25.12
213 error code 1
214 error path C:\Users\badho\Downloads\connect.sohub.com.bd\connect.sohub.com.bd\node_modules\esbuild
215 error command failed
216 error command C:\WINDOWS\system32\cmd.exe /d /s /c node install.js
217 error 'node' is not recognized as an internal or external command,
217 error operable program or batch file.
218 silly unfinished npm timer reify 1773297816482
219 silly unfinished npm timer reify:build 1773297825613
220 silly unfinished npm timer build 1773297825614
221 silly unfinished npm timer build:deps 1773297825615
222 silly unfinished npm timer build:run:postinstall 1773297825762
223 silly unfinished npm timer build:run:postinstall:node_modules/esbuild 1773297825762
224 verbose cwd C:\Users\badho\Downloads\connect.sohub.com.bd\connect.sohub.com.bd
225 verbose os Windows_NT 10.0.26200
226 verbose node v24.14.0
227 verbose npm  v11.9.0
228 verbose exit 1
229 verbose code 1
230 error A complete log of this run can be found in: C:\Users\badho\Downloads\connect.sohub.com.bd\connect.sohub.com.bd\.npm-cache\_logs\2026-03-12T06_43_35_696Z-debug-0.log
